<?xml version="1.0" encoding="UTF-8"?>
<coverage generated="1714546177843" clover="3.2.0">
  <project timestamp="1714546177843" name="All files">
    <metrics statements="2112" coveredstatements="1741" conditionals="649" coveredconditionals="427" methods="402" coveredmethods="300" elements="3163" coveredelements="2468" complexity="0" loc="2112" ncloc="2112" packages="12" files="38" classes="38"/>
    <package name="__tests__">
      <metrics statements="20" coveredstatements="13" conditionals="5" coveredconditionals="1" methods="4" coveredmethods="0"/>
      <file name="util.ts" path="/home/runner/work/fs-zoo/fs-zoo/src/__tests__/util.ts">
        <metrics statements="20" coveredstatements="13" conditionals="5" coveredconditionals="1" methods="4" coveredmethods="0"/>
        <line num="2" count="11" type="stmt"/>
        <line num="3" count="11" type="stmt"/>
        <line num="4" count="11" type="stmt"/>
        <line num="5" count="11" type="cond" truecount="0" falsecount="1"/>
        <line num="6" count="0" type="stmt"/>
        <line num="7" count="0" type="stmt"/>
        <line num="9" count="11" type="stmt"/>
        <line num="10" count="11" type="stmt"/>
        <line num="11" count="0" type="stmt"/>
        <line num="13" count="11" type="stmt"/>
        <line num="14" count="11" type="stmt"/>
        <line num="15" count="0" type="stmt"/>
        <line num="16" count="0" type="cond" truecount="0" falsecount="2"/>
        <line num="17" count="0" type="stmt"/>
        <line num="19" count="0" type="stmt"/>
        <line num="21" count="11" type="stmt"/>
        <line num="22" count="11" type="stmt"/>
        <line num="23" count="11" type="stmt"/>
        <line num="24" count="11" type="stmt"/>
        <line num="29" count="11" type="cond" truecount="1" falsecount="1"/>
      </file>
    </package>
    <package name="crud">
      <metrics statements="8" coveredstatements="8" conditionals="0" coveredconditionals="0" methods="1" coveredmethods="1"/>
      <file name="util.ts" path="/home/runner/work/fs-zoo/fs-zoo/src/crud/util.ts">
        <metrics statements="8" coveredstatements="8" conditionals="0" coveredconditionals="0" methods="1" coveredmethods="1"/>
        <line num="2" count="5" type="stmt"/>
        <line num="3" count="5" type="stmt"/>
        <line num="4" count="5" type="stmt"/>
        <line num="5" count="5" type="stmt"/>
        <line num="6" count="701" type="stmt"/>
        <line num="7" count="701" type="stmt"/>
        <line num="8" count="893" type="stmt"/>
        <line num="10" count="5" type="stmt"/>
      </file>
    </package>
    <package name="crud-to-cas">
      <metrics statements="55" coveredstatements="54" conditionals="12" coveredconditionals="10" methods="12" coveredmethods="12"/>
      <file name="CrudCas.ts" path="/home/runner/work/fs-zoo/fs-zoo/src/crud-to-cas/CrudCas.ts">
        <metrics statements="9" coveredstatements="9" conditionals="0" coveredconditionals="0" methods="2" coveredmethods="2"/>
        <line num="2" count="1" type="stmt"/>
        <line num="3" count="1" type="stmt"/>
        <line num="4" count="1" type="stmt"/>
        <line num="5" count="1" type="stmt"/>
        <line num="6" count="6" type="stmt"/>
        <line num="9" count="30" type="stmt"/>
        <line num="10" count="30" type="stmt"/>
        <line num="11" count="30" type="stmt"/>
        <line num="14" count="1" type="stmt"/>
      </file>
      <file name="CrudCasBase.ts" path="/home/runner/work/fs-zoo/fs-zoo/src/crud-to-cas/CrudCasBase.ts">
        <metrics statements="36" coveredstatements="36" conditionals="10" coveredconditionals="9" methods="9" coveredmethods="9"/>
        <line num="2" count="2" type="stmt"/>
        <line num="3" count="2" type="stmt"/>
        <line num="4" count="2" type="stmt"/>
        <line num="5" count="38" type="stmt"/>
        <line num="6" count="38" type="stmt"/>
        <line num="9" count="16" type="cond" truecount="3" falsecount="1"/>
        <line num="10" count="16" type="cond" truecount="2" falsecount="0"/>
        <line num="13" count="13" type="stmt"/>
        <line num="16" count="3" type="stmt"/>
        <line num="21" count="32" type="stmt"/>
        <line num="22" count="32" type="stmt"/>
        <line num="23" count="32" type="stmt"/>
        <line num="24" count="32" type="stmt"/>
        <line num="25" count="32" type="stmt"/>
        <line num="26" count="32" type="stmt"/>
        <line num="27" count="32" type="stmt"/>
        <line num="28" count="32" type="stmt"/>
        <line num="29" count="32" type="stmt"/>
        <line num="31" count="32" type="stmt"/>
        <line num="32" count="14" type="stmt"/>
        <line num="33" count="14" type="stmt"/>
        <line num="34" count="14" type="stmt"/>
        <line num="35" count="11" type="cond" truecount="2" falsecount="0"/>
        <line num="36" count="8" type="stmt"/>
        <line num="37" count="8" type="cond" truecount="2" falsecount="0"/>
        <line num="38" count="3" type="stmt"/>
        <line num="40" count="8" type="stmt"/>
        <line num="43" count="32" type="stmt"/>
        <line num="44" count="10" type="stmt"/>
        <line num="45" count="10" type="stmt"/>
        <line num="46" count="10" type="stmt"/>
        <line num="49" count="32" type="stmt"/>
        <line num="50" count="14" type="stmt"/>
        <line num="51" count="14" type="stmt"/>
        <line num="52" count="14" type="stmt"/>
        <line num="57" count="2" type="stmt"/>
      </file>
      <file name="util.ts" path="/home/runner/work/fs-zoo/fs-zoo/src/crud-to-cas/util.ts">
        <metrics statements="10" coveredstatements="9" conditionals="2" coveredconditionals="1" methods="1" coveredmethods="1"/>
        <line num="2" count="2" type="stmt"/>
        <line num="3" count="2" type="stmt"/>
        <line num="4" count="2" type="stmt"/>
        <line num="5" count="74" type="cond" truecount="1" falsecount="1"/>
        <line num="6" count="0" type="stmt"/>
        <line num="7" count="74" type="stmt"/>
        <line num="8" count="74" type="stmt"/>
        <line num="9" count="74" type="stmt"/>
        <line num="10" count="74" type="stmt"/>
        <line num="12" count="2" type="stmt"/>
      </file>
    </package>
    <package name="crud-to-cas.__tests__">
      <metrics statements="89" coveredstatements="89" conditionals="0" coveredconditionals="0" methods="17" coveredmethods="17"/>
      <file name="testCasfs.ts" path="/home/runner/work/fs-zoo/fs-zoo/src/crud-to-cas/__tests__/testCasfs.ts">
        <metrics statements="89" coveredstatements="89" conditionals="0" coveredconditionals="0" methods="17" coveredmethods="17"/>
        <line num="2" count="1" type="stmt"/>
        <line num="3" count="1" type="stmt"/>
        <line num="4" count="1" type="stmt"/>
        <line num="5" count="1" type="stmt"/>
        <line num="6" count="1" type="stmt"/>
        <line num="7" count="1" type="stmt"/>
        <line num="8" count="36" type="stmt"/>
        <line num="9" count="36" type="stmt"/>
        <line num="10" count="36" type="stmt"/>
        <line num="12" count="1" type="stmt"/>
        <line num="13" count="1" type="stmt"/>
        <line num="14" count="39" type="stmt"/>
        <line num="15" count="39" type="stmt"/>
        <line num="17" count="1" type="stmt"/>
        <line num="18" count="3" type="stmt"/>
        <line num="19" count="3" type="stmt"/>
        <line num="20" count="3" type="stmt"/>
        <line num="21" count="3" type="stmt"/>
        <line num="22" count="3" type="stmt"/>
        <line num="23" count="3" type="stmt"/>
        <line num="24" count="3" type="stmt"/>
        <line num="27" count="3" type="stmt"/>
        <line num="28" count="3" type="stmt"/>
        <line num="29" count="3" type="stmt"/>
        <line num="30" count="3" type="stmt"/>
        <line num="31" count="3" type="stmt"/>
        <line num="32" count="3" type="stmt"/>
        <line num="33" count="3" type="stmt"/>
        <line num="35" count="3" type="stmt"/>
        <line num="36" count="3" type="stmt"/>
        <line num="37" count="3" type="stmt"/>
        <line num="38" count="3" type="stmt"/>
        <line num="39" count="3" type="stmt"/>
        <line num="40" count="3" type="stmt"/>
        <line num="41" count="3" type="stmt"/>
        <line num="43" count="3" type="stmt"/>
        <line num="44" count="3" type="stmt"/>
        <line num="45" count="3" type="stmt"/>
        <line num="46" count="3" type="stmt"/>
        <line num="47" count="3" type="stmt"/>
        <line num="48" count="3" type="stmt"/>
        <line num="49" count="3" type="stmt"/>
        <line num="50" count="3" type="stmt"/>
        <line num="51" count="3" type="stmt"/>
        <line num="53" count="3" type="stmt"/>
        <line num="54" count="3" type="stmt"/>
        <line num="55" count="3" type="stmt"/>
        <line num="56" count="3" type="stmt"/>
        <line num="57" count="3" type="stmt"/>
        <line num="58" count="3" type="stmt"/>
        <line num="59" count="3" type="stmt"/>
        <line num="60" count="3" type="stmt"/>
        <line num="63" count="3" type="stmt"/>
        <line num="64" count="3" type="stmt"/>
        <line num="65" count="3" type="stmt"/>
        <line num="66" count="3" type="stmt"/>
        <line num="67" count="3" type="stmt"/>
        <line num="68" count="3" type="stmt"/>
        <line num="69" count="3" type="stmt"/>
        <line num="71" count="3" type="stmt"/>
        <line num="72" count="3" type="stmt"/>
        <line num="73" count="3" type="stmt"/>
        <line num="74" count="3" type="stmt"/>
        <line num="75" count="3" type="stmt"/>
        <line num="76" count="3" type="stmt"/>
        <line num="77" count="3" type="stmt"/>
        <line num="80" count="3" type="stmt"/>
        <line num="81" count="3" type="stmt"/>
        <line num="82" count="3" type="stmt"/>
        <line num="83" count="3" type="stmt"/>
        <line num="84" count="3" type="stmt"/>
        <line num="85" count="3" type="stmt"/>
        <line num="86" count="3" type="stmt"/>
        <line num="87" count="3" type="stmt"/>
        <line num="88" count="3" type="stmt"/>
        <line num="89" count="3" type="stmt"/>
        <line num="91" count="3" type="stmt"/>
        <line num="92" count="3" type="stmt"/>
        <line num="93" count="3" type="stmt"/>
        <line num="94" count="3" type="stmt"/>
        <line num="95" count="3" type="stmt"/>
        <line num="96" count="3" type="stmt"/>
        <line num="97" count="3" type="stmt"/>
        <line num="99" count="3" type="stmt"/>
        <line num="100" count="3" type="stmt"/>
        <line num="101" count="3" type="stmt"/>
        <line num="102" count="3" type="stmt"/>
        <line num="103" count="3" type="stmt"/>
        <line num="107" count="1" type="stmt"/>
      </file>
    </package>
    <package name="crud.__tests__">
      <metrics statements="239" coveredstatements="238" conditionals="0" coveredconditionals="0" methods="53" coveredmethods="53"/>
      <file name="testCrudfs.ts" path="/home/runner/work/fs-zoo/fs-zoo/src/crud/__tests__/testCrudfs.ts">
        <metrics statements="239" coveredstatements="238" conditionals="0" coveredconditionals="0" methods="53" coveredmethods="53"/>
        <line num="2" count="3" type="stmt"/>
        <line num="3" count="3" type="stmt"/>
        <line num="4" count="3" type="stmt"/>
        <line num="5" count="3" type="stmt"/>
        <line num="6" count="344" type="stmt"/>
        <line num="7" count="344" type="stmt"/>
        <line num="9" count="3" type="stmt"/>
        <line num="10" count="8" type="stmt"/>
        <line num="11" count="8" type="stmt"/>
        <line num="12" count="8" type="stmt"/>
        <line num="13" count="8" type="stmt"/>
        <line num="14" count="8" type="stmt"/>
        <line num="15" count="8" type="stmt"/>
        <line num="17" count="8" type="stmt"/>
        <line num="18" count="8" type="stmt"/>
        <line num="19" count="8" type="stmt"/>
        <line num="20" count="8" type="stmt"/>
        <line num="21" count="8" type="stmt"/>
        <line num="23" count="8" type="stmt"/>
        <line num="24" count="8" type="stmt"/>
        <line num="25" count="8" type="stmt"/>
        <line num="26" count="8" type="stmt"/>
        <line num="30" count="8" type="stmt"/>
        <line num="31" count="8" type="stmt"/>
        <line num="32" count="8" type="stmt"/>
        <line num="33" count="8" type="stmt"/>
        <line num="37" count="8" type="stmt"/>
        <line num="38" count="8" type="stmt"/>
        <line num="39" count="8" type="stmt"/>
        <line num="40" count="8" type="stmt"/>
        <line num="41" count="8" type="stmt"/>
        <line num="45" count="8" type="stmt"/>
        <line num="46" count="8" type="stmt"/>
        <line num="47" count="8" type="stmt"/>
        <line num="48" count="8" type="stmt"/>
        <line num="49" count="8" type="stmt"/>
        <line num="50" count="8" type="stmt"/>
        <line num="52" count="8" type="stmt"/>
        <line num="53" count="8" type="stmt"/>
        <line num="54" count="8" type="stmt"/>
        <line num="55" count="8" type="stmt"/>
        <line num="56" count="8" type="stmt"/>
        <line num="57" count="8" type="stmt"/>
        <line num="58" count="8" type="stmt"/>
        <line num="59" count="8" type="stmt"/>
        <line num="64" count="8" type="stmt"/>
        <line num="65" count="8" type="stmt"/>
        <line num="66" count="8" type="stmt"/>
        <line num="67" count="8" type="stmt"/>
        <line num="68" count="8" type="stmt"/>
        <line num="69" count="8" type="stmt"/>
        <line num="71" count="8" type="stmt"/>
        <line num="72" count="8" type="stmt"/>
        <line num="73" count="8" type="stmt"/>
        <line num="74" count="8" type="stmt"/>
        <line num="75" count="8" type="stmt"/>
        <line num="77" count="8" type="stmt"/>
        <line num="78" count="8" type="stmt"/>
        <line num="79" count="8" type="stmt"/>
        <line num="80" count="8" type="stmt"/>
        <line num="81" count="8" type="stmt"/>
        <line num="83" count="8" type="stmt"/>
        <line num="84" count="8" type="stmt"/>
        <line num="85" count="8" type="stmt"/>
        <line num="86" count="8" type="stmt"/>
        <line num="87" count="8" type="stmt"/>
        <line num="88" count="8" type="stmt"/>
        <line num="90" count="8" type="stmt"/>
        <line num="91" count="8" type="stmt"/>
        <line num="92" count="8" type="stmt"/>
        <line num="93" count="8" type="stmt"/>
        <line num="94" count="8" type="stmt"/>
        <line num="97" count="8" type="stmt"/>
        <line num="98" count="8" type="stmt"/>
        <line num="99" count="8" type="stmt"/>
        <line num="100" count="8" type="stmt"/>
        <line num="101" count="8" type="stmt"/>
        <line num="102" count="8" type="stmt"/>
        <line num="104" count="8" type="stmt"/>
        <line num="105" count="8" type="stmt"/>
        <line num="106" count="8" type="stmt"/>
        <line num="107" count="8" type="stmt"/>
        <line num="108" count="8" type="stmt"/>
        <line num="110" count="8" type="stmt"/>
        <line num="111" count="8" type="stmt"/>
        <line num="112" count="8" type="stmt"/>
        <line num="113" count="8" type="stmt"/>
        <line num="114" count="8" type="stmt"/>
        <line num="115" count="8" type="stmt"/>
        <line num="117" count="8" type="stmt"/>
        <line num="118" count="8" type="stmt"/>
        <line num="119" count="8" type="stmt"/>
        <line num="122" count="8" type="stmt"/>
        <line num="123" count="8" type="stmt"/>
        <line num="124" count="8" type="stmt"/>
        <line num="125" count="8" type="stmt"/>
        <line num="126" count="8" type="stmt"/>
        <line num="127" count="8" type="stmt"/>
        <line num="128" count="8" type="stmt"/>
        <line num="130" count="8" type="stmt"/>
        <line num="131" count="8" type="stmt"/>
        <line num="132" count="8" type="stmt"/>
        <line num="133" count="8" type="stmt"/>
        <line num="136" count="8" type="stmt"/>
        <line num="137" count="8" type="stmt"/>
        <line num="138" count="8" type="stmt"/>
        <line num="139" count="8" type="stmt"/>
        <line num="140" count="8" type="stmt"/>
        <line num="141" count="8" type="stmt"/>
        <line num="142" count="8" type="stmt"/>
        <line num="143" count="8" type="stmt"/>
        <line num="146" count="8" type="stmt"/>
        <line num="147" count="8" type="stmt"/>
        <line num="148" count="8" type="stmt"/>
        <line num="149" count="8" type="stmt"/>
        <line num="150" count="8" type="stmt"/>
        <line num="151" count="8" type="stmt"/>
        <line num="153" count="8" type="stmt"/>
        <line num="154" count="8" type="stmt"/>
        <line num="155" count="8" type="stmt"/>
        <line num="156" count="8" type="stmt"/>
        <line num="157" count="8" type="stmt"/>
        <line num="159" count="8" type="stmt"/>
        <line num="160" count="8" type="stmt"/>
        <line num="161" count="8" type="stmt"/>
        <line num="162" count="8" type="stmt"/>
        <line num="163" count="8" type="stmt"/>
        <line num="170" count="8" type="stmt"/>
        <line num="171" count="8" type="stmt"/>
        <line num="172" count="8" type="stmt"/>
        <line num="173" count="8" type="stmt"/>
        <line num="174" count="8" type="stmt"/>
        <line num="178" count="8" type="stmt"/>
        <line num="179" count="8" type="stmt"/>
        <line num="180" count="8" type="stmt"/>
        <line num="181" count="8" type="stmt"/>
        <line num="182" count="8" type="stmt"/>
        <line num="183" count="8" type="stmt"/>
        <line num="185" count="8" type="stmt"/>
        <line num="186" count="8" type="stmt"/>
        <line num="187" count="8" type="stmt"/>
        <line num="188" count="8" type="stmt"/>
        <line num="189" count="8" type="stmt"/>
        <line num="190" count="8" type="stmt"/>
        <line num="193" count="8" type="stmt"/>
        <line num="194" count="8" type="stmt"/>
        <line num="195" count="8" type="stmt"/>
        <line num="196" count="8" type="stmt"/>
        <line num="197" count="8" type="stmt"/>
        <line num="198" count="8" type="stmt"/>
        <line num="200" count="8" type="stmt"/>
        <line num="201" count="8" type="stmt"/>
        <line num="202" count="8" type="stmt"/>
        <line num="203" count="8" type="stmt"/>
        <line num="204" count="8" type="stmt"/>
        <line num="205" count="8" type="stmt"/>
        <line num="206" count="8" type="stmt"/>
        <line num="207" count="8" type="stmt"/>
        <line num="208" count="8" type="stmt"/>
        <line num="209" count="8" type="stmt"/>
        <line num="210" count="8" type="stmt"/>
        <line num="212" count="8" type="stmt"/>
        <line num="213" count="8" type="stmt"/>
        <line num="214" count="8" type="stmt"/>
        <line num="215" count="8" type="stmt"/>
        <line num="216" count="8" type="stmt"/>
        <line num="217" count="8" type="stmt"/>
        <line num="218" count="8" type="stmt"/>
        <line num="219" count="8" type="stmt"/>
        <line num="221" count="8" type="stmt"/>
        <line num="222" count="8" type="stmt"/>
        <line num="223" count="8" type="stmt"/>
        <line num="224" count="8" type="stmt"/>
        <line num="225" count="8" type="stmt"/>
        <line num="226" count="8" type="stmt"/>
        <line num="228" count="8" type="stmt"/>
        <line num="229" count="8" type="stmt"/>
        <line num="230" count="8" type="stmt"/>
        <line num="231" count="8" type="stmt"/>
        <line num="232" count="8" type="stmt"/>
        <line num="233" count="8" type="stmt"/>
        <line num="234" count="8" type="stmt"/>
        <line num="235" count="8" type="stmt"/>
        <line num="236" count="8" type="stmt"/>
        <line num="239" count="8" type="stmt"/>
        <line num="240" count="8" type="stmt"/>
        <line num="241" count="8" type="stmt"/>
        <line num="242" count="8" type="stmt"/>
        <line num="243" count="8" type="stmt"/>
        <line num="244" count="8" type="stmt"/>
        <line num="245" count="0" type="stmt"/>
        <line num="248" count="8" type="stmt"/>
        <line num="249" count="8" type="stmt"/>
        <line num="252" count="8" type="stmt"/>
        <line num="253" count="8" type="stmt"/>
        <line num="254" count="8" type="stmt"/>
        <line num="255" count="8" type="stmt"/>
        <line num="256" count="8" type="stmt"/>
        <line num="257" count="8" type="stmt"/>
        <line num="258" count="8" type="stmt"/>
        <line num="259" count="24" type="stmt"/>
        <line num="260" count="8" type="stmt"/>
        <line num="261" count="8" type="stmt"/>
        <line num="265" count="24" type="stmt"/>
        <line num="269" count="16" type="stmt"/>
        <line num="274" count="8" type="stmt"/>
        <line num="275" count="8" type="stmt"/>
        <line num="276" count="8" type="stmt"/>
        <line num="277" count="8" type="stmt"/>
        <line num="278" count="8" type="stmt"/>
        <line num="279" count="8" type="stmt"/>
        <line num="280" count="8" type="stmt"/>
        <line num="281" count="8" type="stmt"/>
        <line num="282" count="8" type="stmt"/>
        <line num="285" count="8" type="stmt"/>
        <line num="286" count="8" type="stmt"/>
        <line num="287" count="8" type="stmt"/>
        <line num="288" count="8" type="stmt"/>
        <line num="289" count="8" type="stmt"/>
        <line num="290" count="8" type="stmt"/>
        <line num="292" count="8" type="stmt"/>
        <line num="293" count="8" type="stmt"/>
        <line num="294" count="8" type="stmt"/>
        <line num="295" count="8" type="stmt"/>
        <line num="296" count="8" type="stmt"/>
        <line num="297" count="8" type="stmt"/>
        <line num="298" count="8" type="stmt"/>
        <line num="299" count="8" type="stmt"/>
        <line num="303" count="24" type="stmt"/>
        <line num="307" count="16" type="stmt"/>
        <line num="312" count="8" type="stmt"/>
        <line num="313" count="8" type="stmt"/>
        <line num="314" count="8" type="stmt"/>
        <line num="315" count="8" type="stmt"/>
        <line num="316" count="8" type="stmt"/>
        <line num="317" count="8" type="stmt"/>
        <line num="318" count="8" type="stmt"/>
        <line num="319" count="8" type="stmt"/>
        <line num="323" count="3" type="stmt"/>
      </file>
    </package>
    <package name="fsa-to-crud">
      <metrics statements="113" coveredstatements="107" conditionals="23" coveredconditionals="19" methods="16" coveredmethods="15"/>
      <file name="FsaCrud.ts" path="/home/runner/work/fs-zoo/fs-zoo/src/fsa-to-crud/FsaCrud.ts">
        <metrics statements="99" coveredstatements="93" conditionals="23" coveredconditionals="19" methods="11" coveredmethods="10"/>
        <line num="2" count="4" type="stmt"/>
        <line num="3" count="4" type="stmt"/>
        <line num="4" count="4" type="stmt"/>
        <line num="5" count="4" type="stmt"/>
        <line num="6" count="4" type="stmt"/>
        <line num="9" count="156" type="stmt"/>
        <line num="10" count="156" type="stmt"/>
        <line num="11" count="190" type="stmt"/>
        <line num="12" count="186" type="stmt"/>
        <line num="13" count="182" type="stmt"/>
        <line num="15" count="182" type="cond" truecount="3" falsecount="0"/>
        <line num="17" count="8" type="stmt"/>
        <line num="18" count="8" type="stmt"/>
        <line num="19" count="4" type="stmt"/>
        <line num="22" count="8" type="cond" truecount="2" falsecount="0"/>
        <line num="23" count="4" type="stmt"/>
        <line num="24" count="4" type="stmt"/>
        <line num="26" count="4" type="stmt"/>
        <line num="29" count="8" type="stmt"/>
        <line num="30" count="8" type="stmt"/>
        <line num="33" count="4" type="cond" truecount="1" falsecount="1"/>
        <line num="34" count="4" type="stmt"/>
        <line num="35" count="0" type="stmt"/>
        <line num="37" count="4" type="stmt"/>
        <line num="40" count="166" type="stmt"/>
        <line num="43" count="174" type="stmt"/>
        <line num="44" count="174" type="stmt"/>
        <line num="45" count="174" type="stmt"/>
        <line num="47" count="156" type="stmt"/>
        <line num="48" count="35" type="stmt"/>
        <line num="49" count="31" type="stmt"/>
        <line num="50" count="27" type="stmt"/>
        <line num="51" count="14" type="stmt"/>
        <line num="52" count="14" type="stmt"/>
        <line num="53" count="14" type="stmt"/>
        <line num="55" count="156" type="stmt"/>
        <line num="56" count="32" type="stmt"/>
        <line num="57" count="28" type="stmt"/>
        <line num="58" count="24" type="stmt"/>
        <line num="59" count="24" type="stmt"/>
        <line num="60" count="6" type="stmt"/>
        <line num="63" count="18" type="cond" truecount="2" falsecount="0"/>
        <line num="64" count="9" type="stmt"/>
        <line num="67" count="156" type="stmt"/>
        <line num="68" count="42" type="stmt"/>
        <line num="69" count="38" type="cond" truecount="2" falsecount="0"/>
        <line num="70" count="22" type="stmt"/>
        <line num="71" count="18" type="stmt"/>
        <line num="72" count="7" type="stmt"/>
        <line num="73" count="7" type="stmt"/>
        <line num="81" count="16" type="stmt"/>
        <line num="82" count="12" type="stmt"/>
        <line num="88" count="156" type="stmt"/>
        <line num="89" count="20" type="stmt"/>
        <line num="90" count="16" type="stmt"/>
        <line num="91" count="16" type="stmt"/>
        <line num="92" count="8" type="cond" truecount="2" falsecount="0"/>
        <line num="93" count="4" type="stmt"/>
        <line num="96" count="4" type="stmt"/>
        <line num="97" count="4" type="stmt"/>
        <line num="98" count="12" type="stmt"/>
        <line num="102" count="8" type="cond" truecount="2" falsecount="0"/>
        <line num="103" count="4" type="stmt"/>
        <line num="106" count="156" type="stmt"/>
        <line num="107" count="24" type="stmt"/>
        <line num="108" count="16" type="stmt"/>
        <line num="109" count="8" type="stmt"/>
        <line num="110" count="24" type="cond" truecount="2" falsecount="0"/>
        <line num="111" count="16" type="stmt"/>
        <line num="116" count="8" type="cond" truecount="1" falsecount="1"/>
        <line num="117" count="8" type="stmt"/>
        <line num="124" count="156" type="stmt"/>
        <line num="125" count="12" type="stmt"/>
        <line num="126" count="12" type="stmt"/>
        <line num="127" count="12" type="stmt"/>
        <line num="128" count="4" type="stmt"/>
        <line num="130" count="156" type="stmt"/>
        <line num="131" count="0" type="stmt"/>
        <line num="132" count="0" type="stmt"/>
        <line num="133" count="0" type="stmt"/>
        <line num="137" count="299" type="stmt"/>
        <line num="138" count="299" type="stmt"/>
        <line num="139" count="299" type="stmt"/>
        <line num="140" count="299" type="stmt"/>
        <line num="141" count="385" type="stmt"/>
        <line num="142" count="345" type="stmt"/>
        <line num="143" count="345" type="stmt"/>
        <line num="145" count="259" type="stmt"/>
        <line num="148" count="40" type="cond" truecount="1" falsecount="1"/>
        <line num="149" count="40" type="stmt"/>
        <line num="150" count="0" type="stmt"/>
        <line num="154" count="69" type="stmt"/>
        <line num="155" count="49" type="stmt"/>
        <line num="156" count="49" type="stmt"/>
        <line num="157" count="27" type="stmt"/>
        <line num="160" count="22" type="cond" truecount="1" falsecount="1"/>
        <line num="161" count="22" type="stmt"/>
        <line num="162" count="0" type="stmt"/>
        <line num="166" count="4" type="stmt"/>
      </file>
      <file name="index.ts" path="/home/runner/work/fs-zoo/fs-zoo/src/fsa-to-crud/index.ts">
        <metrics statements="4" coveredstatements="4" conditionals="0" coveredconditionals="0" methods="1" coveredmethods="1"/>
        <line num="2" count="1" type="stmt"/>
        <line num="3" count="1" type="stmt"/>
        <line num="4" count="1" type="stmt"/>
        <line num="5" count="108" type="stmt"/>
      </file>
      <file name="util.ts" path="/home/runner/work/fs-zoo/fs-zoo/src/fsa-to-crud/util.ts">
        <metrics statements="10" coveredstatements="10" conditionals="0" coveredconditionals="0" methods="4" coveredmethods="4"/>
        <line num="2" count="5" type="stmt"/>
        <line num="3" count="5" type="stmt"/>
        <line num="4" count="40" type="stmt"/>
        <line num="5" count="5" type="stmt"/>
        <line num="6" count="84" type="stmt"/>
        <line num="7" count="5" type="stmt"/>
        <line num="8" count="8" type="stmt"/>
        <line num="9" count="5" type="stmt"/>
        <line num="10" count="8" type="stmt"/>
        <line num="11" count="5" type="stmt"/>
      </file>
    </package>
    <package name="fsa-to-node">
      <metrics statements="940" coveredstatements="715" conditionals="316" coveredconditionals="199" methods="220" coveredmethods="139"/>
      <file name="FsaNodeCore.ts" path="/home/runner/work/fs-zoo/fs-zoo/src/fsa-to-node/FsaNodeCore.ts">
        <metrics statements="107" coveredstatements="80" conditionals="60" coveredconditionals="36" methods="16" coveredmethods="12"/>
        <line num="2" count="2" type="stmt"/>
        <line num="3" count="2" type="stmt"/>
        <line num="4" count="2" type="stmt"/>
        <line num="5" count="2" type="stmt"/>
        <line num="6" count="2" type="stmt"/>
        <line num="7" count="2" type="stmt"/>
        <line num="8" count="2" type="stmt"/>
        <line num="11" count="299" type="stmt"/>
        <line num="12" count="299" type="stmt"/>
        <line num="13" count="299" type="stmt"/>
        <line num="18" count="299" type="stmt"/>
        <line num="19" count="299" type="cond" truecount="1" falsecount="1"/>
        <line num="20" count="0" type="stmt"/>
        <line num="22" count="0" type="stmt"/>
        <line num="28" count="0" type="stmt"/>
        <line num="29" count="0" type="cond" truecount="0" falsecount="2"/>
        <line num="30" count="0" type="stmt"/>
        <line num="31" count="0" type="stmt"/>
        <line num="34" count="611" type="stmt"/>
        <line num="35" count="611" type="cond" truecount="2" falsecount="0"/>
        <line num="42" count="3564" type="stmt"/>
        <line num="43" count="3564" type="stmt"/>
        <line num="44" count="3564" type="stmt"/>
        <line num="45" count="3564" type="stmt"/>
        <line num="46" count="3247" type="stmt"/>
        <line num="50" count="6" type="cond" truecount="3" falsecount="1"/>
        <line num="51" count="6" type="cond" truecount="2" falsecount="0"/>
        <line num="53" count="2" type="stmt"/>
        <line num="55" count="4" type="stmt"/>
        <line num="58" count="0" type="stmt"/>
        <line num="60" count="3558" type="stmt"/>
        <line num="63" count="1181" type="stmt"/>
        <line num="64" count="1181" type="stmt"/>
        <line num="65" count="934" type="stmt"/>
        <line num="68" count="1532" type="stmt"/>
        <line num="69" count="1530" type="cond" truecount="2" falsecount="0"/>
        <line num="70" count="6" type="stmt"/>
        <line num="71" count="1524" type="stmt"/>
        <line num="72" count="1524" type="stmt"/>
        <line num="73" count="234" type="stmt"/>
        <line num="76" count="1290" type="cond" truecount="3" falsecount="1"/>
        <line num="77" count="1290" type="cond" truecount="2" falsecount="0"/>
        <line num="79" count="746" type="stmt"/>
        <line num="80" count="746" type="stmt"/>
        <line num="83" count="0" type="cond" truecount="0" falsecount="4"/>
        <line num="84" count="0" type="cond" truecount="0" falsecount="2"/>
        <line num="86" count="0" type="stmt"/>
        <line num="88" count="0" type="stmt"/>
        <line num="93" count="544" type="stmt"/>
        <line num="96" count="0" type="stmt"/>
        <line num="100" count="859" type="cond" truecount="1" falsecount="1"/>
        <line num="101" count="0" type="stmt"/>
        <line num="102" count="859" type="stmt"/>
        <line num="103" count="859" type="cond" truecount="2" falsecount="0"/>
        <line num="104" count="4" type="stmt"/>
        <line num="105" count="855" type="stmt"/>
        <line num="108" count="263" type="stmt"/>
        <line num="111" count="345" type="cond" truecount="1" falsecount="1"/>
        <line num="112" count="345" type="stmt"/>
        <line num="113" count="0" type="stmt"/>
        <line num="114" count="0" type="stmt"/>
        <line num="115" count="0" type="stmt"/>
        <line num="118" count="5" type="cond" truecount="1" falsecount="1"/>
        <line num="119" count="0" type="stmt"/>
        <line num="120" count="5" type="stmt"/>
        <line num="121" count="5" type="stmt"/>
        <line num="122" count="5" type="stmt"/>
        <line num="123" count="5" type="stmt"/>
        <line num="126" count="661" type="stmt"/>
        <line num="127" count="661" type="stmt"/>
        <line num="128" count="661" type="cond" truecount="2" falsecount="0"/>
        <line num="129" count="283" type="stmt"/>
        <line num="130" count="283" type="stmt"/>
        <line num="131" count="43" type="stmt"/>
        <line num="134" count="283" type="cond" truecount="4" falsecount="0"/>
        <line num="135" count="283" type="cond" truecount="2" falsecount="0"/>
        <line num="136" count="43" type="cond" truecount="3" falsecount="1"/>
        <line num="137" count="43" type="cond" truecount="0" falsecount="2"/>
        <line num="139" count="0" type="stmt"/>
        <line num="141" count="0" type="stmt"/>
        <line num="144" count="43" type="stmt"/>
        <line num="148" count="618" type="stmt"/>
        <line num="149" count="618" type="stmt"/>
        <line num="150" count="618" type="stmt"/>
        <line num="151" count="611" type="stmt"/>
        <line num="154" count="7" type="cond" truecount="3" falsecount="1"/>
        <line num="155" count="7" type="cond" truecount="1" falsecount="1"/>
        <line num="157" count="0" type="stmt"/>
        <line num="159" count="7" type="stmt"/>
        <line num="162" count="0" type="stmt"/>
        <line num="166" count="611" type="stmt"/>
        <line num="167" count="611" type="stmt"/>
        <line num="168" count="611" type="stmt"/>
        <line num="169" count="611" type="stmt"/>
        <line num="172" count="257" type="stmt"/>
        <line num="173" count="256" type="stmt"/>
        <line num="174" count="256" type="stmt"/>
        <line num="175" count="256" type="cond" truecount="1" falsecount="1"/>
        <line num="176" count="256" type="stmt"/>
        <line num="179" count="0" type="cond" truecount="0" falsecount="2"/>
        <line num="180" count="0" type="stmt"/>
        <line num="181" count="0" type="cond" truecount="0" falsecount="2"/>
        <line num="182" count="0" type="stmt"/>
        <line num="183" count="0" type="stmt"/>
        <line num="185" count="0" type="stmt"/>
        <line num="188" count="2" type="stmt"/>
        <line num="189" count="2" type="stmt"/>
      </file>
      <file name="FsaNodeDirent.ts" path="/home/runner/work/fs-zoo/fs-zoo/src/fsa-to-node/FsaNodeDirent.ts">
        <metrics statements="12" coveredstatements="7" conditionals="0" coveredconditionals="0" methods="8" coveredmethods="3"/>
        <line num="2" count="2" type="stmt"/>
        <line num="3" count="2" type="stmt"/>
        <line num="6" count="39" type="stmt"/>
        <line num="7" count="39" type="stmt"/>
        <line num="10" count="31" type="stmt"/>
        <line num="13" count="29" type="stmt"/>
        <line num="16" count="0" type="stmt"/>
        <line num="19" count="0" type="stmt"/>
        <line num="22" count="0" type="stmt"/>
        <line num="25" count="0" type="stmt"/>
        <line num="28" count="0" type="stmt"/>
        <line num="31" count="2" type="stmt"/>
      </file>
      <file name="FsaNodeFs.ts" path="/home/runner/work/fs-zoo/fs-zoo/src/fsa-to-node/FsaNodeFs.ts">
        <metrics statements="599" coveredstatements="438" conditionals="182" coveredconditionals="117" methods="144" coveredmethods="91"/>
        <line num="2" count="2" type="stmt"/>
        <line num="3" count="2" type="stmt"/>
        <line num="4" count="2" type="stmt"/>
        <line num="5" count="2" type="stmt"/>
        <line num="6" count="2" type="stmt"/>
        <line num="7" count="2" type="stmt"/>
        <line num="8" count="2" type="stmt"/>
        <line num="9" count="2" type="stmt"/>
        <line num="10" count="2" type="stmt"/>
        <line num="11" count="2" type="stmt"/>
        <line num="12" count="2" type="stmt"/>
        <line num="13" count="2" type="stmt"/>
        <line num="14" count="2" type="stmt"/>
        <line num="15" count="2" type="stmt"/>
        <line num="16" count="2" type="stmt"/>
        <line num="17" count="2" type="stmt"/>
        <line num="18" count="2" type="stmt"/>
        <line num="19" count="2" type="stmt"/>
        <line num="20" count="0" type="stmt"/>
        <line num="22" count="2" type="stmt"/>
        <line num="23" count="0" type="stmt"/>
        <line num="25" count="2" type="stmt"/>
        <line num="33" count="299" type="stmt"/>
        <line num="34" count="299" type="stmt"/>
        <line num="36" count="299" type="stmt"/>
        <line num="37" count="293" type="stmt"/>
        <line num="38" count="293" type="stmt"/>
        <line num="39" count="293" type="cond" truecount="2" falsecount="0"/>
        <line num="40" count="6" type="stmt"/>
        <line num="41" count="6" type="stmt"/>
        <line num="43" count="293" type="cond" truecount="2" falsecount="0"/>
        <line num="44" count="293" type="stmt"/>
        <line num="45" count="293" type="stmt"/>
        <line num="46" count="293" type="stmt"/>
        <line num="47" count="293" type="stmt"/>
        <line num="49" count="299" type="stmt"/>
        <line num="50" count="254" type="stmt"/>
        <line num="51" count="254" type="stmt"/>
        <line num="53" count="299" type="stmt"/>
        <line num="54" count="2" type="stmt"/>
        <line num="56" count="2" type="cond" truecount="1" falsecount="1"/>
        <line num="57" count="0" type="stmt"/>
        <line num="58" count="0" type="cond" truecount="0" falsecount="2"/>
        <line num="59" count="0" type="stmt"/>
        <line num="62" count="2" type="stmt"/>
        <line num="63" count="2" type="stmt"/>
        <line num="64" count="2" type="stmt"/>
        <line num="65" count="2" type="stmt"/>
        <line num="66" count="2" type="stmt"/>
        <line num="67" count="2" type="stmt"/>
        <line num="68" count="2" type="stmt"/>
        <line num="69" count="2" type="stmt"/>
        <line num="70" count="2" type="stmt"/>
        <line num="72" count="299" type="stmt"/>
        <line num="73" count="75" type="stmt"/>
        <line num="74" count="75" type="stmt"/>
        <line num="75" count="75" type="stmt"/>
        <line num="76" count="75" type="cond" truecount="2" falsecount="0"/>
        <line num="77" count="75" type="stmt"/>
        <line num="78" count="75" type="stmt"/>
        <line num="79" count="75" type="cond" truecount="2" falsecount="0"/>
        <line num="80" count="72" type="stmt"/>
        <line num="81" count="72" type="stmt"/>
        <line num="83" count="71" type="stmt"/>
        <line num="84" count="70" type="stmt"/>
        <line num="85" count="70" type="stmt"/>
        <line num="86" count="70" type="stmt"/>
        <line num="89" count="75" type="stmt"/>
        <line num="90" count="75" type="cond" truecount="2" falsecount="0"/>
        <line num="91" count="75" type="cond" truecount="2" falsecount="0"/>
        <line num="92" count="3" type="stmt"/>
        <line num="97" count="70" type="stmt"/>
        <line num="98" count="5" type="stmt"/>
        <line num="100" count="299" type="stmt"/>
        <line num="101" count="241" type="stmt"/>
        <line num="102" count="241" type="stmt"/>
        <line num="103" count="241" type="stmt"/>
        <line num="104" count="241" type="stmt"/>
        <line num="105" count="241" type="stmt"/>
        <line num="106" count="241" type="stmt"/>
        <line num="107" count="241" type="cond" truecount="2" falsecount="0"/>
        <line num="109" count="299" type="stmt"/>
        <line num="110" count="1" type="stmt"/>
        <line num="111" count="1" type="stmt"/>
        <line num="113" count="1" type="cond" truecount="1" falsecount="1"/>
        <line num="114" count="1" type="stmt"/>
        <line num="117" count="0" type="stmt"/>
        <line num="118" count="0" type="stmt"/>
        <line num="120" count="1" type="stmt"/>
        <line num="121" count="1" type="stmt"/>
        <line num="122" count="1" type="stmt"/>
        <line num="123" count="1" type="stmt"/>
        <line num="124" count="1" type="stmt"/>
        <line num="125" count="1" type="stmt"/>
        <line num="126" count="2" type="stmt"/>
        <line num="127" count="2" type="stmt"/>
        <line num="128" count="2" type="stmt"/>
        <line num="129" count="2" type="stmt"/>
        <line num="131" count="1" type="stmt"/>
        <line num="132" count="1" type="stmt"/>
        <line num="134" count="299" type="stmt"/>
        <line num="135" count="280" type="stmt"/>
        <line num="136" count="280" type="stmt"/>
        <line num="137" count="280" type="cond" truecount="2" falsecount="0"/>
        <line num="138" count="1" type="stmt"/>
        <line num="139" count="1" type="stmt"/>
        <line num="141" count="280" type="stmt"/>
        <line num="142" count="280" type="stmt"/>
        <line num="143" count="280" type="stmt"/>
        <line num="144" count="280" type="stmt"/>
        <line num="145" count="280" type="stmt"/>
        <line num="146" count="280" type="stmt"/>
        <line num="147" count="280" type="cond" truecount="1" falsecount="1"/>
        <line num="148" count="280" type="stmt"/>
        <line num="149" count="280" type="stmt"/>
        <line num="150" count="280" type="cond" truecount="1" falsecount="1"/>
        <line num="151" count="280" type="stmt"/>
        <line num="152" count="280" type="stmt"/>
        <line num="154" count="274" type="stmt"/>
        <line num="155" count="274" type="stmt"/>
        <line num="156" count="274" type="stmt"/>
        <line num="157" count="274" type="stmt"/>
        <line num="160" count="280" type="stmt"/>
        <line num="161" count="280" type="cond" truecount="2" falsecount="0"/>
        <line num="162" count="280" type="cond" truecount="1" falsecount="1"/>
        <line num="163" count="0" type="stmt"/>
        <line num="167" count="274" type="stmt"/>
        <line num="169" count="299" type="stmt"/>
        <line num="170" count="41" type="stmt"/>
        <line num="171" count="41" type="stmt"/>
        <line num="174" count="41" type="cond" truecount="2" falsecount="0"/>
        <line num="175" count="1" type="stmt"/>
        <line num="176" count="1" type="stmt"/>
        <line num="179" count="40" type="stmt"/>
        <line num="180" count="40" type="stmt"/>
        <line num="182" count="41" type="stmt"/>
        <line num="183" count="41" type="stmt"/>
        <line num="184" count="41" type="stmt"/>
        <line num="185" count="41" type="stmt"/>
        <line num="186" count="41" type="stmt"/>
        <line num="187" count="41" type="stmt"/>
        <line num="188" count="41" type="stmt"/>
        <line num="189" count="41" type="stmt"/>
        <line num="190" count="41" type="stmt"/>
        <line num="191" count="41" type="stmt"/>
        <line num="192" count="41" type="stmt"/>
        <line num="193" count="41" type="stmt"/>
        <line num="199" count="299" type="stmt"/>
        <line num="200" count="53" type="stmt"/>
        <line num="201" count="53" type="stmt"/>
        <line num="202" count="53" type="stmt"/>
        <line num="203" count="53" type="stmt"/>
        <line num="204" count="47" type="stmt"/>
        <line num="205" count="6" type="cond" truecount="3" falsecount="1"/>
        <line num="206" count="6" type="cond" truecount="2" falsecount="0"/>
        <line num="208" count="5" type="stmt"/>
        <line num="209" count="5" type="stmt"/>
        <line num="212" count="1" type="stmt"/>
        <line num="213" count="1" type="stmt"/>
        <line num="217" count="0" type="stmt"/>
        <line num="220" count="299" type="stmt"/>
        <line num="221" count="1" type="stmt"/>
        <line num="222" count="1" type="stmt"/>
        <line num="223" count="1" type="cond" truecount="1" falsecount="1"/>
        <line num="224" count="1" type="stmt"/>
        <line num="225" count="1" type="stmt"/>
        <line num="227" count="299" type="stmt"/>
        <line num="228" count="1515" type="cond" truecount="1" falsecount="1"/>
        <line num="229" count="1515" type="stmt"/>
        <line num="230" count="1515" type="stmt"/>
        <line num="231" count="1515" type="stmt"/>
        <line num="232" count="1515" type="stmt"/>
        <line num="233" count="972" type="stmt"/>
        <line num="234" count="972" type="stmt"/>
        <line num="236" count="299" type="stmt"/>
        <line num="237" count="299" type="stmt"/>
        <line num="238" count="7" type="cond" truecount="1" falsecount="1"/>
        <line num="239" count="7" type="stmt"/>
        <line num="240" count="7" type="stmt"/>
        <line num="241" count="5" type="stmt"/>
        <line num="242" count="5" type="stmt"/>
        <line num="248" count="299" type="stmt"/>
        <line num="249" count="239" type="stmt"/>
        <line num="250" count="239" type="stmt"/>
        <line num="251" count="239" type="stmt"/>
        <line num="252" count="239" type="stmt"/>
        <line num="253" count="239" type="stmt"/>
        <line num="254" count="239" type="stmt"/>
        <line num="255" count="239" type="stmt"/>
        <line num="256" count="239" type="stmt"/>
        <line num="257" count="239" type="stmt"/>
        <line num="258" count="239" type="stmt"/>
        <line num="259" count="239" type="stmt"/>
        <line num="260" count="239" type="stmt"/>
        <line num="261" count="239" type="stmt"/>
        <line num="262" count="239" type="stmt"/>
        <line num="263" count="239" type="stmt"/>
        <line num="265" count="299" type="stmt"/>
        <line num="266" count="8" type="stmt"/>
        <line num="267" count="8" type="cond" truecount="1" falsecount="1"/>
        <line num="268" count="0" type="stmt"/>
        <line num="269" count="8" type="stmt"/>
        <line num="271" count="299" type="stmt"/>
        <line num="272" count="18" type="stmt"/>
        <line num="274" count="18" type="cond" truecount="1" falsecount="1"/>
        <line num="275" count="18" type="stmt"/>
        <line num="276" count="18" type="stmt"/>
        <line num="279" count="0" type="stmt"/>
        <line num="281" count="18" type="stmt"/>
        <line num="282" count="18" type="stmt"/>
        <line num="283" count="18" type="stmt"/>
        <line num="284" count="18" type="cond" truecount="4" falsecount="0"/>
        <line num="285" count="15" type="stmt"/>
        <line num="286" count="15" type="cond" truecount="2" falsecount="0"/>
        <line num="287" count="2" type="stmt"/>
        <line num="288" count="13" type="stmt"/>
        <line num="289" count="13" type="cond" truecount="2" falsecount="1"/>
        <line num="291" count="6" type="cond" truecount="2" falsecount="0"/>
        <line num="292" count="2" type="stmt"/>
        <line num="293" count="2" type="stmt"/>
        <line num="294" count="2" type="stmt"/>
        <line num="295" count="1" type="stmt"/>
        <line num="298" count="1" type="stmt"/>
        <line num="301" count="5" type="stmt"/>
        <line num="304" count="7" type="cond" truecount="2" falsecount="0"/>
        <line num="305" count="2" type="stmt"/>
        <line num="306" count="2" type="stmt"/>
        <line num="307" count="2" type="cond" truecount="2" falsecount="0"/>
        <line num="308" count="1" type="stmt"/>
        <line num="310" count="6" type="stmt"/>
        <line num="313" count="0" type="stmt"/>
        <line num="316" count="11" type="stmt"/>
        <line num="318" count="299" type="stmt"/>
        <line num="319" count="5" type="stmt"/>
        <line num="320" count="5" type="stmt"/>
        <line num="321" count="5" type="stmt"/>
        <line num="322" count="5" type="stmt"/>
        <line num="323" count="5" type="stmt"/>
        <line num="324" count="5" type="stmt"/>
        <line num="325" count="5" type="stmt"/>
        <line num="330" count="5" type="stmt"/>
        <line num="332" count="5" type="stmt"/>
        <line num="334" count="299" type="stmt"/>
        <line num="335" count="20" type="stmt"/>
        <line num="336" count="20" type="stmt"/>
        <line num="337" count="20" type="stmt"/>
        <line num="338" count="20" type="cond" truecount="1" falsecount="1"/>
        <line num="339" count="0" type="stmt"/>
        <line num="340" count="20" type="stmt"/>
        <line num="341" count="20" type="stmt"/>
        <line num="342" count="20" type="cond" truecount="2" falsecount="0"/>
        <line num="343" count="13" type="stmt"/>
        <line num="344" count="13" type="stmt"/>
        <line num="345" count="39" type="stmt"/>
        <line num="346" count="39" type="stmt"/>
        <line num="348" count="13" type="cond" truecount="3" falsecount="1"/>
        <line num="349" count="13" type="stmt"/>
        <line num="350" count="26" type="cond" truecount="1" falsecount="1"/>
        <line num="351" count="0" type="stmt"/>
        <line num="352" count="26" type="cond" truecount="1" falsecount="1"/>
        <line num="353" count="26" type="stmt"/>
        <line num="354" count="0" type="stmt"/>
        <line num="356" count="13" type="stmt"/>
        <line num="359" count="7" type="stmt"/>
        <line num="360" count="7" type="stmt"/>
        <line num="361" count="21" type="stmt"/>
        <line num="362" count="7" type="cond" truecount="3" falsecount="1"/>
        <line num="363" count="7" type="stmt"/>
        <line num="364" count="7" type="stmt"/>
        <line num="367" count="20" type="stmt"/>
        <line num="369" count="299" type="stmt"/>
        <line num="370" count="0" type="stmt"/>
        <line num="371" count="0" type="stmt"/>
        <line num="372" count="0" type="stmt"/>
        <line num="373" count="0" type="stmt"/>
        <line num="376" count="299" type="stmt"/>
        <line num="377" count="0" type="stmt"/>
        <line num="379" count="299" type="stmt"/>
        <line num="380" count="0" type="stmt"/>
        <line num="382" count="299" type="stmt"/>
        <line num="383" count="2" type="cond" truecount="1" falsecount="1"/>
        <line num="384" count="2" type="cond" truecount="1" falsecount="1"/>
        <line num="385" count="2" type="stmt"/>
        <line num="386" count="2" type="stmt"/>
        <line num="387" count="2" type="stmt"/>
        <line num="388" count="2" type="stmt"/>
        <line num="390" count="299" type="stmt"/>
        <line num="391" count="1" type="cond" truecount="1" falsecount="1"/>
        <line num="392" count="1" type="cond" truecount="1" falsecount="1"/>
        <line num="393" count="1" type="stmt"/>
        <line num="394" count="1" type="cond" truecount="1" falsecount="1"/>
        <line num="395" count="0" type="stmt"/>
        <line num="397" count="1" type="stmt"/>
        <line num="398" count="1" type="cond" truecount="1" falsecount="1"/>
        <line num="399" count="0" type="stmt"/>
        <line num="401" count="1" type="stmt"/>
        <line num="406" count="299" type="stmt"/>
        <line num="407" count="0" type="stmt"/>
        <line num="409" count="299" type="stmt"/>
        <line num="410" count="0" type="stmt"/>
        <line num="412" count="299" type="stmt"/>
        <line num="413" count="221" type="stmt"/>
        <line num="414" count="221" type="cond" truecount="2" falsecount="0"/>
        <line num="416" count="221" type="stmt"/>
        <line num="417" count="221" type="stmt"/>
        <line num="419" count="221" type="cond" truecount="1" falsecount="1"/>
        <line num="420" count="219" type="stmt"/>
        <line num="421" count="219" type="stmt"/>
        <line num="422" count="2" type="cond" truecount="3" falsecount="1"/>
        <line num="423" count="2" type="cond" truecount="0" falsecount="1"/>
        <line num="425" count="0" type="stmt"/>
        <line num="426" count="0" type="stmt"/>
        <line num="427" count="0" type="stmt"/>
        <line num="431" count="2" type="stmt"/>
        <line num="434" count="299" type="stmt"/>
        <line num="435" count="1" type="stmt"/>
        <line num="436" count="1" type="cond" truecount="3" falsecount="1"/>
        <line num="437" count="0" type="stmt"/>
        <line num="438" count="1" type="cond" truecount="1" falsecount="1"/>
        <line num="439" count="0" type="stmt"/>
        <line num="440" count="1" type="stmt"/>
        <line num="441" count="1" type="stmt"/>
        <line num="442" count="1" type="cond" truecount="1" falsecount="1"/>
        <line num="443" count="0" type="stmt"/>
        <line num="445" count="1" type="stmt"/>
        <line num="448" count="299" type="stmt"/>
        <line num="449" count="28" type="stmt"/>
        <line num="450" count="28" type="cond" truecount="2" falsecount="0"/>
        <line num="451" count="28" type="stmt"/>
        <line num="452" count="28" type="cond" truecount="4" falsecount="0"/>
        <line num="453" count="1" type="stmt"/>
        <line num="454" count="27" type="stmt"/>
        <line num="455" count="27" type="stmt"/>
        <line num="456" count="27" type="cond" truecount="1" falsecount="1"/>
        <line num="457" count="26" type="stmt"/>
        <line num="458" count="1" type="cond" truecount="3" falsecount="1"/>
        <line num="459" count="1" type="cond" truecount="1" falsecount="1"/>
        <line num="461" count="0" type="stmt"/>
        <line num="462" count="0" type="stmt"/>
        <line num="463" count="0" type="stmt"/>
        <line num="466" count="1" type="stmt"/>
        <line num="467" count="1" type="stmt"/>
        <line num="468" count="1" type="stmt"/>
        <line num="472" count="0" type="stmt"/>
        <line num="475" count="299" type="stmt"/>
        <line num="476" count="7" type="stmt"/>
        <line num="477" count="7" type="stmt"/>
        <line num="478" count="7" type="cond" truecount="4" falsecount="0"/>
        <line num="479" count="1" type="stmt"/>
        <line num="480" count="6" type="stmt"/>
        <line num="481" count="4" type="cond" truecount="2" falsecount="0"/>
        <line num="482" count="3" type="stmt"/>
        <line num="483" count="3" type="cond" truecount="2" falsecount="0"/>
        <line num="484" count="1" type="stmt"/>
        <line num="485" count="1" type="stmt"/>
        <line num="487" count="2" type="cond" truecount="3" falsecount="1"/>
        <line num="488" count="2" type="cond" truecount="1" falsecount="1"/>
        <line num="490" count="0" type="stmt"/>
        <line num="491" count="0" type="stmt"/>
        <line num="492" count="0" type="stmt"/>
        <line num="495" count="1" type="stmt"/>
        <line num="496" count="1" type="stmt"/>
        <line num="497" count="1" type="stmt"/>
        <line num="501" count="1" type="stmt"/>
        <line num="504" count="299" type="stmt"/>
        <line num="505" count="0" type="stmt"/>
        <line num="507" count="299" type="stmt"/>
        <line num="508" count="0" type="stmt"/>
        <line num="510" count="299" type="stmt"/>
        <line num="511" count="0" type="stmt"/>
        <line num="513" count="299" type="stmt"/>
        <line num="514" count="0" type="stmt"/>
        <line num="516" count="299" type="stmt"/>
        <line num="517" count="0" type="stmt"/>
        <line num="519" count="299" type="stmt"/>
        <line num="520" count="0" type="stmt"/>
        <line num="522" count="299" type="stmt"/>
        <line num="523" count="14" type="stmt"/>
        <line num="529" count="14" type="stmt"/>
        <line num="530" count="14" type="stmt"/>
        <line num="531" count="14" type="cond" truecount="1" falsecount="1"/>
        <line num="532" count="14" type="cond" truecount="3" falsecount="1"/>
        <line num="533" count="14" type="cond" truecount="2" falsecount="0"/>
        <line num="534" count="14" type="stmt"/>
        <line num="535" count="12" type="cond" truecount="2" falsecount="0"/>
        <line num="536" count="11" type="stmt"/>
        <line num="537" count="10" type="stmt"/>
        <line num="539" count="11" type="stmt"/>
        <line num="540" count="0" type="stmt"/>
        <line num="543" count="12" type="stmt"/>
        <line num="545" count="299" type="stmt"/>
        <line num="546" count="6" type="stmt"/>
        <line num="558" count="6" type="stmt"/>
        <line num="559" count="6" type="stmt"/>
        <line num="560" count="6" type="stmt"/>
        <line num="561" count="6" type="cond" truecount="3" falsecount="1"/>
        <line num="562" count="6" type="cond" truecount="2" falsecount="0"/>
        <line num="563" count="6" type="stmt"/>
        <line num="564" count="6" type="stmt"/>
        <line num="566" count="299" type="stmt"/>
        <line num="567" count="299" type="stmt"/>
        <line num="568" count="299" type="stmt"/>
        <line num="569" count="299" type="stmt"/>
        <line num="570" count="299" type="stmt"/>
        <line num="571" count="299" type="stmt"/>
        <line num="577" count="299" type="stmt"/>
        <line num="578" count="299" type="stmt"/>
        <line num="579" count="299" type="stmt"/>
        <line num="580" count="299" type="stmt"/>
        <line num="581" count="299" type="stmt"/>
        <line num="583" count="299" type="stmt"/>
        <line num="584" count="0" type="cond" truecount="0" falsecount="2"/>
        <line num="585" count="0" type="stmt"/>
        <line num="586" count="0" type="stmt"/>
        <line num="587" count="0" type="stmt"/>
        <line num="588" count="0" type="stmt"/>
        <line num="589" count="0" type="cond" truecount="0" falsecount="2"/>
        <line num="590" count="0" type="stmt"/>
        <line num="592" count="299" type="stmt"/>
        <line num="593" count="299" type="stmt"/>
        <line num="594" count="0" type="stmt"/>
        <line num="595" count="0" type="stmt"/>
        <line num="597" count="299" type="cond" truecount="0" falsecount="1"/>
        <line num="598" count="0" type="stmt"/>
        <line num="599" count="0" type="stmt"/>
        <line num="600" count="0" type="stmt"/>
        <line num="601" count="0" type="stmt"/>
        <line num="603" count="299" type="stmt"/>
        <line num="604" count="0" type="stmt"/>
        <line num="605" count="0" type="stmt"/>
        <line num="606" count="0" type="stmt"/>
        <line num="607" count="0" type="stmt"/>
        <line num="608" count="0" type="stmt"/>
        <line num="609" count="0" type="stmt"/>
        <line num="610" count="0" type="stmt"/>
        <line num="612" count="299" type="stmt"/>
        <line num="613" count="0" type="stmt"/>
        <line num="614" count="0" type="stmt"/>
        <line num="615" count="0" type="stmt"/>
        <line num="616" count="0" type="stmt"/>
        <line num="617" count="0" type="stmt"/>
        <line num="618" count="0" type="stmt"/>
        <line num="619" count="0" type="stmt"/>
        <line num="621" count="299" type="stmt"/>
        <line num="622" count="0" type="stmt"/>
        <line num="623" count="0" type="cond" truecount="0" falsecount="4"/>
        <line num="624" count="0" type="stmt"/>
        <line num="625" count="0" type="stmt"/>
        <line num="626" count="0" type="stmt"/>
        <line num="627" count="0" type="stmt"/>
        <line num="628" count="0" type="stmt"/>
        <line num="630" count="299" type="stmt"/>
        <line num="631" count="0" type="stmt"/>
        <line num="632" count="0" type="stmt"/>
        <line num="633" count="0" type="stmt"/>
        <line num="634" count="0" type="stmt"/>
        <line num="635" count="0" type="stmt"/>
        <line num="637" count="299" type="stmt"/>
        <line num="638" count="0" type="stmt"/>
        <line num="639" count="0" type="stmt"/>
        <line num="640" count="0" type="stmt"/>
        <line num="643" count="0" type="stmt"/>
        <line num="646" count="299" type="stmt"/>
        <line num="647" count="0" type="stmt"/>
        <line num="648" count="0" type="stmt"/>
        <line num="649" count="0" type="stmt"/>
        <line num="650" count="0" type="stmt"/>
        <line num="652" count="299" type="stmt"/>
        <line num="653" count="0" type="stmt"/>
        <line num="654" count="0" type="stmt"/>
        <line num="655" count="0" type="stmt"/>
        <line num="656" count="0" type="stmt"/>
        <line num="658" count="299" type="stmt"/>
        <line num="659" count="0" type="stmt"/>
        <line num="660" count="0" type="stmt"/>
        <line num="661" count="0" type="stmt"/>
        <line num="663" count="299" type="stmt"/>
        <line num="664" count="0" type="stmt"/>
        <line num="665" count="0" type="stmt"/>
        <line num="666" count="0" type="stmt"/>
        <line num="668" count="299" type="stmt"/>
        <line num="669" count="0" type="stmt"/>
        <line num="670" count="0" type="stmt"/>
        <line num="671" count="0" type="stmt"/>
        <line num="672" count="0" type="stmt"/>
        <line num="674" count="299" type="stmt"/>
        <line num="675" count="0" type="stmt"/>
        <line num="676" count="0" type="cond" truecount="0" falsecount="4"/>
        <line num="677" count="0" type="stmt"/>
        <line num="678" count="0" type="stmt"/>
        <line num="679" count="0" type="stmt"/>
        <line num="680" count="0" type="stmt"/>
        <line num="682" count="299" type="stmt"/>
        <line num="683" count="0" type="stmt"/>
        <line num="684" count="0" type="stmt"/>
        <line num="685" count="0" type="stmt"/>
        <line num="686" count="0" type="stmt"/>
        <line num="688" count="299" type="stmt"/>
        <line num="689" count="0" type="cond" truecount="0" falsecount="2"/>
        <line num="690" count="0" type="stmt"/>
        <line num="691" count="0" type="stmt"/>
        <line num="692" count="0" type="cond" truecount="0" falsecount="2"/>
        <line num="694" count="299" type="stmt"/>
        <line num="695" count="0" type="stmt"/>
        <line num="696" count="0" type="stmt"/>
        <line num="698" count="299" type="stmt"/>
        <line num="699" count="0" type="stmt"/>
        <line num="700" count="0" type="stmt"/>
        <line num="702" count="299" type="stmt"/>
        <line num="703" count="0" type="stmt"/>
        <line num="704" count="0" type="stmt"/>
        <line num="705" count="0" type="stmt"/>
        <line num="706" count="0" type="stmt"/>
        <line num="707" count="0" type="cond" truecount="0" falsecount="2"/>
        <line num="708" count="0" type="stmt"/>
        <line num="709" count="0" type="stmt"/>
        <line num="710" count="0" type="stmt"/>
        <line num="711" count="0" type="stmt"/>
        <line num="714" count="0" type="stmt"/>
        <line num="715" count="0" type="stmt"/>
        <line num="716" count="0" type="stmt"/>
        <line num="717" count="0" type="stmt"/>
        <line num="719" count="0" type="stmt"/>
        <line num="722" count="299" type="stmt"/>
        <line num="723" count="1" type="stmt"/>
        <line num="724" count="1" type="stmt"/>
        <line num="725" count="1" type="cond" truecount="1" falsecount="1"/>
        <line num="726" count="1" type="stmt"/>
        <line num="727" count="1" type="stmt"/>
        <line num="729" count="299" type="stmt"/>
        <line num="730" count="0" type="stmt"/>
        <line num="731" count="0" type="stmt"/>
        <line num="732" count="0" type="stmt"/>
        <line num="733" count="0" type="stmt"/>
        <line num="734" count="0" type="stmt"/>
        <line num="735" count="0" type="stmt"/>
        <line num="736" count="0" type="stmt"/>
        <line num="738" count="299" type="stmt"/>
        <line num="739" count="0" type="stmt"/>
        <line num="740" count="0" type="stmt"/>
        <line num="741" count="0" type="stmt"/>
        <line num="742" count="0" type="cond" truecount="0" falsecount="2"/>
        <line num="744" count="299" type="cond" truecount="0" falsecount="1"/>
        <line num="745" count="0" type="stmt"/>
        <line num="746" count="0" type="stmt"/>
        <line num="747" count="0" type="stmt"/>
        <line num="748" count="0" type="stmt"/>
        <line num="749" count="0" type="stmt"/>
        <line num="750" count="0" type="stmt"/>
        <line num="751" count="0" type="stmt"/>
        <line num="753" count="299" type="stmt"/>
        <line num="754" count="0" type="cond" truecount="0" falsecount="2"/>
        <line num="755" count="0" type="stmt"/>
        <line num="756" count="0" type="stmt"/>
        <line num="757" count="0" type="stmt"/>
        <line num="758" count="0" type="stmt"/>
        <line num="761" count="299" type="stmt"/>
        <line num="762" count="299" type="stmt"/>
        <line num="763" count="299" type="stmt"/>
        <line num="764" count="299" type="stmt"/>
        <line num="765" count="299" type="stmt"/>
        <line num="766" count="299" type="stmt"/>
        <line num="767" count="299" type="stmt"/>
        <line num="768" count="299" type="stmt"/>
        <line num="769" count="299" type="stmt"/>
        <line num="770" count="299" type="stmt"/>
        <line num="771" count="299" type="stmt"/>
        <line num="772" count="299" type="stmt"/>
        <line num="773" count="299" type="stmt"/>
        <line num="774" count="299" type="stmt"/>
        <line num="775" count="299" type="stmt"/>
        <line num="776" count="299" type="stmt"/>
        <line num="777" count="299" type="stmt"/>
        <line num="779" count="299" type="stmt"/>
        <line num="780" count="299" type="stmt"/>
        <line num="781" count="299" type="stmt"/>
        <line num="782" count="299" type="stmt"/>
        <line num="783" count="299" type="stmt"/>
        <line num="784" count="299" type="stmt"/>
        <line num="785" count="299" type="stmt"/>
        <line num="786" count="299" type="stmt"/>
        <line num="787" count="299" type="stmt"/>
        <line num="788" count="299" type="stmt"/>
        <line num="789" count="299" type="stmt"/>
        <line num="790" count="299" type="stmt"/>
        <line num="791" count="299" type="stmt"/>
        <line num="794" count="977" type="stmt"/>
        <line num="795" count="977" type="cond" truecount="2" falsecount="0"/>
        <line num="796" count="232" type="stmt"/>
        <line num="797" count="232" type="stmt"/>
        <line num="798" count="232" type="stmt"/>
        <line num="800" count="977" type="cond" truecount="1" falsecount="1"/>
        <line num="801" count="977" type="stmt"/>
        <line num="804" count="2" type="stmt"/>
        <line num="805" count="2" type="stmt"/>
        <line num="806" count="2" type="stmt"/>
        <line num="807" count="4" type="stmt"/>
        <line num="809" count="2" type="stmt"/>
        <line num="812" count="2" type="stmt"/>
      </file>
      <file name="FsaNodeFsOpenFile.ts" path="/home/runner/work/fs-zoo/fs-zoo/src/fsa-to-node/FsaNodeFsOpenFile.ts">
        <metrics statements="17" coveredstatements="17" conditionals="2" coveredconditionals="2" methods="3" coveredmethods="3"/>
        <line num="2" count="2" type="stmt"/>
        <line num="3" count="2" type="stmt"/>
        <line num="10" count="611" type="stmt"/>
        <line num="11" count="611" type="stmt"/>
        <line num="12" count="611" type="stmt"/>
        <line num="13" count="611" type="stmt"/>
        <line num="14" count="611" type="stmt"/>
        <line num="15" count="611" type="stmt"/>
        <line num="16" count="611" type="stmt"/>
        <line num="20" count="243" type="cond" truecount="2" falsecount="0"/>
        <line num="21" count="5" type="stmt"/>
        <line num="22" count="243" type="stmt"/>
        <line num="23" count="243" type="stmt"/>
        <line num="28" count="243" type="stmt"/>
        <line num="29" count="243" type="stmt"/>
        <line num="30" count="243" type="stmt"/>
        <line num="33" count="2" type="stmt"/>
      </file>
      <file name="FsaNodeReadStream.ts" path="/home/runner/work/fs-zoo/fs-zoo/src/fsa-to-node/FsaNodeReadStream.ts">
        <metrics statements="58" coveredstatements="48" conditionals="20" coveredconditionals="12" methods="15" coveredmethods="10"/>
        <line num="2" count="2" type="stmt"/>
        <line num="3" count="2" type="stmt"/>
        <line num="4" count="2" type="stmt"/>
        <line num="5" count="2" type="stmt"/>
        <line num="6" count="2" type="stmt"/>
        <line num="9" count="6" type="stmt"/>
        <line num="10" count="6" type="stmt"/>
        <line num="11" count="6" type="stmt"/>
        <line num="12" count="6" type="stmt"/>
        <line num="13" count="6" type="stmt"/>
        <line num="14" count="6" type="stmt"/>
        <line num="15" count="6" type="stmt"/>
        <line num="16" count="6" type="stmt"/>
        <line num="17" count="6" type="stmt"/>
        <line num="18" count="6" type="stmt"/>
        <line num="19" count="6" type="stmt"/>
        <line num="21" count="6" type="cond" truecount="1" falsecount="1"/>
        <line num="22" count="0" type="stmt"/>
        <line num="23" count="6" type="stmt"/>
        <line num="24" count="6" type="cond" truecount="1" falsecount="1"/>
        <line num="25" count="6" type="stmt"/>
        <line num="26" count="6" type="stmt"/>
        <line num="29" count="0" type="stmt"/>
        <line num="32" count="6" type="stmt"/>
        <line num="36" count="4" type="stmt"/>
        <line num="37" count="4" type="cond" truecount="1" falsecount="1"/>
        <line num="38" count="0" type="stmt"/>
        <line num="39" count="4" type="stmt"/>
        <line num="40" count="4" type="stmt"/>
        <line num="41" count="4" type="stmt"/>
        <line num="42" count="4" type="cond" truecount="2" falsecount="0"/>
        <line num="43" count="4" type="cond" truecount="1" falsecount="1"/>
        <line num="44" count="4" type="cond" truecount="2" falsecount="0"/>
        <line num="45" count="3" type="stmt"/>
        <line num="46" count="4" type="stmt"/>
        <line num="47" count="4" type="stmt"/>
        <line num="51" count="4" type="cond" truecount="1" falsecount="1"/>
        <line num="52" count="0" type="stmt"/>
        <line num="53" count="4" type="stmt"/>
        <line num="54" count="4" type="cond" truecount="1" falsecount="1"/>
        <line num="55" count="4" type="stmt"/>
        <line num="57" count="4" type="stmt"/>
        <line num="58" count="4" type="stmt"/>
        <line num="60" count="4" type="stmt"/>
        <line num="67" count="0" type="stmt"/>
        <line num="70" count="0" type="stmt"/>
        <line num="74" count="4" type="stmt"/>
        <line num="75" count="4" type="cond" truecount="1" falsecount="1"/>
        <line num="76" count="0" type="stmt"/>
        <line num="77" count="4" type="cond" truecount="1" falsecount="1"/>
        <line num="78" count="0" type="stmt"/>
        <line num="79" count="4" type="stmt"/>
        <line num="80" count="4" type="stmt"/>
        <line num="81" count="4" type="stmt"/>
        <line num="82" count="4" type="stmt"/>
        <line num="84" count="0" type="stmt"/>
        <line num="85" count="0" type="stmt"/>
        <line num="89" count="2" type="stmt"/>
      </file>
      <file name="FsaNodeStats.ts" path="/home/runner/work/fs-zoo/fs-zoo/src/fsa-to-node/FsaNodeStats.ts">
        <metrics statements="33" coveredstatements="28" conditionals="4" coveredconditionals="2" methods="8" coveredmethods="3"/>
        <line num="2" count="2" type="stmt"/>
        <line num="3" count="2" type="stmt"/>
        <line num="4" count="2" type="stmt"/>
        <line num="5" count="2" type="cond" truecount="1" falsecount="1"/>
        <line num="6" count="2" type="stmt"/>
        <line num="9" count="977" type="stmt"/>
        <line num="10" count="977" type="cond" truecount="1" falsecount="1"/>
        <line num="11" count="977" type="stmt"/>
        <line num="12" count="977" type="stmt"/>
        <line num="13" count="977" type="stmt"/>
        <line num="14" count="977" type="stmt"/>
        <line num="15" count="977" type="stmt"/>
        <line num="16" count="977" type="stmt"/>
        <line num="17" count="977" type="stmt"/>
        <line num="18" count="977" type="stmt"/>
        <line num="19" count="977" type="stmt"/>
        <line num="20" count="977" type="stmt"/>
        <line num="21" count="977" type="stmt"/>
        <line num="22" count="977" type="stmt"/>
        <line num="23" count="977" type="stmt"/>
        <line num="24" count="977" type="stmt"/>
        <line num="25" count="977" type="stmt"/>
        <line num="26" count="977" type="stmt"/>
        <line num="27" count="977" type="stmt"/>
        <line num="28" count="977" type="stmt"/>
        <line num="31" count="690" type="stmt"/>
        <line num="34" count="236" type="stmt"/>
        <line num="37" count="0" type="stmt"/>
        <line num="40" count="0" type="stmt"/>
        <line num="43" count="0" type="stmt"/>
        <line num="46" count="0" type="stmt"/>
        <line num="49" count="0" type="stmt"/>
        <line num="52" count="2" type="stmt"/>
      </file>
      <file name="FsaNodeWriteStream.ts" path="/home/runner/work/fs-zoo/fs-zoo/src/fsa-to-node/FsaNodeWriteStream.ts">
        <metrics statements="79" coveredstatements="62" conditionals="42" coveredconditionals="24" methods="22" coveredmethods="14"/>
        <line num="2" count="2" type="stmt"/>
        <line num="3" count="2" type="stmt"/>
        <line num="4" count="2" type="stmt"/>
        <line num="5" count="2" type="stmt"/>
        <line num="6" count="2" type="stmt"/>
        <line num="7" count="2" type="stmt"/>
        <line num="8" count="2" type="stmt"/>
        <line num="32" count="14" type="stmt"/>
        <line num="33" count="14" type="stmt"/>
        <line num="34" count="14" type="stmt"/>
        <line num="35" count="14" type="stmt"/>
        <line num="36" count="14" type="stmt"/>
        <line num="37" count="14" type="stmt"/>
        <line num="38" count="14" type="stmt"/>
        <line num="39" count="14" type="cond" truecount="2" falsecount="0"/>
        <line num="40" count="6" type="cond" truecount="2" falsecount="0"/>
        <line num="41" count="1" type="stmt"/>
        <line num="43" count="5" type="cond" truecount="2" falsecount="0"/>
        <line num="44" count="1" type="stmt"/>
        <line num="47" count="12" type="stmt"/>
        <line num="48" count="12" type="stmt"/>
        <line num="49" count="12" type="stmt"/>
        <line num="50" count="12" type="stmt"/>
        <line num="51" count="12" type="stmt"/>
        <line num="52" count="12" type="cond" truecount="2" falsecount="0"/>
        <line num="53" count="9" type="stmt"/>
        <line num="54" count="12" type="cond" truecount="1" falsecount="1"/>
        <line num="55" count="12" type="cond" truecount="2" falsecount="0"/>
        <line num="56" count="12" type="stmt"/>
        <line num="57" count="12" type="cond" truecount="2" falsecount="0"/>
        <line num="58" count="5" type="cond" truecount="2" falsecount="0"/>
        <line num="59" count="5" type="cond" truecount="2" falsecount="0"/>
        <line num="60" count="4" type="stmt"/>
        <line num="62" count="12" type="stmt"/>
        <line num="63" count="12" type="stmt"/>
        <line num="65" count="0" type="stmt"/>
        <line num="69" count="17" type="stmt"/>
        <line num="70" count="17" type="cond" truecount="1" falsecount="1"/>
        <line num="71" count="0" type="stmt"/>
        <line num="73" count="17" type="stmt"/>
        <line num="74" count="17" type="stmt"/>
        <line num="75" count="19" type="stmt"/>
        <line num="76" count="19" type="stmt"/>
        <line num="81" count="12" type="stmt"/>
        <line num="82" count="12" type="stmt"/>
        <line num="83" count="12" type="cond" truecount="2" falsecount="2"/>
        <line num="84" count="0" type="stmt"/>
        <line num="85" count="0" type="stmt"/>
        <line num="87" count="12" type="stmt"/>
        <line num="88" count="12" type="stmt"/>
        <line num="89" count="12" type="stmt"/>
        <line num="90" count="12" type="stmt"/>
        <line num="91" count="12" type="cond" truecount="1" falsecount="1"/>
        <line num="92" count="12" type="stmt"/>
        <line num="95" count="0" type="stmt"/>
        <line num="96" count="0" type="cond" truecount="0" falsecount="2"/>
        <line num="97" count="0" type="stmt"/>
        <line num="103" count="6" type="stmt"/>
        <line num="106" count="0" type="stmt"/>
        <line num="109" count="0" type="cond" truecount="0" falsecount="2"/>
        <line num="110" count="0" type="stmt"/>
        <line num="111" count="0" type="stmt"/>
        <line num="115" count="15" type="stmt"/>
        <line num="117" count="15" type="cond" truecount="1" falsecount="1"/>
        <line num="118" count="15" type="stmt"/>
        <line num="121" count="0" type="cond" truecount="0" falsecount="2"/>
        <line num="122" count="0" type="stmt"/>
        <line num="126" count="4" type="stmt"/>
        <line num="127" count="2" type="stmt"/>
        <line num="129" count="2" type="cond" truecount="1" falsecount="1"/>
        <line num="130" count="2" type="stmt"/>
        <line num="133" count="0" type="cond" truecount="0" falsecount="2"/>
        <line num="134" count="0" type="stmt"/>
        <line num="138" count="12" type="stmt"/>
        <line num="140" count="12" type="cond" truecount="1" falsecount="1"/>
        <line num="141" count="12" type="stmt"/>
        <line num="144" count="0" type="cond" truecount="0" falsecount="2"/>
        <line num="145" count="0" type="stmt"/>
        <line num="149" count="2" type="stmt"/>
      </file>
      <file name="index.ts" path="/home/runner/work/fs-zoo/fs-zoo/src/fsa-to-node/index.ts">
        <metrics statements="6" coveredstatements="6" conditionals="0" coveredconditionals="0" methods="2" coveredmethods="1"/>
        <line num="2" count="1" type="stmt"/>
        <line num="3" count="1" type="stmt"/>
        <line num="4" count="1" type="stmt"/>
        <line num="5" count="216" type="stmt"/>
        <line num="6" count="1" type="stmt"/>
        <line num="7" count="1" type="stmt"/>
      </file>
      <file name="json.ts" path="/home/runner/work/fs-zoo/fs-zoo/src/fsa-to-node/json.ts">
        <metrics statements="6" coveredstatements="6" conditionals="0" coveredconditionals="0" methods="0" coveredmethods="0"/>
        <line num="2" count="1" type="stmt"/>
        <line num="3" count="1" type="stmt"/>
        <line num="4" count="1" type="stmt"/>
        <line num="5" count="1" type="stmt"/>
[...]
        <line num="29" count="617" type="stmt"/>
        <line num="30" count="617" type="stmt"/>
        <line num="33" count="0" type="cond" truecount="0" falsecount="2"/>
        <line num="34" count="0" type="stmt"/>
        <line num="35" count="0" type="cond" truecount="0" falsecount="4"/>
        <line num="36" count="0" type="cond" truecount="0" falsecount="2"/>
        <line num="39" count="0" type="stmt"/>
        <line num="42" count="0" type="stmt"/>
        <line num="49" count="12" type="cond" truecount="1" falsecount="1"/>
        <line num="50" count="0" type="stmt"/>
        <line num="51" count="12" type="stmt"/>
        <line num="57" count="1007" type="stmt"/>
        <line num="58" count="1005" type="stmt"/>
        <line num="61" count="10" type="stmt"/>
      </file>
      <file name="NodeFileSystemHandle.ts" path="/home/runner/work/fs-zoo/fs-zoo/src/node-to-fsa/NodeFileSystemHandle.ts">
        <metrics statements="9" coveredstatements="6" conditionals="3" coveredconditionals="2" methods="5" coveredmethods="2"/>
        <line num="2" count="10" type="stmt"/>
        <line num="3" count="10" type="stmt"/>
        <line num="12" count="6917" type="stmt"/>
        <line num="13" count="6917" type="stmt"/>
        <line num="21" count="7" type="cond" truecount="2" falsecount="0"/>
        <line num="27" count="0" type="stmt"/>
        <line num="33" count="0" type="stmt"/>
        <line num="39" count="0" type="stmt"/>
        <line num="42" count="10" type="stmt"/>
      </file>
      <file name="NodeFileSystemSyncAccessHandle.ts" path="/home/runner/work/fs-zoo/fs-zoo/src/node-to-fsa/NodeFileSystemSyncAccessHandle.ts">
        <metrics statements="36" coveredstatements="32" conditionals="24" coveredconditionals="18" methods="7" coveredmethods="7"/>
        <line num="2" count="10" type="stmt"/>
        <line num="3" count="10" type="stmt"/>
        <line num="4" count="10" type="stmt"/>
        <line num="5" count="10" type="stmt"/>
        <line num="11" count="12" type="stmt"/>
        <line num="12" count="12" type="stmt"/>
        <line num="13" count="12" type="stmt"/>
        <line num="14" count="12" type="stmt"/>
        <line num="20" count="3" type="stmt"/>
        <line num="21" count="3" type="stmt"/>
        <line num="27" count="1" type="stmt"/>
        <line num="28" count="1" type="stmt"/>
        <line num="34" count="2" type="stmt"/>
        <line num="40" count="4" type="cond" truecount="1" falsecount="1"/>
        <line num="41" count="4" type="stmt"/>
        <line num="42" count="4" type="cond" truecount="2" falsecount="0"/>
        <line num="43" count="3" type="stmt"/>
        <line num="46" count="1" type="cond" truecount="1" falsecount="1"/>
        <line num="47" count="0" type="stmt"/>
        <line num="48" count="1" type="cond" truecount="3" falsecount="1"/>
        <line num="49" count="1" type="cond" truecount="1" falsecount="0"/>
        <line num="51" count="1" type="stmt"/>
        <line num="55" count="0" type="stmt"/>
        <line num="63" count="1" type="stmt"/>
        <line num="64" count="1" type="stmt"/>
        <line num="75" count="4" type="stmt"/>
        <line num="76" count="4" type="cond" truecount="1" falsecount="1"/>
        <line num="77" count="4" type="stmt"/>
        <line num="78" count="4" type="cond" truecount="2" falsecount="0"/>
        <line num="81" count="1" type="cond" truecount="1" falsecount="1"/>
        <line num="82" count="0" type="stmt"/>
        <line num="83" count="1" type="cond" truecount="3" falsecount="1"/>
        <line num="84" count="1" type="cond" truecount="1" falsecount="0"/>
        <line num="86" count="1" type="stmt"/>
        <line num="90" count="0" type="stmt"/>
        <line num="94" count="10" type="stmt"/>
      </file>
      <file name="NodeFileSystemWritableFileStream.ts" path="/home/runner/work/fs-zoo/fs-zoo/src/node-to-fsa/NodeFileSystemWritableFileStream.ts">
        <metrics statements="89" coveredstatements="75" conditionals="53" coveredconditionals="38" methods="11" coveredmethods="11"/>
        <line num="2" count="11" type="stmt"/>
        <line num="3" count="11" type="stmt"/>
        <line num="4" count="11" type="stmt"/>
        <line num="14" count="11" type="stmt"/>
        <line num="16" count="1011" type="stmt"/>
        <line num="17" count="1011" type="stmt"/>
        <line num="18" count="1011" type="stmt"/>
        <line num="21" count="242" type="cond" truecount="4" falsecount="1"/>
        <line num="22" count="0" type="stmt"/>
        <line num="24" count="1011" type="cond" truecount="2" falsecount="0"/>
        <line num="25" count="242" type="stmt"/>
        <line num="26" count="287" type="stmt"/>
        <line num="27" count="287" type="stmt"/>
        <line num="28" count="287" type="stmt"/>
        <line num="29" count="242" type="stmt"/>
        <line num="32" count="45" type="cond" truecount="4" falsecount="1"/>
        <line num="33" count="0" type="stmt"/>
        <line num="37" count="1011" type="cond" truecount="1" falsecount="1"/>
        <line num="38" count="0" type="stmt"/>
        <line num="39" count="1011" type="cond" truecount="2" falsecount="0"/>
        <line num="40" count="262" type="stmt"/>
        <line num="41" count="1011" type="stmt"/>
        <line num="43" count="11" type="stmt"/>
        <line num="53" count="1005" type="stmt"/>
        <line num="54" count="1005" type="stmt"/>
        <line num="56" count="1005" type="stmt"/>
        <line num="57" count="1005" type="stmt"/>
        <line num="58" count="1005" type="stmt"/>
        <line num="59" count="1005" type="stmt"/>
        <line num="60" count="1005" type="stmt"/>
        <line num="63" count="1007" type="stmt"/>
        <line num="64" count="1007" type="stmt"/>
        <line num="65" count="1007" type="cond" truecount="1" falsecount="1"/>
        <line num="66" count="0" type="stmt"/>
        <line num="67" count="1007" type="cond" truecount="3" falsecount="1"/>
        <line num="68" count="1007" type="stmt"/>
        <line num="69" count="1007" type="stmt"/>
        <line num="72" count="1004" type="stmt"/>
        <line num="73" count="1004" type="stmt"/>
        <line num="74" count="1004" type="cond" truecount="1" falsecount="1"/>
        <line num="75" count="0" type="stmt"/>
        <line num="76" count="1004" type="stmt"/>
        <line num="77" count="1004" type="stmt"/>
        <line num="80" count="1" type="stmt"/>
        <line num="81" count="1" type="stmt"/>
        <line num="82" count="1" type="cond" truecount="1" falsecount="1"/>
        <line num="83" count="0" type="stmt"/>
        <line num="84" count="1" type="stmt"/>
        <line num="85" count="1" type="stmt"/>
        <line num="88" count="1005" type="stmt"/>
        <line num="89" count="1005" type="stmt"/>
        <line num="90" count="1005" type="stmt"/>
        <line num="98" count="256" type="stmt"/>
        <line num="105" count="6" type="stmt"/>
        <line num="106" count="6" type="stmt"/>
        <line num="107" count="6" type="cond" truecount="1" falsecount="1"/>
        <line num="108" count="0" type="stmt"/>
        <line num="109" count="6" type="stmt"/>
        <line num="110" count="6" type="cond" truecount="1" falsecount="1"/>
        <line num="111" count="0" type="stmt"/>
        <line num="114" count="1007" type="stmt"/>
        <line num="115" count="1007" type="stmt"/>
        <line num="116" count="1007" type="stmt"/>
        <line num="119" count="1007" type="stmt"/>
        <line num="123" count="1012" type="cond" truecount="1" falsecount="1"/>
        <line num="124" count="0" type="stmt"/>
        <line num="125" count="1012" type="cond" truecount="2" falsecount="1"/>
        <line num="127" count="7" type="stmt"/>
        <line num="130" count="1005" type="stmt"/>
        <line num="131" count="1005" type="cond" truecount="4" falsecount="0"/>
        <line num="135" count="281" type="stmt"/>
        <line num="137" count="724" type="cond" truecount="2" falsecount="0"/>
        <line num="138" count="467" type="stmt"/>
        <line num="141" count="257" type="stmt"/>
        <line num="142" count="257" type="cond" truecount="3" falsecount="1"/>
        <line num="144" count="252" type="cond" truecount="2" falsecount="0"/>
        <line num="145" count="249" type="stmt"/>
        <line num="146" count="252" type="stmt"/>
        <line num="149" count="3" type="cond" truecount="1" falsecount="1"/>
        <line num="150" count="0" type="stmt"/>
        <line num="151" count="3" type="cond" truecount="1" falsecount="1"/>
        <line num="152" count="0" type="stmt"/>
        <line num="153" count="3" type="stmt"/>
        <line num="156" count="2" type="cond" truecount="1" falsecount="1"/>
        <line num="157" count="0" type="stmt"/>
        <line num="158" count="2" type="stmt"/>
        <line num="160" count="0" type="stmt"/>
        <line num="167" count="0" type="stmt"/>
        <line num="171" count="11" type="stmt"/>
      </file>
      <file name="index.ts" path="/home/runner/work/fs-zoo/fs-zoo/src/node-to-fsa/index.ts">
        <metrics statements="11" coveredstatements="11" conditionals="0" coveredconditionals="0" methods="1" coveredmethods="1"/>
        <line num="2" count="6" type="stmt"/>
        <line num="3" count="6" type="stmt"/>
        <line num="4" count="6" type="stmt"/>
        <line num="5" count="6" type="stmt"/>
        <line num="6" count="6" type="stmt"/>
        <line num="7" count="6" type="stmt"/>
        <line num="8" count="6" type="stmt"/>
        <line num="9" count="6" type="stmt"/>
        <line num="10" count="6" type="stmt"/>
        <line num="11" count="84" type="stmt"/>
        <line num="13" count="6" type="stmt"/>
      </file>
      <file name="types.ts" path="/home/runner/work/fs-zoo/fs-zoo/src/node-to-fsa/types.ts">
        <metrics statements="1" coveredstatements="1" conditionals="0" coveredconditionals="0" methods="0" coveredmethods="0"/>
        <line num="2" count="6" type="stmt"/>
      </file>
      <file name="util.ts" path="/home/runner/work/fs-zoo/fs-zoo/src/node-to-fsa/util.ts">
        <metrics statements="27" coveredstatements="27" conditionals="11" coveredconditionals="10" methods="7" coveredmethods="6"/>
        <line num="2" count="12" type="stmt"/>
        <line num="3" count="12" type="stmt"/>
        <line num="7" count="12" type="cond" truecount="0" falsecount="1"/>
        <line num="8" count="6917" type="stmt"/>
        <line num="15" count="12" type="stmt"/>
        <line num="16" count="12" type="stmt"/>
        <line num="17" count="6931" type="cond" truecount="2" falsecount="0"/>
        <line num="18" count="486" type="stmt"/>
        <line num="19" count="6931" type="stmt"/>
        <line num="20" count="6931" type="cond" truecount="2" falsecount="0"/>
        <line num="22" count="12" type="stmt"/>
        <line num="23" count="12" type="stmt"/>
        <line num="24" count="12" type="stmt"/>
        <line num="25" count="9742" type="cond" truecount="2" falsecount="0"/>
        <line num="26" count="9742" type="cond" truecount="2" falsecount="0"/>
        <line num="27" count="135" type="stmt"/>
        <line num="29" count="12" type="stmt"/>
        <line num="30" count="12" type="stmt"/>
        <line num="31" count="2486" type="cond" truecount="2" falsecount="0"/>
        <line num="32" count="8" type="stmt"/>
        <line num="34" count="12" type="stmt"/>
        <line num="35" count="873" type="stmt"/>
        <line num="36" count="12" type="stmt"/>
        <line num="37" count="750" type="stmt"/>
        <line num="38" count="12" type="stmt"/>
        <line num="39" count="12" type="stmt"/>
        <line num="40" count="12" type="stmt"/>
      </file>
    </package>
    <package name="snapshot">
      <metrics statements="132" coveredstatements="128" conditionals="42" coveredconditionals="30" methods="12" coveredmethods="12"/>
      <file name="async.ts" path="/home/runner/work/fs-zoo/fs-zoo/src/snapshot/async.ts">
        <metrics statements="39" coveredstatements="37" conditionals="21" coveredconditionals="15" methods="2" coveredmethods="2"/>
        <line num="2" count="3" type="stmt"/>
        <line num="3" count="3" type="stmt"/>
        <line num="4" count="3" type="cond" truecount="1" falsecount="1"/>
        <line num="5" count="125" type="stmt"/>
        <line num="6" count="125" type="cond" truecount="2" falsecount="0"/>
        <line num="7" count="58" type="stmt"/>
        <line num="8" count="58" type="stmt"/>
        <line num="9" count="58" type="cond" truecount="2" falsecount="0"/>
        <line num="10" count="58" type="stmt"/>
        <line num="11" count="114" type="stmt"/>
        <line num="12" count="114" type="cond" truecount="1" falsecount="1"/>
        <line num="13" count="114" type="stmt"/>
        <line num="15" count="58" type="stmt"/>
        <line num="17" count="67" type="cond" truecount="2" falsecount="0"/>
        <line num="18" count="58" type="stmt"/>
        <line num="19" count="58" type="stmt"/>
        <line num="20" count="58" type="stmt"/>
        <line num="22" count="9" type="cond" truecount="1" falsecount="1"/>
        <line num="23" count="9" type="stmt"/>
        <line num="30" count="0" type="stmt"/>
        <line num="32" count="3" type="stmt"/>
        <line num="33" count="3" type="cond" truecount="1" falsecount="1"/>
        <line num="34" count="45" type="cond" truecount="1" falsecount="1"/>
        <line num="35" count="0" type="stmt"/>
        <line num="36" count="45" type="cond" truecount="3" falsecount="0"/>
        <line num="38" count="21" type="cond" truecount="1" falsecount="1"/>
        <line num="39" count="21" type="stmt"/>
        <line num="40" count="21" type="stmt"/>
        <line num="41" count="21" type="stmt"/>
        <line num="42" count="21" type="stmt"/>
        <line num="43" count="42" type="stmt"/>
        <line num="44" count="21" type="stmt"/>
        <line num="47" count="21" type="stmt"/>
        <line num="48" count="21" type="stmt"/>
        <line num="49" count="21" type="stmt"/>
        <line num="52" count="3" type="stmt"/>
        <line num="53" count="3" type="stmt"/>
        <line num="54" count="3" type="stmt"/>
        <line num="58" count="3" type="stmt"/>
      </file>
      <file name="binary.ts" path="/home/runner/work/fs-zoo/fs-zoo/src/snapshot/binary.ts">
        <metrics statements="25" coveredstatements="25" conditionals="0" coveredconditionals="0" methods="4" coveredmethods="4"/>
        <line num="2" count="1" type="stmt"/>
        <line num="3" count="1" type="stmt"/>
        <line num="4" count="1" type="stmt"/>
        <line num="5" count="1" type="stmt"/>
        <line num="6" count="1" type="stmt"/>
        <line num="7" count="1" type="stmt"/>
        <line num="8" count="1" type="stmt"/>
        <line num="9" count="1" type="stmt"/>
        <line num="10" count="1" type="stmt"/>
        <line num="11" count="1" type="stmt"/>
        <line num="12" count="3" type="stmt"/>
        <line num="13" count="3" type="stmt"/>
        <line num="15" count="1" type="stmt"/>
        <line num="16" count="1" type="stmt"/>
        <line num="17" count="1" type="stmt"/>
        <line num="18" count="1" type="stmt"/>
        <line num="20" count="1" type="stmt"/>
        <line num="21" count="1" type="stmt"/>
        <line num="22" count="3" type="stmt"/>
        <line num="23" count="3" type="stmt"/>
        <line num="25" count="1" type="stmt"/>
        <line num="26" count="1" type="stmt"/>
        <line num="27" count="1" type="stmt"/>
        <line num="28" count="1" type="stmt"/>
        <line num="30" count="1" type="stmt"/>
      </file>
      <file name="json.ts" path="/home/runner/work/fs-zoo/fs-zoo/src/snapshot/json.ts">
        <metrics statements="25" coveredstatements="25" conditionals="0" coveredconditionals="0" methods="4" coveredmethods="4"/>
        <line num="2" count="1" type="stmt"/>
        <line num="3" count="1" type="stmt"/>
        <line num="4" count="1" type="stmt"/>
        <line num="5" count="1" type="stmt"/>
        <line num="6" count="1" type="stmt"/>
        <line num="7" count="1" type="stmt"/>
        <line num="8" count="1" type="stmt"/>
        <line num="9" count="1" type="stmt"/>
        <line num="10" count="1" type="stmt"/>
        <line num="11" count="1" type="stmt"/>
        <line num="12" count="4" type="stmt"/>
        <line num="13" count="4" type="stmt"/>
        <line num="15" count="1" type="stmt"/>
        <line num="16" count="1" type="stmt"/>
        <line num="17" count="1" type="stmt"/>
        <line num="18" count="1" type="stmt"/>
        <line num="20" count="1" type="stmt"/>
        <line num="21" count="1" type="stmt"/>
        <line num="22" count="3" type="stmt"/>
        <line num="23" count="3" type="stmt"/>
        <line num="25" count="1" type="stmt"/>
        <line num="26" count="1" type="stmt"/>
        <line num="27" count="1" type="stmt"/>
        <line num="28" count="1" type="stmt"/>
        <line num="30" count="1" type="stmt"/>
      </file>
      <file name="shared.ts" path="/home/runner/work/fs-zoo/fs-zoo/src/snapshot/shared.ts">
        <metrics statements="4" coveredstatements="4" conditionals="0" coveredconditionals="0" methods="0" coveredmethods="0"/>
        <line num="2" count="2" type="stmt"/>
        <line num="3" count="2" type="stmt"/>
        <line num="4" count="2" type="stmt"/>
        <line num="5" count="2" type="stmt"/>
      </file>
      <file name="sync.ts" path="/home/runner/work/fs-zoo/fs-zoo/src/snapshot/sync.ts">
        <metrics statements="39" coveredstatements="37" conditionals="21" coveredconditionals="15" methods="2" coveredmethods="2"/>
        <line num="2" count="3" type="stmt"/>
        <line num="3" count="3" type="stmt"/>
        <line num="4" count="3" type="cond" truecount="1" falsecount="1"/>
        <line num="5" count="140" type="stmt"/>
        <line num="6" count="140" type="cond" truecount="2" falsecount="0"/>
        <line num="7" count="65" type="stmt"/>
        <line num="8" count="65" type="stmt"/>
        <line num="9" count="65" type="cond" truecount="2" falsecount="0"/>
        <line num="10" count="65" type="stmt"/>
        <line num="11" count="128" type="stmt"/>
        <line num="12" count="128" type="cond" truecount="1" falsecount="1"/>
        <line num="13" count="128" type="stmt"/>
        <line num="15" count="65" type="stmt"/>
        <line num="17" count="75" type="cond" truecount="2" falsecount="0"/>
        <line num="18" count="65" type="stmt"/>
        <line num="19" count="65" type="stmt"/>
        <line num="20" count="65" type="stmt"/>
        <line num="22" count="10" type="cond" truecount="1" falsecount="1"/>
        <line num="23" count="10" type="stmt"/>
        <line num="30" count="0" type="stmt"/>
        <line num="32" count="3" type="stmt"/>
        <line num="33" count="3" type="cond" truecount="1" falsecount="1"/>
        <line num="34" count="45" type="cond" truecount="1" falsecount="1"/>
        <line num="35" count="0" type="stmt"/>
        <line num="36" count="45" type="cond" truecount="3" falsecount="0"/>
        <line num="38" count="21" type="cond" truecount="1" falsecount="1"/>
        <line num="39" count="21" type="stmt"/>
        <line num="40" count="21" type="stmt"/>
        <line num="41" count="21" type="stmt"/>
        <line num="42" count="21" type="stmt"/>
        <line num="43" count="42" type="stmt"/>
        <line num="44" count="21" type="stmt"/>
        <line num="47" count="21" type="stmt"/>
        <line num="48" count="21" type="stmt"/>
        <line num="49" count="21" type="stmt"/>
        <line num="52" count="3" type="stmt"/>
        <line num="53" count="3" type="stmt"/>
        <line num="54" count="3" type="stmt"/>
        <line num="58" count="3" type="stmt"/>
      </file>
    </package>
  </project>
</coverage>
