{"/home/runner/work/fs-zoo/fs-zoo/src/__tests__/util.ts": {"path":"/home/runner/work/fs-zoo/fs-zoo/src/__tests__/util.ts","statementMap":{"0":{"start":{"line":2,"column":0},"end":{"line":2,"column":62}},"1":{"start":{"line":3,"column":0},"end":{"line":3,"column":114}},"2":{"start":{"line":4,"column":16},"end":{"line":4,"column":32}},"3":{"start":{"line":5,"column":15},"end":{"line":8,"column":1}},"4":{"start":{"line":6,"column":16},"end":{"line":6,"column":45}},"5":{"start":{"line":7,"column":4},"end":{"line":7,"column":15}},"6":{"start":{"line":9,"column":0},"end":{"line":9,"column":24}},"7":{"start":{"line":10,"column":17},"end":{"line":12,"column":1}},"8":{"start":{"line":11,"column":4},"end":{"line":11,"column":70}},"9":{"start":{"line":13,"column":0},"end":{"line":13,"column":28}},"10":{"start":{"line":14,"column":20},"end":{"line":20,"column":1}},"11":{"start":{"line":15,"column":18},"end":{"line":15,"column":37}},"12":{"start":{"line":16,"column":4},"end":{"line":18,"column":5}},"13":{"start":{"line":17,"column":8},"end":{"line":17,"column":73}},"14":{"start":{"line":19,"column":4},"end":{"line":19,"column":17}},"15":{"start":{"line":21,"column":0},"end":{"line":21,"column":34}},"16":{"start":{"line":22,"column":24},"end":{"line":22,"column":86}},"17":{"start":{"line":22,"column":40},"end":{"line":22,"column":86}},"18":{"start":{"line":23,"column":0},"end":{"line":23,"column":42}},"19":{"start":{"line":24,"column":25},"end":{"line":24,"column":64}},"20":{"start":{"line":29,"column":0},"end":{"line":29,"column":73}}},"fnMap":{"0":{"name":"(anonymous_0)","decl":{"start":{"line":5,"column":15},"end":{"line":5,"column":16}},"loc":{"start":{"line":5,"column":45},"end":{"line":8,"column":1}},"line":5},"1":{"name":"(anonymous_1)","decl":{"start":{"line":10,"column":17},"end":{"line":10,"column":18}},"loc":{"start":{"line":10,"column":27},"end":{"line":12,"column":1}},"line":10},"2":{"name":"(anonymous_2)","decl":{"start":{"line":14,"column":20},"end":{"line":14,"column":21}},"loc":{"start":{"line":14,"column":36},"end":{"line":20,"column":1}},"line":14},"3":{"name":"(anonymous_3)","decl":{"start":{"line":22,"column":24},"end":{"line":22,"column":25}},"loc":{"start":{"line":22,"column":40},"end":{"line":22,"column":86}},"line":22}},"branchMap":{"0":{"loc":{"start":{"line":5,"column":16},"end":{"line":5,"column":40}},"type":"default-arg","locations":[{"start":{"line":5,"column":23},"end":{"line":5,"column":40}}],"line":5},"1":{"loc":{"start":{"line":16,"column":4},"end":{"line":18,"column":5}},"type":"if","locations":[{"start":{"line":16,"column":4},"end":{"line":18,"column":5}},{"start":{},"end":{}}],"line":16},"2":{"loc":{"start":{"line":29,"column":23},"end":{"line":29,"column":72}},"type":"cond-expr","locations":[{"start":{"line":29,"column":48},"end":{"line":29,"column":56}},{"start":{"line":29,"column":59},"end":{"line":29,"column":72}}],"line":29}},"s":{"0":11,"1":11,"2":11,"3":11,"4":0,"5":0,"6":11,"7":11,"8":0,"9":11,"10":11,"11":0,"12":0,"13":0,"14":0,"15":11,"16":11,"17":0,"18":11,"19":11,"20":11},"f":{"0":0,"1":0,"2":0,"3":0},"b":{"0":[0],"1":[0,0],"2":[11,0]},"_coverageSchema":"1a1c01bbd47fc00a2c39e90264f33305004495a9","hash":"bb44967f6856f1ae65a173855dbddb90eed6bf7b"}
,"/home/runner/work/fs-zoo/fs-zoo/src/crud/util.ts": {"path":"/home/runner/work/fs-zoo/fs-zoo/src/crud/util.ts","statementMap":{"0":{"start":{"line":2,"column":0},"end":{"line":2,"column":62}},"1":{"start":{"line":3,"column":0},"end":{"line":3,"column":28}},"2":{"start":{"line":4,"column":15},"end":{"line":4,"column":45}},"3":{"start":{"line":5,"column":19},"end":{"line":9,"column":1}},"4":{"start":{"line":6,"column":19},"end":{"line":6,"column":30}},"5":{"start":{"line":7,"column":4},"end":{"line":8,"column":55}},"6":{"start":{"line":7,"column":17},"end":{"line":7,"column":18}},"7":{"start":{"line":8,"column":8},"end":{"line":8,"column":55}},"8":{"start":{"line":10,"column":0},"end":{"line":10,"column":32}}},"fnMap":{"0":{"name":"(anonymous_0)","decl":{"start":{"line":5,"column":19},"end":{"line":5,"column":20}},"loc":{"start":{"line":5,"column":44},"end":{"line":9,"column":1}},"line":5}},"branchMap":{},"s":{"0":5,"1":5,"2":5,"3":5,"4":701,"5":701,"6":701,"7":893,"8":5},"f":{"0":701},"b":{},"_coverageSchema":"1a1c01bbd47fc00a2c39e90264f33305004495a9","hash":"ae314723e79c63b19a6a35d86dcb83b14e33601d"}
,"/home/runner/work/fs-zoo/fs-zoo/src/crud-to-cas/CrudCas.ts": {"path":"/home/runner/work/fs-zoo/fs-zoo/src/crud-to-cas/CrudCas.ts","statementMap":{"0":{"start":{"line":2,"column":0},"end":{"line":2,"column":62}},"1":{"start":{"line":3,"column":0},"end":{"line":3,"column":25}},"2":{"start":{"line":4,"column":15},"end":{"line":4,"column":32}},"3":{"start":{"line":5,"column":22},"end":{"line":5,"column":46}},"4":{"start":{"line":6,"column":18},"end":{"line":6,"column":39}},"5":{"start":{"line":6,"column":30},"end":{"line":6,"column":39}},"6":{"start":{"line":9,"column":8},"end":{"line":9,"column":68}},"7":{"start":{"line":10,"column":8},"end":{"line":10,"column":25}},"8":{"start":{"line":11,"column":8},"end":{"line":11,"column":31}},"9":{"start":{"line":14,"column":0},"end":{"line":14,"column":26}}},"fnMap":{"0":{"name":"(anonymous_0)","decl":{"start":{"line":6,"column":18},"end":{"line":6,"column":19}},"loc":{"start":{"line":6,"column":30},"end":{"line":6,"column":39}},"line":6},"1":{"name":"(anonymous_1)","decl":{"start":{"line":8,"column":4},"end":{"line":8,"column":5}},"loc":{"start":{"line":8,"column":31},"end":{"line":12,"column":5}},"line":8}},"branchMap":{},"s":{"0":1,"1":1,"2":1,"3":1,"4":1,"5":6,"6":30,"7":30,"8":30,"9":1},"f":{"0":6,"1":30},"b":{},"_coverageSchema":"1a1c01bbd47fc00a2c39e90264f33305004495a9","hash":"5748ac43077082e8b0b8be05f26d8e2b41f06513"}
,"/home/runner/work/fs-zoo/fs-zoo/src/crud-to-cas/CrudCasBase.ts": {"path":"/home/runner/work/fs-zoo/fs-zoo/src/crud-to-cas/CrudCasBase.ts","statementMap":{"0":{"start":{"line":2,"column":0},"end":{"line":2,"column":62}},"1":{"start":{"line":3,"column":0},"end":{"line":3,"column":29}},"2":{"start":{"line":4,"column":24},"end":{"line":18,"column":1}},"3":{"start":{"line":5,"column":4},"end":{"line":17,"column":5}},"4":{"start":{"line":6,"column":8},"end":{"line":6,"column":28}},"5":{"start":{"line":9,"column":8},"end":{"line":15,"column":9}},"6":{"start":{"line":10,"column":12},"end":{"line":14,"column":13}},"7":{"start":{"line":13,"column":20},"end":{"line":13,"column":74}},"8":{"start":{"line":16,"column":8},"end":{"line":16,"column":20}},"9":{"start":{"line":21,"column":8},"end":{"line":21,"column":25}},"10":{"start":{"line":22,"column":8},"end":{"line":22,"column":25}},"11":{"start":{"line":23,"column":8},"end":{"line":23,"column":33}},"12":{"start":{"line":24,"column":8},"end":{"line":24,"column":35}},"13":{"start":{"line":25,"column":8},"end":{"line":30,"column":10}},"14":{"start":{"line":26,"column":27},"end":{"line":26,"column":48}},"15":{"start":{"line":27,"column":43},"end":{"line":27,"column":64}},"16":{"start":{"line":28,"column":12},"end":{"line":28,"column":60}},"17":{"start":{"line":29,"column":12},"end":{"line":29,"column":26}},"18":{"start":{"line":31,"column":8},"end":{"line":42,"column":10}},"19":{"start":{"line":32,"column":43},"end":{"line":32,"column":62}},"20":{"start":{"line":33,"column":12},"end":{"line":41,"column":15}},"21":{"start":{"line":34,"column":29},"end":{"line":34,"column":70}},"22":{"start":{"line":35,"column":16},"end":{"line":39,"column":17}},"23":{"start":{"line":36,"column":35},"end":{"line":36,"column":56}},"24":{"start":{"line":37,"column":20},"end":{"line":38,"column":97}},"25":{"start":{"line":38,"column":24},"end":{"line":38,"column":97}},"26":{"start":{"line":40,"column":16},"end":{"line":40,"column":28}},"27":{"start":{"line":43,"column":8},"end":{"line":48,"column":10}},"28":{"start":{"line":44,"column":43},"end":{"line":44,"column":62}},"29":{"start":{"line":45,"column":12},"end":{"line":47,"column":15}},"30":{"start":{"line":46,"column":16},"end":{"line":46,"column":73}},"31":{"start":{"line":49,"column":8},"end":{"line":54,"column":10}},"32":{"start":{"line":50,"column":43},"end":{"line":50,"column":62}},"33":{"start":{"line":51,"column":12},"end":{"line":53,"column":15}},"34":{"start":{"line":52,"column":16},"end":{"line":52,"column":66}},"35":{"start":{"line":57,"column":0},"end":{"line":57,"column":34}}},"fnMap":{"0":{"name":"(anonymous_0)","decl":{"start":{"line":4,"column":24},"end":{"line":4,"column":25}},"loc":{"start":{"line":4,"column":40},"end":{"line":18,"column":1}},"line":4},"1":{"name":"(anonymous_1)","decl":{"start":{"line":20,"column":4},"end":{"line":20,"column":5}},"loc":{"start":{"line":20,"column":49},"end":{"line":55,"column":5}},"line":20},"2":{"name":"(anonymous_2)","decl":{"start":{"line":25,"column":19},"end":{"line":25,"column":20}},"loc":{"start":{"line":25,"column":35},"end":{"line":30,"column":9}},"line":25},"3":{"name":"(anonymous_3)","decl":{"start":{"line":31,"column":19},"end":{"line":31,"column":20}},"loc":{"start":{"line":31,"column":44},"end":{"line":42,"column":9}},"line":31},"4":{"name":"(anonymous_4)","decl":{"start":{"line":33,"column":41},"end":{"line":33,"column":42}},"loc":{"start":{"line":33,"column":53},"end":{"line":41,"column":13}},"line":33},"5":{"name":"(anonymous_5)","decl":{"start":{"line":43,"column":19},"end":{"line":43,"column":20}},"loc":{"start":{"line":43,"column":43},"end":{"line":48,"column":9}},"line":43},"6":{"name":"(anonymous_6)","decl":{"start":{"line":45,"column":34},"end":{"line":45,"column":35}},"loc":{"start":{"line":45,"column":46},"end":{"line":47,"column":13}},"line":45},"7":{"name":"(anonymous_7)","decl":{"start":{"line":49,"column":20},"end":{"line":49,"column":21}},"loc":{"start":{"line":49,"column":36},"end":{"line":54,"column":9}},"line":49},"8":{"name":"(anonymous_8)","decl":{"start":{"line":51,"column":41},"end":{"line":51,"column":42}},"loc":{"start":{"line":51,"column":53},"end":{"line":53,"column":13}},"line":51}},"branchMap":{"0":{"loc":{"start":{"line":9,"column":8},"end":{"line":15,"column":9}},"type":"if","locations":[{"start":{"line":9,"column":8},"end":{"line":15,"column":9}},{"start":{},"end":{}}],"line":9},"1":{"loc":{"start":{"line":9,"column":12},"end":{"line":9,"column":46}},"type":"binary-expr","locations":[{"start":{"line":9,"column":12},"end":{"line":9,"column":17}},{"start":{"line":9,"column":21},"end":{"line":9,"column":46}}],"line":9},"2":{"loc":{"start":{"line":10,"column":12},"end":{"line":14,"column":13}},"type":"switch","locations":[{"start":{"line":11,"column":16},"end":{"line":11,"column":40}},{"start":{"line":12,"column":16},"end":{"line":13,"column":74}}],"line":10},"3":{"loc":{"start":{"line":35,"column":16},"end":{"line":39,"column":17}},"type":"if","locations":[{"start":{"line":35,"column":16},"end":{"line":39,"column":17}},{"start":{},"end":{}}],"line":35},"4":{"loc":{"start":{"line":37,"column":20},"end":{"line":38,"column":97}},"type":"if","locations":[{"start":{"line":37,"column":20},"end":{"line":38,"column":97}},{"start":{},"end":{}}],"line":37}},"s":{"0":2,"1":2,"2":2,"3":38,"4":38,"5":16,"6":16,"7":13,"8":3,"9":32,"10":32,"11":32,"12":32,"13":32,"14":32,"15":32,"16":32,"17":32,"18":32,"19":14,"20":14,"21":14,"22":11,"23":8,"24":8,"25":3,"26":8,"27":32,"28":10,"29":10,"30":10,"31":32,"32":14,"33":14,"34":14,"35":2},"f":{"0":38,"1":32,"2":32,"3":14,"4":14,"5":10,"6":10,"7":14,"8":14},"b":{"0":[16,0],"1":[16,16],"2":[4,13],"3":[8,3],"4":[3,5]},"_coverageSchema":"1a1c01bbd47fc00a2c39e90264f33305004495a9","hash":"52fa6ed6d20d07b39fc91510d6851b2368194c6d"}
,"/home/runner/work/fs-zoo/fs-zoo/src/crud-to-cas/util.ts": {"path":"/home/runner/work/fs-zoo/fs-zoo/src/crud-to-cas/util.ts","statementMap":{"0":{"start":{"line":2,"column":0},"end":{"line":2,"column":62}},"1":{"start":{"line":3,"column":0},"end":{"line":3,"column":32}},"2":{"start":{"line":4,"column":23},"end":{"line":11,"column":1}},"3":{"start":{"line":5,"column":4},"end":{"line":6,"column":49}},"4":{"start":{"line":6,"column":8},"end":{"line":6,"column":49}},"5":{"start":{"line":7,"column":20},"end":{"line":7,"column":34}},"6":{"start":{"line":8,"column":29},"end":{"line":8,"column":47}},"7":{"start":{"line":9,"column":19},"end":{"line":9,"column":46}},"8":{"start":{"line":10,"column":4},"end":{"line":10,"column":26}},"9":{"start":{"line":12,"column":0},"end":{"line":12,"column":40}}},"fnMap":{"0":{"name":"(anonymous_0)","decl":{"start":{"line":4,"column":23},"end":{"line":4,"column":24}},"loc":{"start":{"line":4,"column":33},"end":{"line":11,"column":1}},"line":4}},"branchMap":{"0":{"loc":{"start":{"line":5,"column":4},"end":{"line":6,"column":49}},"type":"if","locations":[{"start":{"line":5,"column":4},"end":{"line":6,"column":49}},{"start":{},"end":{}}],"line":5}},"s":{"0":2,"1":2,"2":2,"3":74,"4":0,"5":74,"6":74,"7":74,"8":74,"9":2},"f":{"0":74},"b":{"0":[0,74]},"_coverageSchema":"1a1c01bbd47fc00a2c39e90264f33305004495a9","hash":"da82ef6daf428b1631b6a9aacf7b5b59c237b205"}
,"/home/runner/work/fs-zoo/fs-zoo/src/crud-to-cas/__tests__/testCasfs.ts": {"path":"/home/runner/work/fs-zoo/fs-zoo/src/crud-to-cas/__tests__/testCasfs.ts","statementMap":{"0":{"start":{"line":2,"column":0},"end":{"line":2,"column":62}},"1":{"start":{"line":3,"column":0},"end":{"line":3,"column":42}},"2":{"start":{"line":4,"column":19},"end":{"line":4,"column":38}},"3":{"start":{"line":5,"column":17},"end":{"line":5,"column":34}},"4":{"start":{"line":6,"column":15},"end":{"line":6,"column":33}},"5":{"start":{"line":7,"column":13},"end":{"line":11,"column":1}},"6":{"start":{"line":8,"column":19},"end":{"line":8,"column":51}},"7":{"start":{"line":9,"column":4},"end":{"line":9,"column":24}},"8":{"start":{"line":10,"column":4},"end":{"line":10,"column":32}},"9":{"start":{"line":12,"column":0},"end":{"line":12,"column":20}},"10":{"start":{"line":13,"column":10},"end":{"line":16,"column":1}},"11":{"start":{"line":14,"column":16},"end":{"line":14,"column":32}},"12":{"start":{"line":15,"column":4},"end":{"line":15,"column":70}},"13":{"start":{"line":17,"column":18},"end":{"line":106,"column":1}},"14":{"start":{"line":18,"column":4},"end":{"line":26,"column":7}},"15":{"start":{"line":19,"column":8},"end":{"line":25,"column":11}},"16":{"start":{"line":20,"column":25},"end":{"line":20,"column":41}},"17":{"start":{"line":21,"column":38},"end":{"line":21,"column":45}},"18":{"start":{"line":22,"column":25},"end":{"line":22,"column":44}},"19":{"start":{"line":23,"column":12},"end":{"line":23,"column":74}},"20":{"start":{"line":24,"column":12},"end":{"line":24,"column":49}},"21":{"start":{"line":27,"column":4},"end":{"line":62,"column":7}},"22":{"start":{"line":28,"column":8},"end":{"line":34,"column":11}},"23":{"start":{"line":29,"column":25},"end":{"line":29,"column":41}},"24":{"start":{"line":30,"column":28},"end":{"line":30,"column":35}},"25":{"start":{"line":31,"column":25},"end":{"line":31,"column":44}},"26":{"start":{"line":32,"column":26},"end":{"line":32,"column":45}},"27":{"start":{"line":33,"column":12},"end":{"line":33,"column":46}},"28":{"start":{"line":35,"column":8},"end":{"line":42,"column":11}},"29":{"start":{"line":36,"column":25},"end":{"line":36,"column":43}},"30":{"start":{"line":37,"column":28},"end":{"line":37,"column":35}},"31":{"start":{"line":38,"column":25},"end":{"line":38,"column":44}},"32":{"start":{"line":39,"column":28},"end":{"line":39,"column":105}},"33":{"start":{"line":40,"column":12},"end":{"line":40,"column":53}},"34":{"start":{"line":41,"column":12},"end":{"line":41,"column":50}},"35":{"start":{"line":43,"column":8},"end":{"line":52,"column":11}},"36":{"start":{"line":44,"column":25},"end":{"line":44,"column":41}},"37":{"start":{"line":45,"column":34},"end":{"line":45,"column":41}},"38":{"start":{"line":46,"column":25},"end":{"line":46,"column":44}},"39":{"start":{"line":47,"column":29},"end":{"line":47,"column":61}},"40":{"start":{"line":48,"column":12},"end":{"line":48,"column":72}},"41":{"start":{"line":49,"column":28},"end":{"line":49,"column":67}},"42":{"start":{"line":50,"column":12},"end":{"line":50,"column":53}},"43":{"start":{"line":51,"column":12},"end":{"line":51,"column":47}},"44":{"start":{"line":53,"column":8},"end":{"line":61,"column":11}},"45":{"start":{"line":54,"column":25},"end":{"line":54,"column":41}},"46":{"start":{"line":55,"column":34},"end":{"line":55,"column":41}},"47":{"start":{"line":56,"column":25},"end":{"line":56,"column":44}},"48":{"start":{"line":57,"column":29},"end":{"line":57,"column":61}},"49":{"start":{"line":58,"column":12},"end":{"line":58,"column":72}},"50":{"start":{"line":59,"column":26},"end":{"line":59,"column":73}},"51":{"start":{"line":60,"column":12},"end":{"line":60,"column":59}},"52":{"start":{"line":63,"column":4},"end":{"line":79,"column":7}},"53":{"start":{"line":64,"column":8},"end":{"line":70,"column":11}},"54":{"start":{"line":65,"column":25},"end":{"line":65,"column":41}},"55":{"start":{"line":66,"column":28},"end":{"line":66,"column":35}},"56":{"start":{"line":67,"column":25},"end":{"line":67,"column":44}},"57":{"start":{"line":68,"column":25},"end":{"line":68,"column":45}},"58":{"start":{"line":69,"column":12},"end":{"line":69,"column":39}},"59":{"start":{"line":71,"column":8},"end":{"line":78,"column":11}},"60":{"start":{"line":72,"column":25},"end":{"line":72,"column":43}},"61":{"start":{"line":73,"column":28},"end":{"line":73,"column":35}},"62":{"start":{"line":74,"column":25},"end":{"line":74,"column":44}},"63":{"start":{"line":75,"column":28},"end":{"line":75,"column":106}},"64":{"start":{"line":76,"column":12},"end":{"line":76,"column":53}},"65":{"start":{"line":77,"column":12},"end":{"line":77,"column":50}},"66":{"start":{"line":80,"column":4},"end":{"line":105,"column":7}},"67":{"start":{"line":81,"column":8},"end":{"line":90,"column":11}},"68":{"start":{"line":82,"column":25},"end":{"line":82,"column":41}},"69":{"start":{"line":83,"column":28},"end":{"line":83,"column":35}},"70":{"start":{"line":84,"column":25},"end":{"line":84,"column":44}},"71":{"start":{"line":85,"column":25},"end":{"line":85,"column":45}},"72":{"start":{"line":86,"column":12},"end":{"line":86,"column":32}},"73":{"start":{"line":87,"column":28},"end":{"line":87,"column":68}},"74":{"start":{"line":88,"column":12},"end":{"line":88,"column":53}},"75":{"start":{"line":89,"column":12},"end":{"line":89,"column":50}},"76":{"start":{"line":91,"column":8},"end":{"line":98,"column":11}},"77":{"start":{"line":92,"column":25},"end":{"line":92,"column":43}},"78":{"start":{"line":93,"column":28},"end":{"line":93,"column":35}},"79":{"start":{"line":94,"column":25},"end":{"line":94,"column":44}},"80":{"start":{"line":95,"column":28},"end":{"line":95,"column":105}},"81":{"start":{"line":96,"column":12},"end":{"line":96,"column":53}},"82":{"start":{"line":97,"column":12},"end":{"line":97,"column":50}},"83":{"start":{"line":99,"column":8},"end":{"line":104,"column":11}},"84":{"start":{"line":100,"column":25},"end":{"line":100,"column":43}},"85":{"start":{"line":101,"column":28},"end":{"line":101,"column":35}},"86":{"start":{"line":102,"column":25},"end":{"line":102,"column":44}},"87":{"start":{"line":103,"column":12},"end":{"line":103,"column":76}},"88":{"start":{"line":107,"column":0},"end":{"line":107,"column":30}}},"fnMap":{"0":{"name":"(anonymous_0)","decl":{"start":{"line":7,"column":13},"end":{"line":7,"column":14}},"loc":{"start":{"line":7,"column":29},"end":{"line":11,"column":1}},"line":7},"1":{"name":"(anonymous_1)","decl":{"start":{"line":13,"column":10},"end":{"line":13,"column":11}},"loc":{"start":{"line":13,"column":19},"end":{"line":16,"column":1}},"line":13},"2":{"name":"(anonymous_2)","decl":{"start":{"line":17,"column":18},"end":{"line":17,"column":19}},"loc":{"start":{"line":17,"column":29},"end":{"line":106,"column":1}},"line":17},"3":{"name":"(anonymous_3)","decl":{"start":{"line":18,"column":23},"end":{"line":18,"column":24}},"loc":{"start":{"line":18,"column":29},"end":{"line":26,"column":5}},"line":18},"4":{"name":"(anonymous_4)","decl":{"start":{"line":19,"column":33},"end":{"line":19,"column":34}},"loc":{"start":{"line":19,"column":45},"end":{"line":25,"column":9}},"line":19},"5":{"name":"(anonymous_5)","decl":{"start":{"line":27,"column":23},"end":{"line":27,"column":24}},"loc":{"start":{"line":27,"column":29},"end":{"line":62,"column":5}},"line":27},"6":{"name":"(anonymous_6)","decl":{"start":{"line":28,"column":43},"end":{"line":28,"column":44}},"loc":{"start":{"line":28,"column":55},"end":{"line":34,"column":9}},"line":28},"7":{"name":"(anonymous_7)","decl":{"start":{"line":35,"column":46},"end":{"line":35,"column":47}},"loc":{"start":{"line":35,"column":58},"end":{"line":42,"column":9}},"line":35},"8":{"name":"(anonymous_8)","decl":{"start":{"line":43,"column":64},"end":{"line":43,"column":65}},"loc":{"start":{"line":43,"column":76},"end":{"line":52,"column":9}},"line":43},"9":{"name":"(anonymous_9)","decl":{"start":{"line":53,"column":61},"end":{"line":53,"column":62}},"loc":{"start":{"line":53,"column":73},"end":{"line":61,"column":9}},"line":53},"10":{"name":"(anonymous_10)","decl":{"start":{"line":63,"column":24},"end":{"line":63,"column":25}},"loc":{"start":{"line":63,"column":30},"end":{"line":79,"column":5}},"line":63},"11":{"name":"(anonymous_11)","decl":{"start":{"line":64,"column":48},"end":{"line":64,"column":49}},"loc":{"start":{"line":64,"column":60},"end":{"line":70,"column":9}},"line":64},"12":{"name":"(anonymous_12)","decl":{"start":{"line":71,"column":46},"end":{"line":71,"column":47}},"loc":{"start":{"line":71,"column":58},"end":{"line":78,"column":9}},"line":71},"13":{"name":"(anonymous_13)","decl":{"start":{"line":80,"column":23},"end":{"line":80,"column":24}},"loc":{"start":{"line":80,"column":29},"end":{"line":105,"column":5}},"line":80},"14":{"name":"(anonymous_14)","decl":{"start":{"line":81,"column":44},"end":{"line":81,"column":45}},"loc":{"start":{"line":81,"column":56},"end":{"line":90,"column":9}},"line":81},"15":{"name":"(anonymous_15)","decl":{"start":{"line":91,"column":46},"end":{"line":91,"column":47}},"loc":{"start":{"line":91,"column":58},"end":{"line":98,"column":9}},"line":91},"16":{"name":"(anonymous_16)","decl":{"start":{"line":99,"column":60},"end":{"line":99,"column":61}},"loc":{"start":{"line":99,"column":72},"end":{"line":104,"column":9}},"line":99}},"branchMap":{},"s":{"0":1,"1":1,"2":1,"3":1,"4":1,"5":1,"6":36,"7":36,"8":36,"9":1,"10":1,"11":39,"12":39,"13":1,"14":3,"15":3,"16":3,"17":3,"18":3,"19":3,"20":3,"21":3,"22":3,"23":3,"24":3,"25":3,"26":3,"27":3,"28":3,"29":3,"30":3,"31":3,"32":3,"33":3,"34":3,"35":3,"36":3,"37":3,"38":3,"39":3,"40":3,"41":3,"42":3,"43":3,"44":3,"45":3,"46":3,"47":3,"48":3,"49":3,"50":3,"51":3,"52":3,"53":3,"54":3,"55":3,"56":3,"57":3,"58":3,"59":3,"60":3,"61":3,"62":3,"63":3,"64":3,"65":3,"66":3,"67":3,"68":3,"69":3,"70":3,"71":3,"72":3,"73":3,"74":3,"75":3,"76":3,"77":3,"78":3,"79":3,"80":3,"81":3,"82":3,"83":3,"84":3,"85":3,"86":3,"87":3,"88":1},"f":{"0":36,"1":39,"2":3,"3":3,"4":3,"5":3,"6":3,"7":3,"8":3,"9":3,"10":3,"11":3,"12":3,"13":3,"14":3,"15":3,"16":3},"b":{},"_coverageSchema":"1a1c01bbd47fc00a2c39e90264f33305004495a9","hash":"a5e108b4c5262f6a45ea7a7be685185262e38102"}
,"/home/runner/work/fs-zoo/fs-zoo/src/crud/__tests__/testCrudfs.ts": {"path":"/home/runner/work/fs-zoo/fs-zoo/src/crud/__tests__/testCrudfs.ts","statementMap":{"0":{"start":{"line":2,"column":0},"end":{"line":2,"column":62}},"1":{"start":{"line":3,"column":0},"end":{"line":3,"column":28}},"2":{"start":{"line":4,"column":19},"end":{"line":4,"column":38}},"3":{"start":{"line":5,"column":10},"end":{"line":8,"column":1}},"4":{"start":{"line":6,"column":16},"end":{"line":6,"column":32}},"5":{"start":{"line":7,"column":4},"end":{"line":7,"column":70}},"6":{"start":{"line":9,"column":19},"end":{"line":322,"column":1}},"7":{"start":{"line":10,"column":4},"end":{"line":63,"column":7}},"8":{"start":{"line":11,"column":8},"end":{"line":16,"column":11}},"9":{"start":{"line":12,"column":29},"end":{"line":12,"column":36}},"10":{"start":{"line":13,"column":28},"end":{"line":13,"column":101}},"11":{"start":{"line":14,"column":12},"end":{"line":14,"column":50}},"12":{"start":{"line":15,"column":12},"end":{"line":15,"column":98}},"13":{"start":{"line":17,"column":8},"end":{"line":22,"column":11}},"14":{"start":{"line":18,"column":29},"end":{"line":18,"column":36}},"15":{"start":{"line":19,"column":28},"end":{"line":19,"column":95}},"16":{"start":{"line":20,"column":12},"end":{"line":20,"column":50}},"17":{"start":{"line":21,"column":12},"end":{"line":21,"column":98}},"18":{"start":{"line":23,"column":8},"end":{"line":29,"column":11}},"19":{"start":{"line":24,"column":39},"end":{"line":24,"column":46}},"20":{"start":{"line":25,"column":12},"end":{"line":25,"column":48}},"21":{"start":{"line":26,"column":12},"end":{"line":28,"column":15}},"22":{"start":{"line":30,"column":8},"end":{"line":36,"column":11}},"23":{"start":{"line":31,"column":39},"end":{"line":31,"column":46}},"24":{"start":{"line":32,"column":12},"end":{"line":32,"column":56}},"25":{"start":{"line":33,"column":12},"end":{"line":35,"column":15}},"26":{"start":{"line":37,"column":8},"end":{"line":44,"column":11}},"27":{"start":{"line":38,"column":39},"end":{"line":38,"column":46}},"28":{"start":{"line":39,"column":12},"end":{"line":39,"column":56}},"29":{"start":{"line":40,"column":12},"end":{"line":40,"column":56}},"30":{"start":{"line":41,"column":12},"end":{"line":43,"column":15}},"31":{"start":{"line":45,"column":8},"end":{"line":51,"column":11}},"32":{"start":{"line":46,"column":29},"end":{"line":46,"column":36}},"33":{"start":{"line":47,"column":12},"end":{"line":47,"column":79}},"34":{"start":{"line":48,"column":28},"end":{"line":48,"column":114}},"35":{"start":{"line":49,"column":12},"end":{"line":49,"column":53}},"36":{"start":{"line":50,"column":12},"end":{"line":50,"column":44}},"37":{"start":{"line":52,"column":8},"end":{"line":62,"column":11}},"38":{"start":{"line":53,"column":39},"end":{"line":53,"column":46}},"39":{"start":{"line":54,"column":28},"end":{"line":54,"column":113}},"40":{"start":{"line":55,"column":12},"end":{"line":55,"column":54}},"41":{"start":{"line":56,"column":12},"end":{"line":56,"column":78}},"42":{"start":{"line":57,"column":12},"end":{"line":57,"column":53}},"43":{"start":{"line":58,"column":12},"end":{"line":58,"column":45}},"44":{"start":{"line":59,"column":12},"end":{"line":61,"column":15}},"45":{"start":{"line":64,"column":4},"end":{"line":96,"column":7}},"46":{"start":{"line":65,"column":8},"end":{"line":70,"column":11}},"47":{"start":{"line":66,"column":29},"end":{"line":66,"column":36}},"48":{"start":{"line":67,"column":28},"end":{"line":67,"column":82}},"49":{"start":{"line":68,"column":12},"end":{"line":68,"column":50}},"50":{"start":{"line":69,"column":12},"end":{"line":69,"column":98}},"51":{"start":{"line":71,"column":8},"end":{"line":76,"column":11}},"52":{"start":{"line":72,"column":29},"end":{"line":72,"column":36}},"53":{"start":{"line":73,"column":28},"end":{"line":73,"column":75}},"54":{"start":{"line":74,"column":12},"end":{"line":74,"column":50}},"55":{"start":{"line":75,"column":12},"end":{"line":75,"column":98}},"56":{"start":{"line":77,"column":8},"end":{"line":82,"column":11}},"57":{"start":{"line":78,"column":29},"end":{"line":78,"column":36}},"58":{"start":{"line":79,"column":28},"end":{"line":79,"column":78}},"59":{"start":{"line":80,"column":12},"end":{"line":80,"column":53}},"60":{"start":{"line":81,"column":12},"end":{"line":81,"column":56}},"61":{"start":{"line":83,"column":8},"end":{"line":89,"column":11}},"62":{"start":{"line":84,"column":29},"end":{"line":84,"column":36}},"63":{"start":{"line":85,"column":12},"end":{"line":85,"column":53}},"64":{"start":{"line":86,"column":28},"end":{"line":86,"column":78}},"65":{"start":{"line":87,"column":12},"end":{"line":87,"column":53}},"66":{"start":{"line":88,"column":12},"end":{"line":88,"column":54}},"67":{"start":{"line":90,"column":8},"end":{"line":95,"column":11}},"68":{"start":{"line":91,"column":29},"end":{"line":91,"column":36}},"69":{"start":{"line":92,"column":12},"end":{"line":92,"column":53}},"70":{"start":{"line":93,"column":25},"end":{"line":93,"column":55}},"71":{"start":{"line":94,"column":12},"end":{"line":94,"column":49}},"72":{"start":{"line":97,"column":4},"end":{"line":145,"column":7}},"73":{"start":{"line":98,"column":8},"end":{"line":103,"column":11}},"74":{"start":{"line":99,"column":29},"end":{"line":99,"column":36}},"75":{"start":{"line":100,"column":28},"end":{"line":100,"column":89}},"76":{"start":{"line":101,"column":12},"end":{"line":101,"column":50}},"77":{"start":{"line":102,"column":12},"end":{"line":102,"column":98}},"78":{"start":{"line":104,"column":8},"end":{"line":109,"column":11}},"79":{"start":{"line":105,"column":29},"end":{"line":105,"column":36}},"80":{"start":{"line":106,"column":28},"end":{"line":106,"column":84}},"81":{"start":{"line":107,"column":12},"end":{"line":107,"column":50}},"82":{"start":{"line":108,"column":12},"end":{"line":108,"column":98}},"83":{"start":{"line":110,"column":8},"end":{"line":121,"column":11}},"84":{"start":{"line":111,"column":12},"end":{"line":116,"column":15}},"85":{"start":{"line":112,"column":33},"end":{"line":112,"column":40}},"86":{"start":{"line":113,"column":32},"end":{"line":113,"column":82}},"87":{"start":{"line":114,"column":16},"end":{"line":114,"column":57}},"88":{"start":{"line":115,"column":16},"end":{"line":115,"column":60}},"89":{"start":{"line":117,"column":12},"end":{"line":120,"column":15}},"90":{"start":{"line":118,"column":33},"end":{"line":118,"column":40}},"91":{"start":{"line":119,"column":16},"end":{"line":119,"column":53}},"92":{"start":{"line":122,"column":8},"end":{"line":135,"column":11}},"93":{"start":{"line":123,"column":12},"end":{"line":129,"column":15}},"94":{"start":{"line":124,"column":33},"end":{"line":124,"column":40}},"95":{"start":{"line":125,"column":16},"end":{"line":125,"column":57}},"96":{"start":{"line":126,"column":32},"end":{"line":126,"column":82}},"97":{"start":{"line":127,"column":16},"end":{"line":127,"column":57}},"98":{"start":{"line":128,"column":16},"end":{"line":128,"column":58}},"99":{"start":{"line":130,"column":12},"end":{"line":134,"column":15}},"100":{"start":{"line":131,"column":33},"end":{"line":131,"column":40}},"101":{"start":{"line":132,"column":16},"end":{"line":132,"column":57}},"102":{"start":{"line":133,"column":16},"end":{"line":133,"column":53}},"103":{"start":{"line":136,"column":8},"end":{"line":144,"column":11}},"104":{"start":{"line":137,"column":29},"end":{"line":137,"column":36}},"105":{"start":{"line":138,"column":12},"end":{"line":138,"column":53}},"106":{"start":{"line":139,"column":12},"end":{"line":139,"column":43}},"107":{"start":{"line":140,"column":12},"end":{"line":140,"column":43}},"108":{"start":{"line":141,"column":28},"end":{"line":141,"column":78}},"109":{"start":{"line":142,"column":12},"end":{"line":142,"column":53}},"110":{"start":{"line":143,"column":12},"end":{"line":143,"column":54}},"111":{"start":{"line":146,"column":4},"end":{"line":192,"column":7}},"112":{"start":{"line":147,"column":8},"end":{"line":152,"column":11}},"113":{"start":{"line":148,"column":29},"end":{"line":148,"column":36}},"114":{"start":{"line":149,"column":28},"end":{"line":149,"column":83}},"115":{"start":{"line":150,"column":12},"end":{"line":150,"column":50}},"116":{"start":{"line":151,"column":12},"end":{"line":151,"column":99}},"117":{"start":{"line":153,"column":8},"end":{"line":158,"column":11}},"118":{"start":{"line":154,"column":29},"end":{"line":154,"column":36}},"119":{"start":{"line":155,"column":28},"end":{"line":155,"column":77}},"120":{"start":{"line":156,"column":12},"end":{"line":156,"column":50}},"121":{"start":{"line":157,"column":12},"end":{"line":157,"column":99}},"122":{"start":{"line":159,"column":8},"end":{"line":169,"column":11}},"123":{"start":{"line":160,"column":29},"end":{"line":160,"column":36}},"124":{"start":{"line":161,"column":12},"end":{"line":161,"column":53}},"125":{"start":{"line":162,"column":25},"end":{"line":162,"column":56}},"126":{"start":{"line":163,"column":12},"end":{"line":168,"column":15}},"127":{"start":{"line":170,"column":8},"end":{"line":177,"column":11}},"128":{"start":{"line":171,"column":29},"end":{"line":171,"column":36}},"129":{"start":{"line":172,"column":12},"end":{"line":172,"column":53}},"130":{"start":{"line":173,"column":25},"end":{"line":173,"column":49}},"131":{"start":{"line":174,"column":12},"end":{"line":176,"column":15}},"132":{"start":{"line":178,"column":8},"end":{"line":184,"column":11}},"133":{"start":{"line":179,"column":29},"end":{"line":179,"column":36}},"134":{"start":{"line":180,"column":12},"end":{"line":180,"column":53}},"135":{"start":{"line":181,"column":28},"end":{"line":181,"column":79}},"136":{"start":{"line":182,"column":12},"end":{"line":182,"column":53}},"137":{"start":{"line":183,"column":12},"end":{"line":183,"column":54}},"138":{"start":{"line":185,"column":8},"end":{"line":191,"column":11}},"139":{"start":{"line":186,"column":29},"end":{"line":186,"column":36}},"140":{"start":{"line":187,"column":12},"end":{"line":187,"column":58}},"141":{"start":{"line":188,"column":28},"end":{"line":188,"column":84}},"142":{"start":{"line":189,"column":12},"end":{"line":189,"column":53}},"143":{"start":{"line":190,"column":12},"end":{"line":190,"column":56}},"144":{"start":{"line":193,"column":4},"end":{"line":238,"column":7}},"145":{"start":{"line":194,"column":8},"end":{"line":199,"column":11}},"146":{"start":{"line":195,"column":29},"end":{"line":195,"column":36}},"147":{"start":{"line":196,"column":28},"end":{"line":196,"column":76}},"148":{"start":{"line":197,"column":12},"end":{"line":197,"column":50}},"149":{"start":{"line":198,"column":12},"end":{"line":198,"column":99}},"150":{"start":{"line":200,"column":8},"end":{"line":211,"column":11}},"151":{"start":{"line":201,"column":29},"end":{"line":201,"column":36}},"152":{"start":{"line":202,"column":12},"end":{"line":202,"column":56}},"153":{"start":{"line":203,"column":12},"end":{"line":203,"column":56}},"154":{"start":{"line":204,"column":12},"end":{"line":204,"column":56}},"155":{"start":{"line":205,"column":25},"end":{"line":205,"column":54}},"156":{"start":{"line":206,"column":12},"end":{"line":206,"column":49}},"157":{"start":{"line":207,"column":12},"end":{"line":207,"column":42}},"158":{"start":{"line":208,"column":28},"end":{"line":208,"column":77}},"159":{"start":{"line":209,"column":12},"end":{"line":209,"column":53}},"160":{"start":{"line":210,"column":12},"end":{"line":210,"column":56}},"161":{"start":{"line":212,"column":8},"end":{"line":220,"column":11}},"162":{"start":{"line":213,"column":29},"end":{"line":213,"column":36}},"163":{"start":{"line":214,"column":12},"end":{"line":214,"column":56}},"164":{"start":{"line":215,"column":12},"end":{"line":215,"column":56}},"165":{"start":{"line":216,"column":12},"end":{"line":216,"column":56}},"166":{"start":{"line":217,"column":28},"end":{"line":217,"column":71}},"167":{"start":{"line":218,"column":12},"end":{"line":218,"column":53}},"168":{"start":{"line":219,"column":12},"end":{"line":219,"column":56}},"169":{"start":{"line":221,"column":8},"end":{"line":227,"column":11}},"170":{"start":{"line":222,"column":29},"end":{"line":222,"column":36}},"171":{"start":{"line":223,"column":12},"end":{"line":223,"column":56}},"172":{"start":{"line":224,"column":12},"end":{"line":224,"column":56}},"173":{"start":{"line":225,"column":12},"end":{"line":225,"column":56}},"174":{"start":{"line":226,"column":12},"end":{"line":226,"column":42}},"175":{"start":{"line":228,"column":8},"end":{"line":237,"column":11}},"176":{"start":{"line":229,"column":39},"end":{"line":229,"column":46}},"177":{"start":{"line":230,"column":12},"end":{"line":230,"column":56}},"178":{"start":{"line":231,"column":12},"end":{"line":231,"column":56}},"179":{"start":{"line":232,"column":12},"end":{"line":232,"column":56}},"180":{"start":{"line":233,"column":25},"end":{"line":233,"column":54}},"181":{"start":{"line":234,"column":12},"end":{"line":234,"column":49}},"182":{"start":{"line":235,"column":12},"end":{"line":235,"column":32}},"183":{"start":{"line":236,"column":12},"end":{"line":236,"column":43}},"184":{"start":{"line":239,"column":4},"end":{"line":284,"column":7}},"185":{"start":{"line":240,"column":8},"end":{"line":251,"column":11}},"186":{"start":{"line":241,"column":29},"end":{"line":241,"column":36}},"187":{"start":{"line":242,"column":12},"end":{"line":250,"column":13}},"188":{"start":{"line":243,"column":33},"end":{"line":243,"column":59}},"189":{"start":{"line":244,"column":16},"end":{"line":244,"column":38}},"190":{"start":{"line":245,"column":16},"end":{"line":245,"column":46}},"191":{"start":{"line":248,"column":16},"end":{"line":248,"column":54}},"192":{"start":{"line":249,"column":16},"end":{"line":249,"column":103}},"193":{"start":{"line":252,"column":8},"end":{"line":273,"column":11}},"194":{"start":{"line":253,"column":29},"end":{"line":253,"column":36}},"195":{"start":{"line":254,"column":12},"end":{"line":254,"column":51}},"196":{"start":{"line":255,"column":12},"end":{"line":255,"column":46}},"197":{"start":{"line":256,"column":12},"end":{"line":256,"column":46}},"198":{"start":{"line":257,"column":25},"end":{"line":257,"column":27}},"199":{"start":{"line":258,"column":12},"end":{"line":259,"column":33}},"200":{"start":{"line":259,"column":16},"end":{"line":259,"column":33}},"201":{"start":{"line":260,"column":12},"end":{"line":260,"column":40}},"202":{"start":{"line":261,"column":12},"end":{"line":264,"column":15}},"203":{"start":{"line":261,"column":34},"end":{"line":261,"column":48}},"204":{"start":{"line":265,"column":12},"end":{"line":268,"column":15}},"205":{"start":{"line":265,"column":34},"end":{"line":265,"column":48}},"206":{"start":{"line":269,"column":12},"end":{"line":272,"column":15}},"207":{"start":{"line":269,"column":34},"end":{"line":269,"column":48}},"208":{"start":{"line":274,"column":8},"end":{"line":283,"column":11}},"209":{"start":{"line":275,"column":29},"end":{"line":275,"column":36}},"210":{"start":{"line":276,"column":12},"end":{"line":276,"column":51}},"211":{"start":{"line":277,"column":12},"end":{"line":277,"column":46}},"212":{"start":{"line":278,"column":12},"end":{"line":278,"column":46}},"213":{"start":{"line":279,"column":29},"end":{"line":279,"column":46}},"214":{"start":{"line":280,"column":28},"end":{"line":280,"column":69}},"215":{"start":{"line":281,"column":12},"end":{"line":281,"column":53}},"216":{"start":{"line":282,"column":12},"end":{"line":282,"column":56}},"217":{"start":{"line":285,"column":4},"end":{"line":321,"column":7}},"218":{"start":{"line":286,"column":8},"end":{"line":291,"column":11}},"219":{"start":{"line":287,"column":29},"end":{"line":287,"column":36}},"220":{"start":{"line":288,"column":28},"end":{"line":288,"column":80}},"221":{"start":{"line":289,"column":12},"end":{"line":289,"column":50}},"222":{"start":{"line":290,"column":12},"end":{"line":290,"column":99}},"223":{"start":{"line":292,"column":8},"end":{"line":311,"column":11}},"224":{"start":{"line":293,"column":29},"end":{"line":293,"column":36}},"225":{"start":{"line":294,"column":12},"end":{"line":294,"column":51}},"226":{"start":{"line":295,"column":12},"end":{"line":295,"column":46}},"227":{"start":{"line":296,"column":12},"end":{"line":296,"column":46}},"228":{"start":{"line":297,"column":25},"end":{"line":297,"column":44}},"229":{"start":{"line":298,"column":12},"end":{"line":298,"column":40}},"230":{"start":{"line":299,"column":12},"end":{"line":302,"column":15}},"231":{"start":{"line":299,"column":34},"end":{"line":299,"column":48}},"232":{"start":{"line":303,"column":12},"end":{"line":306,"column":15}},"233":{"start":{"line":303,"column":34},"end":{"line":303,"column":48}},"234":{"start":{"line":307,"column":12},"end":{"line":310,"column":15}},"235":{"start":{"line":307,"column":34},"end":{"line":307,"column":48}},"236":{"start":{"line":312,"column":8},"end":{"line":320,"column":11}},"237":{"start":{"line":313,"column":29},"end":{"line":313,"column":36}},"238":{"start":{"line":314,"column":12},"end":{"line":314,"column":51}},"239":{"start":{"line":315,"column":12},"end":{"line":315,"column":46}},"240":{"start":{"line":316,"column":12},"end":{"line":316,"column":46}},"241":{"start":{"line":317,"column":28},"end":{"line":317,"column":71}},"242":{"start":{"line":318,"column":12},"end":{"line":318,"column":53}},"243":{"start":{"line":319,"column":12},"end":{"line":319,"column":56}},"244":{"start":{"line":323,"column":0},"end":{"line":323,"column":32}}},"fnMap":{"0":{"name":"(anonymous_0)","decl":{"start":{"line":5,"column":10},"end":{"line":5,"column":11}},"loc":{"start":{"line":5,"column":19},"end":{"line":8,"column":1}},"line":5},"1":{"name":"(anonymous_1)","decl":{"start":{"line":9,"column":19},"end":{"line":9,"column":20}},"loc":{"start":{"line":9,"column":30},"end":{"line":322,"column":1}},"line":9},"2":{"name":"(anonymous_2)","decl":{"start":{"line":10,"column":23},"end":{"line":10,"column":24}},"loc":{"start":{"line":10,"column":29},"end":{"line":63,"column":5}},"line":10},"3":{"name":"(anonymous_3)","decl":{"start":{"line":11,"column":48},"end":{"line":11,"column":49}},"loc":{"start":{"line":11,"column":60},"end":{"line":16,"column":9}},"line":11},"4":{"name":"(anonymous_4)","decl":{"start":{"line":17,"column":42},"end":{"line":17,"column":43}},"loc":{"start":{"line":17,"column":54},"end":{"line":22,"column":9}},"line":17},"5":{"name":"(anonymous_5)","decl":{"start":{"line":23,"column":45},"end":{"line":23,"column":46}},"loc":{"start":{"line":23,"column":57},"end":{"line":29,"column":9}},"line":23},"6":{"name":"(anonymous_6)","decl":{"start":{"line":30,"column":67},"end":{"line":30,"column":68}},"loc":{"start":{"line":30,"column":79},"end":{"line":36,"column":9}},"line":30},"7":{"name":"(anonymous_7)","decl":{"start":{"line":37,"column":48},"end":{"line":37,"column":49}},"loc":{"start":{"line":37,"column":60},"end":{"line":44,"column":9}},"line":37},"8":{"name":"(anonymous_8)","decl":{"start":{"line":45,"column":59},"end":{"line":45,"column":60}},"loc":{"start":{"line":45,"column":71},"end":{"line":51,"column":9}},"line":45},"9":{"name":"(anonymous_9)","decl":{"start":{"line":52,"column":59},"end":{"line":52,"column":60}},"loc":{"start":{"line":52,"column":71},"end":{"line":62,"column":9}},"line":52},"10":{"name":"(anonymous_10)","decl":{"start":{"line":64,"column":23},"end":{"line":64,"column":24}},"loc":{"start":{"line":64,"column":29},"end":{"line":96,"column":5}},"line":64},"11":{"name":"(anonymous_11)","decl":{"start":{"line":65,"column":48},"end":{"line":65,"column":49}},"loc":{"start":{"line":65,"column":60},"end":{"line":70,"column":9}},"line":65},"12":{"name":"(anonymous_12)","decl":{"start":{"line":71,"column":42},"end":{"line":71,"column":43}},"loc":{"start":{"line":71,"column":54},"end":{"line":76,"column":9}},"line":71},"13":{"name":"(anonymous_13)","decl":{"start":{"line":77,"column":52},"end":{"line":77,"column":53}},"loc":{"start":{"line":77,"column":64},"end":{"line":82,"column":9}},"line":77},"14":{"name":"(anonymous_14)","decl":{"start":{"line":83,"column":50},"end":{"line":83,"column":51}},"loc":{"start":{"line":83,"column":62},"end":{"line":89,"column":9}},"line":83},"15":{"name":"(anonymous_15)","decl":{"start":{"line":90,"column":47},"end":{"line":90,"column":48}},"loc":{"start":{"line":90,"column":59},"end":{"line":95,"column":9}},"line":90},"16":{"name":"(anonymous_16)","decl":{"start":{"line":97,"column":23},"end":{"line":97,"column":24}},"loc":{"start":{"line":97,"column":29},"end":{"line":145,"column":5}},"line":97},"17":{"name":"(anonymous_17)","decl":{"start":{"line":98,"column":48},"end":{"line":98,"column":49}},"loc":{"start":{"line":98,"column":60},"end":{"line":103,"column":9}},"line":98},"18":{"name":"(anonymous_18)","decl":{"start":{"line":104,"column":42},"end":{"line":104,"column":43}},"loc":{"start":{"line":104,"column":54},"end":{"line":109,"column":9}},"line":104},"19":{"name":"(anonymous_19)","decl":{"start":{"line":110,"column":51},"end":{"line":110,"column":52}},"loc":{"start":{"line":110,"column":57},"end":{"line":121,"column":9}},"line":110},"20":{"name":"(anonymous_20)","decl":{"start":{"line":111,"column":38},"end":{"line":111,"column":39}},"loc":{"start":{"line":111,"column":50},"end":{"line":116,"column":13}},"line":111},"21":{"name":"(anonymous_21)","decl":{"start":{"line":117,"column":58},"end":{"line":117,"column":59}},"loc":{"start":{"line":117,"column":70},"end":{"line":120,"column":13}},"line":117},"22":{"name":"(anonymous_22)","decl":{"start":{"line":122,"column":65},"end":{"line":122,"column":66}},"loc":{"start":{"line":122,"column":71},"end":{"line":135,"column":9}},"line":122},"23":{"name":"(anonymous_23)","decl":{"start":{"line":123,"column":38},"end":{"line":123,"column":39}},"loc":{"start":{"line":123,"column":50},"end":{"line":129,"column":13}},"line":123},"24":{"name":"(anonymous_24)","decl":{"start":{"line":130,"column":58},"end":{"line":130,"column":59}},"loc":{"start":{"line":130,"column":70},"end":{"line":134,"column":13}},"line":130},"25":{"name":"(anonymous_25)","decl":{"start":{"line":136,"column":45},"end":{"line":136,"column":46}},"loc":{"start":{"line":136,"column":57},"end":{"line":144,"column":9}},"line":136},"26":{"name":"(anonymous_26)","decl":{"start":{"line":146,"column":24},"end":{"line":146,"column":25}},"loc":{"start":{"line":146,"column":30},"end":{"line":192,"column":5}},"line":146},"27":{"name":"(anonymous_27)","decl":{"start":{"line":147,"column":48},"end":{"line":147,"column":49}},"loc":{"start":{"line":147,"column":60},"end":{"line":152,"column":9}},"line":147},"28":{"name":"(anonymous_28)","decl":{"start":{"line":153,"column":42},"end":{"line":153,"column":43}},"loc":{"start":{"line":153,"column":54},"end":{"line":158,"column":9}},"line":153},"29":{"name":"(anonymous_29)","decl":{"start":{"line":159,"column":58},"end":{"line":159,"column":59}},"loc":{"start":{"line":159,"column":70},"end":{"line":169,"column":9}},"line":159},"30":{"name":"(anonymous_30)","decl":{"start":{"line":170,"column":60},"end":{"line":170,"column":61}},"loc":{"start":{"line":170,"column":72},"end":{"line":177,"column":9}},"line":170},"31":{"name":"(anonymous_31)","decl":{"start":{"line":178,"column":47},"end":{"line":178,"column":48}},"loc":{"start":{"line":178,"column":59},"end":{"line":184,"column":9}},"line":178},"32":{"name":"(anonymous_32)","decl":{"start":{"line":185,"column":49},"end":{"line":185,"column":50}},"loc":{"start":{"line":185,"column":61},"end":{"line":191,"column":9}},"line":185},"33":{"name":"(anonymous_33)","decl":{"start":{"line":193,"column":24},"end":{"line":193,"column":25}},"loc":{"start":{"line":193,"column":30},"end":{"line":238,"column":5}},"line":193},"34":{"name":"(anonymous_34)","decl":{"start":{"line":194,"column":54},"end":{"line":194,"column":55}},"loc":{"start":{"line":194,"column":66},"end":{"line":199,"column":9}},"line":194},"35":{"name":"(anonymous_35)","decl":{"start":{"line":200,"column":52},"end":{"line":200,"column":53}},"loc":{"start":{"line":200,"column":64},"end":{"line":211,"column":9}},"line":200},"36":{"name":"(anonymous_36)","decl":{"start":{"line":212,"column":52},"end":{"line":212,"column":53}},"loc":{"start":{"line":212,"column":64},"end":{"line":220,"column":9}},"line":212},"37":{"name":"(anonymous_37)","decl":{"start":{"line":221,"column":84},"end":{"line":221,"column":85}},"loc":{"start":{"line":221,"column":96},"end":{"line":227,"column":9}},"line":221},"38":{"name":"(anonymous_38)","decl":{"start":{"line":228,"column":60},"end":{"line":228,"column":61}},"loc":{"start":{"line":228,"column":72},"end":{"line":237,"column":9}},"line":228},"39":{"name":"(anonymous_39)","decl":{"start":{"line":239,"column":24},"end":{"line":239,"column":25}},"loc":{"start":{"line":239,"column":30},"end":{"line":284,"column":5}},"line":239},"40":{"name":"(anonymous_40)","decl":{"start":{"line":240,"column":54},"end":{"line":240,"column":55}},"loc":{"start":{"line":240,"column":66},"end":{"line":251,"column":9}},"line":240},"41":{"name":"(anonymous_41)","decl":{"start":{"line":252,"column":73},"end":{"line":252,"column":74}},"loc":{"start":{"line":252,"column":85},"end":{"line":273,"column":9}},"line":252},"42":{"name":"(anonymous_42)","decl":{"start":{"line":261,"column":29},"end":{"line":261,"column":30}},"loc":{"start":{"line":261,"column":34},"end":{"line":261,"column":48}},"line":261},"43":{"name":"(anonymous_43)","decl":{"start":{"line":265,"column":29},"end":{"line":265,"column":30}},"loc":{"start":{"line":265,"column":34},"end":{"line":265,"column":48}},"line":265},"44":{"name":"(anonymous_44)","decl":{"start":{"line":269,"column":29},"end":{"line":269,"column":30}},"loc":{"start":{"line":269,"column":34},"end":{"line":269,"column":48}},"line":269},"45":{"name":"(anonymous_45)","decl":{"start":{"line":274,"column":69},"end":{"line":274,"column":70}},"loc":{"start":{"line":274,"column":81},"end":{"line":283,"column":9}},"line":274},"46":{"name":"(anonymous_46)","decl":{"start":{"line":285,"column":24},"end":{"line":285,"column":25}},"loc":{"start":{"line":285,"column":30},"end":{"line":321,"column":5}},"line":285},"47":{"name":"(anonymous_47)","decl":{"start":{"line":286,"column":54},"end":{"line":286,"column":55}},"loc":{"start":{"line":286,"column":66},"end":{"line":291,"column":9}},"line":286},"48":{"name":"(anonymous_48)","decl":{"start":{"line":292,"column":73},"end":{"line":292,"column":74}},"loc":{"start":{"line":292,"column":85},"end":{"line":311,"column":9}},"line":292},"49":{"name":"(anonymous_49)","decl":{"start":{"line":299,"column":29},"end":{"line":299,"column":30}},"loc":{"start":{"line":299,"column":34},"end":{"line":299,"column":48}},"line":299},"50":{"name":"(anonymous_50)","decl":{"start":{"line":303,"column":29},"end":{"line":303,"column":30}},"loc":{"start":{"line":303,"column":34},"end":{"line":303,"column":48}},"line":303},"51":{"name":"(anonymous_51)","decl":{"start":{"line":307,"column":29},"end":{"line":307,"column":30}},"loc":{"start":{"line":307,"column":34},"end":{"line":307,"column":48}},"line":307},"52":{"name":"(anonymous_52)","decl":{"start":{"line":312,"column":69},"end":{"line":312,"column":70}},"loc":{"start":{"line":312,"column":81},"end":{"line":320,"column":9}},"line":312}},"branchMap":{},"s":{"0":3,"1":3,"2":3,"3":3,"4":344,"5":344,"6":3,"7":8,"8":8,"9":8,"10":8,"11":8,"12":8,"13":8,"14":8,"15":8,"16":8,"17":8,"18":8,"19":8,"20":8,"21":8,"22":8,"23":8,"24":8,"25":8,"26":8,"27":8,"28":8,"29":8,"30":8,"31":8,"32":8,"33":8,"34":8,"35":8,"36":8,"37":8,"38":8,"39":8,"40":8,"41":8,"42":8,"43":8,"44":8,"45":8,"46":8,"47":8,"48":8,"49":8,"50":8,"51":8,"52":8,"53":8,"54":8,"55":8,"56":8,"57":8,"58":8,"59":8,"60":8,"61":8,"62":8,"63":8,"64":8,"65":8,"66":8,"67":8,"68":8,"69":8,"70":8,"71":8,"72":8,"73":8,"74":8,"75":8,"76":8,"77":8,"78":8,"79":8,"80":8,"81":8,"82":8,"83":8,"84":8,"85":8,"86":8,"87":8,"88":8,"89":8,"90":8,"91":8,"92":8,"93":8,"94":8,"95":8,"96":8,"97":8,"98":8,"99":8,"100":8,"101":8,"102":8,"103":8,"104":8,"105":8,"106":8,"107":8,"108":8,"109":8,"110":8,"111":8,"112":8,"113":8,"114":8,"115":8,"116":8,"117":8,"118":8,"119":8,"120":8,"121":8,"122":8,"123":8,"124":8,"125":8,"126":8,"127":8,"128":8,"129":8,"130":8,"131":8,"132":8,"133":8,"134":8,"135":8,"136":8,"137":8,"138":8,"139":8,"140":8,"141":8,"142":8,"143":8,"144":8,"145":8,"146":8,"147":8,"148":8,"149":8,"150":8,"151":8,"152":8,"153":8,"154":8,"155":8,"156":8,"157":8,"158":8,"159":8,"160":8,"161":8,"162":8,"163":8,"164":8,"165":8,"166":8,"167":8,"168":8,"169":8,"170":8,"171":8,"172":8,"173":8,"174":8,"175":8,"176":8,"177":8,"178":8,"179":8,"180":8,"181":8,"182":8,"183":8,"184":8,"185":8,"186":8,"187":8,"188":8,"189":8,"190":0,"191":8,"192":8,"193":8,"194":8,"195":8,"196":8,"197":8,"198":8,"199":8,"200":24,"201":8,"202":8,"203":8,"204":8,"205":24,"206":8,"207":16,"208":8,"209":8,"210":8,"211":8,"212":8,"213":8,"214":8,"215":8,"216":8,"217":8,"218":8,"219":8,"220":8,"221":8,"222":8,"223":8,"224":8,"225":8,"226":8,"227":8,"228":8,"229":8,"230":8,"231":8,"232":8,"233":24,"234":8,"235":16,"236":8,"237":8,"238":8,"239":8,"240":8,"241":8,"242":8,"243":8,"244":3},"f":{"0":344,"1":8,"2":8,"3":8,"4":8,"5":8,"6":8,"7":8,"8":8,"9":8,"10":8,"11":8,"12":8,"13":8,"14":8,"15":8,"16":8,"17":8,"18":8,"19":8,"20":8,"21":8,"22":8,"23":8,"24":8,"25":8,"26":8,"27":8,"28":8,"29":8,"30":8,"31":8,"32":8,"33":8,"34":8,"35":8,"36":8,"37":8,"38":8,"39":8,"40":8,"41":8,"42":8,"43":24,"44":16,"45":8,"46":8,"47":8,"48":8,"49":8,"50":24,"51":16,"52":8},"b":{},"_coverageSchema":"1a1c01bbd47fc00a2c39e90264f33305004495a9","hash":"eaabb2177b8d9cc82a634eb36e0081a3717b56d5"}
,"/home/runner/work/fs-zoo/fs-zoo/src/fsa-to-crud/FsaCrud.ts": {"path":"/home/runner/work/fs-zoo/fs-zoo/src/fsa-to-crud/FsaCrud.ts","statementMap":{"0":{"start":{"line":2,"column":0},"end":{"line":2,"column":62}},"1":{"start":{"line":3,"column":0},"end":{"line":3,"column":25}},"2":{"start":{"line":4,"column":15},"end":{"line":4,"column":45}},"3":{"start":{"line":5,"column":15},"end":{"line":5,"column":38}},"4":{"start":{"line":6,"column":15},"end":{"line":6,"column":32}},"5":{"start":{"line":9,"column":8},"end":{"line":9,"column":25}},"6":{"start":{"line":10,"column":8},"end":{"line":46,"column":10}},"7":{"start":{"line":11,"column":12},"end":{"line":11,"column":64}},"8":{"start":{"line":12,"column":12},"end":{"line":12,"column":56}},"9":{"start":{"line":13,"column":26},"end":{"line":13,"column":61}},"10":{"start":{"line":15,"column":12},"end":{"line":42,"column":13}},"11":{"start":{"line":17,"column":20},"end":{"line":25,"column":21}},"12":{"start":{"line":18,"column":24},"end":{"line":18,"column":78}},"13":{"start":{"line":19,"column":24},"end":{"line":19,"column":59}},"14":{"start":{"line":22,"column":24},"end":{"line":23,"column":36}},"15":{"start":{"line":23,"column":28},"end":{"line":23,"column":36}},"16":{"start":{"line":24,"column":24},"end":{"line":24,"column":77}},"17":{"start":{"line":26,"column":20},"end":{"line":26,"column":26}},"18":{"start":{"line":29,"column":20},"end":{"line":36,"column":21}},"19":{"start":{"line":30,"column":24},"end":{"line":30,"column":78}},"20":{"start":{"line":33,"column":24},"end":{"line":34,"column":64}},"21":{"start":{"line":34,"column":28},"end":{"line":34,"column":64}},"22":{"start":{"line":35,"column":24},"end":{"line":35,"column":32}},"23":{"start":{"line":37,"column":20},"end":{"line":37,"column":26}},"24":{"start":{"line":40,"column":20},"end":{"line":40,"column":73}},"25":{"start":{"line":43,"column":29},"end":{"line":43,"column":56}},"26":{"start":{"line":44,"column":12},"end":{"line":44,"column":39}},"27":{"start":{"line":45,"column":12},"end":{"line":45,"column":35}},"28":{"start":{"line":47,"column":8},"end":{"line":54,"column":10}},"29":{"start":{"line":48,"column":12},"end":{"line":48,"column":64}},"30":{"start":{"line":49,"column":12},"end":{"line":49,"column":56}},"31":{"start":{"line":50,"column":29},"end":{"line":50,"column":63}},"32":{"start":{"line":51,"column":25},"end":{"line":51,"column":45}},"33":{"start":{"line":52,"column":27},"end":{"line":52,"column":51}},"34":{"start":{"line":53,"column":12},"end":{"line":53,"column":42}},"35":{"start":{"line":55,"column":8},"end":{"line":66,"column":10}},"36":{"start":{"line":56,"column":12},"end":{"line":56,"column":64}},"37":{"start":{"line":57,"column":12},"end":{"line":57,"column":56}},"38":{"start":{"line":58,"column":12},"end":{"line":65,"column":13}},"39":{"start":{"line":59,"column":30},"end":{"line":59,"column":64}},"40":{"start":{"line":60,"column":16},"end":{"line":60,"column":64}},"41":{"start":{"line":63,"column":16},"end":{"line":64,"column":32}},"42":{"start":{"line":64,"column":20},"end":{"line":64,"column":32}},"43":{"start":{"line":67,"column":8},"end":{"line":87,"column":10}},"44":{"start":{"line":68,"column":12},"end":{"line":68,"column":65}},"45":{"start":{"line":69,"column":12},"end":{"line":86,"column":13}},"46":{"start":{"line":70,"column":16},"end":{"line":70,"column":61}},"47":{"start":{"line":71,"column":33},"end":{"line":71,"column":67}},"48":{"start":{"line":72,"column":29},"end":{"line":72,"column":49}},"49":{"start":{"line":73,"column":16},"end":{"line":78,"column":18}},"50":{"start":{"line":81,"column":16},"end":{"line":81,"column":53}},"51":{"start":{"line":82,"column":16},"end":{"line":85,"column":18}},"52":{"start":{"line":88,"column":8},"end":{"line":105,"column":10}},"53":{"start":{"line":89,"column":12},"end":{"line":89,"column":65}},"54":{"start":{"line":90,"column":12},"end":{"line":104,"column":13}},"55":{"start":{"line":91,"column":38},"end":{"line":91,"column":74}},"56":{"start":{"line":92,"column":16},"end":{"line":99,"column":17}},"57":{"start":{"line":93,"column":20},"end":{"line":93,"column":76}},"58":{"start":{"line":96,"column":33},"end":{"line":96,"column":48}},"59":{"start":{"line":97,"column":20},"end":{"line":98,"column":74}},"60":{"start":{"line":98,"column":24},"end":{"line":98,"column":74}},"61":{"start":{"line":102,"column":16},"end":{"line":103,"column":32}},"62":{"start":{"line":103,"column":20},"end":{"line":103,"column":32}},"63":{"start":{"line":106,"column":8},"end":{"line":123,"column":10}},"64":{"start":{"line":107,"column":12},"end":{"line":107,"column":65}},"65":{"start":{"line":108,"column":26},"end":{"line":108,"column":62}},"66":{"start":{"line":109,"column":12},"end":{"line":122,"column":13}},"67":{"start":{"line":110,"column":16},"end":{"line":121,"column":17}},"68":{"start":{"line":111,"column":20},"end":{"line":114,"column":22}},"69":{"start":{"line":116,"column":21},"end":{"line":121,"column":17}},"70":{"start":{"line":117,"column":20},"end":{"line":120,"column":22}},"71":{"start":{"line":124,"column":8},"end":{"line":129,"column":10}},"72":{"start":{"line":125,"column":28},"end":{"line":125,"column":30}},"73":{"start":{"line":126,"column":12},"end":{"line":127,"column":36}},"74":{"start":{"line":127,"column":16},"end":{"line":127,"column":36}},"75":{"start":{"line":128,"column":12},"end":{"line":128,"column":27}},"76":{"start":{"line":130,"column":8},"end":{"line":134,"column":10}},"77":{"start":{"line":131,"column":12},"end":{"line":131,"column":65}},"78":{"start":{"line":132,"column":26},"end":{"line":132,"column":61}},"79":{"start":{"line":133,"column":12},"end":{"line":133,"column":36}},"80":{"start":{"line":137,"column":21},"end":{"line":137,"column":30}},"81":{"start":{"line":138,"column":18},"end":{"line":138,"column":33}},"82":{"start":{"line":139,"column":8},"end":{"line":151,"column":9}},"83":{"start":{"line":140,"column":12},"end":{"line":144,"column":13}},"84":{"start":{"line":141,"column":30},"end":{"line":141,"column":76}},"85":{"start":{"line":142,"column":16},"end":{"line":142,"column":29}},"86":{"start":{"line":143,"column":16},"end":{"line":143,"column":28}},"87":{"start":{"line":145,"column":12},"end":{"line":145,"column":33}},"88":{"start":{"line":148,"column":12},"end":{"line":149,"column":64}},"89":{"start":{"line":149,"column":16},"end":{"line":149,"column":64}},"90":{"start":{"line":150,"column":12},"end":{"line":150,"column":24}},"91":{"start":{"line":154,"column":22},"end":{"line":154,"column":58}},"92":{"start":{"line":155,"column":8},"end":{"line":163,"column":9}},"93":{"start":{"line":156,"column":25},"end":{"line":156,"column":71}},"94":{"start":{"line":157,"column":12},"end":{"line":157,"column":31}},"95":{"start":{"line":160,"column":12},"end":{"line":161,"column":66}},"96":{"start":{"line":161,"column":16},"end":{"line":161,"column":66}},"97":{"start":{"line":162,"column":12},"end":{"line":162,"column":24}},"98":{"start":{"line":166,"column":0},"end":{"line":166,"column":26}}},"fnMap":{"0":{"name":"(anonymous_0)","decl":{"start":{"line":8,"column":4},"end":{"line":8,"column":5}},"loc":{"start":{"line":8,"column":22},"end":{"line":135,"column":5}},"line":8},"1":{"name":"(anonymous_1)","decl":{"start":{"line":10,"column":19},"end":{"line":10,"column":20}},"loc":{"start":{"line":10,"column":60},"end":{"line":46,"column":9}},"line":10},"2":{"name":"(anonymous_2)","decl":{"start":{"line":47,"column":19},"end":{"line":47,"column":20}},"loc":{"start":{"line":47,"column":45},"end":{"line":54,"column":9}},"line":47},"3":{"name":"(anonymous_3)","decl":{"start":{"line":55,"column":19},"end":{"line":55,"column":20}},"loc":{"start":{"line":55,"column":53},"end":{"line":66,"column":9}},"line":55},"4":{"name":"(anonymous_4)","decl":{"start":{"line":67,"column":20},"end":{"line":67,"column":21}},"loc":{"start":{"line":67,"column":46},"end":{"line":87,"column":9}},"line":67},"5":{"name":"(anonymous_5)","decl":{"start":{"line":88,"column":20},"end":{"line":88,"column":21}},"loc":{"start":{"line":88,"column":50},"end":{"line":105,"column":9}},"line":88},"6":{"name":"(anonymous_6)","decl":{"start":{"line":106,"column":20},"end":{"line":106,"column":21}},"loc":{"start":{"line":106,"column":49},"end":{"line":123,"column":9}},"line":106},"7":{"name":"(anonymous_7)","decl":{"start":{"line":124,"column":20},"end":{"line":124,"column":21}},"loc":{"start":{"line":124,"column":42},"end":{"line":129,"column":9}},"line":124},"8":{"name":"(anonymous_8)","decl":{"start":{"line":130,"column":20},"end":{"line":130,"column":21}},"loc":{"start":{"line":130,"column":42},"end":{"line":134,"column":9}},"line":130},"9":{"name":"(anonymous_9)","decl":{"start":{"line":136,"column":4},"end":{"line":136,"column":5}},"loc":{"start":{"line":136,"column":37},"end":{"line":152,"column":5}},"line":136},"10":{"name":"(anonymous_10)","decl":{"start":{"line":153,"column":4},"end":{"line":153,"column":5}},"loc":{"start":{"line":153,"column":34},"end":{"line":164,"column":5}},"line":153}},"branchMap":{"0":{"loc":{"start":{"line":15,"column":12},"end":{"line":42,"column":13}},"type":"switch","locations":[{"start":{"line":16,"column":16},"end":{"line":27,"column":17}},{"start":{"line":28,"column":16},"end":{"line":38,"column":17}},{"start":{"line":39,"column":16},"end":{"line":41,"column":17}}],"line":15},"1":{"loc":{"start":{"line":22,"column":24},"end":{"line":23,"column":36}},"type":"if","locations":[{"start":{"line":22,"column":24},"end":{"line":23,"column":36}},{"start":{},"end":{}}],"line":22},"2":{"loc":{"start":{"line":33,"column":24},"end":{"line":34,"column":64}},"type":"if","locations":[{"start":{"line":33,"column":24},"end":{"line":34,"column":64}},{"start":{},"end":{}}],"line":33},"3":{"loc":{"start":{"line":63,"column":16},"end":{"line":64,"column":32}},"type":"if","locations":[{"start":{"line":63,"column":16},"end":{"line":64,"column":32}},{"start":{},"end":{}}],"line":63},"4":{"loc":{"start":{"line":69,"column":12},"end":{"line":86,"column":13}},"type":"if","locations":[{"start":{"line":69,"column":12},"end":{"line":86,"column":13}},{"start":{"line":80,"column":17},"end":{"line":86,"column":13}}],"line":69},"5":{"loc":{"start":{"line":92,"column":16},"end":{"line":99,"column":17}},"type":"if","locations":[{"start":{"line":92,"column":16},"end":{"line":99,"column":17}},{"start":{"line":95,"column":21},"end":{"line":99,"column":17}}],"line":92},"6":{"loc":{"start":{"line":102,"column":16},"end":{"line":103,"column":32}},"type":"if","locations":[{"start":{"line":102,"column":16},"end":{"line":103,"column":32}},{"start":{},"end":{}}],"line":102},"7":{"loc":{"start":{"line":110,"column":16},"end":{"line":121,"column":17}},"type":"if","locations":[{"start":{"line":110,"column":16},"end":{"line":121,"column":17}},{"start":{"line":116,"column":21},"end":{"line":121,"column":17}}],"line":110},"8":{"loc":{"start":{"line":116,"column":21},"end":{"line":121,"column":17}},"type":"if","locations":[{"start":{"line":116,"column":21},"end":{"line":121,"column":17}},{"start":{},"end":{}}],"line":116},"9":{"loc":{"start":{"line":148,"column":12},"end":{"line":149,"column":64}},"type":"if","locations":[{"start":{"line":148,"column":12},"end":{"line":149,"column":64}},{"start":{},"end":{}}],"line":148},"10":{"loc":{"start":{"line":160,"column":12},"end":{"line":161,"column":66}},"type":"if","locations":[{"start":{"line":160,"column":12},"end":{"line":161,"column":66}},{"start":{},"end":{}}],"line":160}},"s":{"0":4,"1":4,"2":4,"3":4,"4":4,"5":156,"6":156,"7":190,"8":186,"9":182,"10":182,"11":8,"12":8,"13":4,"14":8,"15":4,"16":4,"17":4,"18":8,"19":8,"20":4,"21":4,"22":0,"23":4,"24":166,"25":174,"26":174,"27":174,"28":156,"29":35,"30":31,"31":27,"32":14,"33":14,"34":14,"35":156,"36":32,"37":28,"38":24,"39":24,"40":6,"41":18,"42":9,"43":156,"44":42,"45":38,"46":22,"47":18,"48":7,"49":7,"50":16,"51":12,"52":156,"53":20,"54":16,"55":16,"56":8,"57":4,"58":4,"59":4,"60":12,"61":8,"62":4,"63":156,"64":24,"65":16,"66":8,"67":24,"68":16,"69":8,"70":8,"71":156,"72":12,"73":12,"74":12,"75":4,"76":156,"77":0,"78":0,"79":0,"80":299,"81":299,"82":299,"83":299,"84":385,"85":345,"86":345,"87":259,"88":40,"89":40,"90":0,"91":69,"92":49,"93":49,"94":27,"95":22,"96":22,"97":0,"98":4},"f":{"0":156,"1":190,"2":35,"3":32,"4":42,"5":20,"6":24,"7":12,"8":0,"9":299,"10":69},"b":{"0":[8,8,166],"1":[4,4],"2":[4,0],"3":[9,9],"4":[22,16],"5":[4,4],"6":[4,4],"7":[16,8],"8":[8,0],"9":[40,0],"10":[22,0]},"_coverageSchema":"1a1c01bbd47fc00a2c39e90264f33305004495a9","hash":"8550c4e18b1322b7aca46624a29edb0ae252cf19"}
,"/home/runner/work/fs-zoo/fs-zoo/src/fsa-to-crud/index.ts": {"path":"/home/runner/work/fs-zoo/fs-zoo/src/fsa-to-crud/index.ts","statementMap":{"0":{"start":{"line":2,"column":0},"end":{"line":2,"column":62}},"1":{"start":{"line":3,"column":0},"end":{"line":3,"column":25}},"2":{"start":{"line":4,"column":16},"end":{"line":4,"column":36}},"3":{"start":{"line":5,"column":0},"end":{"line":5,"column":112}},"4":{"start":{"line":5,"column":81},"end":{"line":5,"column":106}}},"fnMap":{"0":{"name":"(anonymous_0)","decl":{"start":{"line":5,"column":67},"end":{"line":5,"column":68}},"loc":{"start":{"line":5,"column":79},"end":{"line":5,"column":108}},"line":5}},"branchMap":{},"s":{"0":1,"1":1,"2":1,"3":1,"4":108},"f":{"0":108},"b":{},"_coverageSchema":"1a1c01bbd47fc00a2c39e90264f33305004495a9","hash":"61b109f6f03d3fc70192495fb2862767ef1af4d0"}
,"/home/runner/work/fs-zoo/fs-zoo/src/fsa-to-crud/util.ts": {"path":"/home/runner/work/fs-zoo/fs-zoo/src/fsa-to-crud/util.ts","statementMap":{"0":{"start":{"line":2,"column":0},"end":{"line":2,"column":62}},"1":{"start":{"line":3,"column":0},"end":{"line":3,"column":112}},"2":{"start":{"line":4,"column":24},"end":{"line":4,"column":138}},"3":{"start":{"line":4,"column":44},"end":{"line":4,"column":138}},"4":{"start":{"line":5,"column":0},"end":{"line":5,"column":42}},"5":{"start":{"line":6,"column":26},"end":{"line":6,"column":134}},"6":{"start":{"line":6,"column":42},"end":{"line":6,"column":134}},"7":{"start":{"line":7,"column":0},"end":{"line":7,"column":46}},"8":{"start":{"line":8,"column":23},"end":{"line":8,"column":82}},"9":{"start":{"line":8,"column":29},"end":{"line":8,"column":82}},"10":{"start":{"line":9,"column":0},"end":{"line":9,"column":40}},"11":{"start":{"line":10,"column":24},"end":{"line":10,"column":80}},"12":{"start":{"line":10,"column":30},"end":{"line":10,"column":80}},"13":{"start":{"line":11,"column":0},"end":{"line":11,"column":42}}},"fnMap":{"0":{"name":"(anonymous_0)","decl":{"start":{"line":4,"column":24},"end":{"line":4,"column":25}},"loc":{"start":{"line":4,"column":44},"end":{"line":4,"column":138}},"line":4},"1":{"name":"(anonymous_1)","decl":{"start":{"line":6,"column":26},"end":{"line":6,"column":27}},"loc":{"start":{"line":6,"column":42},"end":{"line":6,"column":134}},"line":6},"2":{"name":"(anonymous_2)","decl":{"start":{"line":8,"column":23},"end":{"line":8,"column":24}},"loc":{"start":{"line":8,"column":29},"end":{"line":8,"column":82}},"line":8},"3":{"name":"(anonymous_3)","decl":{"start":{"line":10,"column":24},"end":{"line":10,"column":25}},"loc":{"start":{"line":10,"column":30},"end":{"line":10,"column":80}},"line":10}},"branchMap":{},"s":{"0":5,"1":5,"2":5,"3":40,"4":5,"5":5,"6":84,"7":5,"8":5,"9":8,"10":5,"11":5,"12":8,"13":5},"f":{"0":40,"1":84,"2":8,"3":8},"b":{},"_coverageSchema":"1a1c01bbd47fc00a2c39e90264f33305004495a9","hash":"403e094d58357cfa08a515702d3bbc9f2c086bd4"}
,"/home/runner/work/fs-zoo/fs-zoo/src/fsa-to-node/FsaNodeCore.ts": {"path":"/home/runner/work/fs-zoo/fs-zoo/src/fsa-to-node/FsaNodeCore.ts","statementMap":{"0":{"start":{"line":2,"column":0},"end":{"line":2,"column":62}},"1":{"start":{"line":3,"column":0},"end":{"line":3,"column":29}},"2":{"start":{"line":4,"column":15},"end":{"line":4,"column":45}},"3":{"start":{"line":5,"column":15},"end":{"line":5,"column":32}},"4":{"start":{"line":6,"column":20},"end":{"line":6,"column":55}},"5":{"start":{"line":7,"column":28},"end":{"line":7,"column":58}},"6":{"start":{"line":8,"column":13},"end":{"line":8,"column":43}},"7":{"start":{"line":11,"column":8},"end":{"line":11,"column":25}},"8":{"start":{"line":12,"column":8},"end":{"line":12,"column":39}},"9":{"start":{"line":13,"column":8},"end":{"line":13,"column":29}},"10":{"start":{"line":18,"column":8},"end":{"line":18,"column":30}},"11":{"start":{"line":19,"column":8},"end":{"line":25,"column":9}},"12":{"start":{"line":20,"column":12},"end":{"line":24,"column":37}},"13":{"start":{"line":22,"column":16},"end":{"line":22,"column":33}},"14":{"start":{"line":28,"column":24},"end":{"line":28,"column":40}},"15":{"start":{"line":29,"column":8},"end":{"line":30,"column":47}},"16":{"start":{"line":30,"column":12},"end":{"line":30,"column":47}},"17":{"start":{"line":31,"column":8},"end":{"line":31,"column":23}},"18":{"start":{"line":34,"column":27},"end":{"line":34,"column":49}},"19":{"start":{"line":35,"column":8},"end":{"line":35,"column":78}},"20":{"start":{"line":42,"column":19},"end":{"line":42,"column":34}},"21":{"start":{"line":43,"column":24},"end":{"line":43,"column":34}},"22":{"start":{"line":44,"column":8},"end":{"line":59,"column":9}},"23":{"start":{"line":45,"column":12},"end":{"line":47,"column":13}},"24":{"start":{"line":46,"column":16},"end":{"line":46,"column":68}},"25":{"start":{"line":50,"column":12},"end":{"line":57,"column":13}},"26":{"start":{"line":51,"column":16},"end":{"line":56,"column":17}},"27":{"start":{"line":53,"column":24},"end":{"line":53,"column":126}},"28":{"start":{"line":55,"column":24},"end":{"line":55,"column":125}},"29":{"start":{"line":58,"column":12},"end":{"line":58,"column":24}},"30":{"start":{"line":60,"column":8},"end":{"line":60,"column":20}},"31":{"start":{"line":63,"column":20},"end":{"line":63,"column":60}},"32":{"start":{"line":64,"column":21},"end":{"line":64,"column":62}},"33":{"start":{"line":65,"column":8},"end":{"line":65,"column":20}},"34":{"start":{"line":68,"column":20},"end":{"line":68,"column":60}},"35":{"start":{"line":69,"column":8},"end":{"line":70,"column":23}},"36":{"start":{"line":70,"column":12},"end":{"line":70,"column":23}},"37":{"start":{"line":71,"column":8},"end":{"line":97,"column":9}},"38":{"start":{"line":72,"column":25},"end":{"line":72,"column":54}},"39":{"start":{"line":73,"column":12},"end":{"line":73,"column":24}},"40":{"start":{"line":76,"column":12},"end":{"line":95,"column":13}},"41":{"start":{"line":77,"column":16},"end":{"line":94,"column":17}},"42":{"start":{"line":79,"column":24},"end":{"line":91,"column":25}},"43":{"start":{"line":80,"column":28},"end":{"line":80,"column":70}},"44":{"start":{"line":83,"column":28},"end":{"line":90,"column":29}},"45":{"start":{"line":84,"column":32},"end":{"line":89,"column":33}},"46":{"start":{"line":86,"column":40},"end":{"line":86,"column":142}},"47":{"start":{"line":88,"column":40},"end":{"line":88,"column":141}},"48":{"start":{"line":93,"column":24},"end":{"line":93,"column":125}},"49":{"start":{"line":96,"column":12},"end":{"line":96,"column":24}},"50":{"start":{"line":100,"column":8},"end":{"line":101,"column":51}},"51":{"start":{"line":101,"column":12},"end":{"line":101,"column":51}},"52":{"start":{"line":102,"column":21},"end":{"line":102,"column":37}},"53":{"start":{"line":103,"column":8},"end":{"line":104,"column":61}},"54":{"start":{"line":104,"column":12},"end":{"line":104,"column":61}},"55":{"start":{"line":105,"column":8},"end":{"line":105,"column":20}},"56":{"start":{"line":108,"column":8},"end":{"line":108,"column":46}},"57":{"start":{"line":111,"column":8},"end":{"line":112,"column":63}},"58":{"start":{"line":112,"column":12},"end":{"line":112,"column":63}},"59":{"start":{"line":113,"column":25},"end":{"line":113,"column":55}},"60":{"start":{"line":114,"column":31},"end":{"line":114,"column":67}},"61":{"start":{"line":115,"column":8},"end":{"line":115,"column":58}},"62":{"start":{"line":118,"column":8},"end":{"line":119,"column":63}},"63":{"start":{"line":119,"column":12},"end":{"line":119,"column":63}},"64":{"start":{"line":120,"column":25},"end":{"line":120,"column":55}},"65":{"start":{"line":121,"column":31},"end":{"line":121,"column":67}},"66":{"start":{"line":122,"column":20},"end":{"line":122,"column":62}},"67":{"start":{"line":123,"column":8},"end":{"line":123,"column":63}},"68":{"start":{"line":126,"column":31},"end":{"line":126,"column":67}},"69":{"start":{"line":127,"column":30},"end":{"line":127,"column":63}},"70":{"start":{"line":128,"column":8},"end":{"line":147,"column":9}},"71":{"start":{"line":129,"column":12},"end":{"line":146,"column":13}},"72":{"start":{"line":130,"column":16},"end":{"line":130,"column":64}},"73":{"start":{"line":131,"column":16},"end":{"line":131,"column":62}},"74":{"start":{"line":134,"column":32},"end":{"line":134,"column":129}},"75":{"start":{"line":135,"column":16},"end":{"line":145,"column":17}},"76":{"start":{"line":136,"column":20},"end":{"line":143,"column":21}},"77":{"start":{"line":137,"column":24},"end":{"line":142,"column":25}},"78":{"start":{"line":139,"column":32},"end":{"line":139,"column":91}},"79":{"start":{"line":141,"column":32},"end":{"line":141,"column":90}},"80":{"start":{"line":144,"column":20},"end":{"line":144,"column":32}},"81":{"start":{"line":148,"column":8},"end":{"line":163,"column":9}},"82":{"start":{"line":149,"column":36},"end":{"line":149,"column":69}},"83":{"start":{"line":150,"column":28},"end":{"line":150,"column":85}},"84":{"start":{"line":151,"column":12},"end":{"line":151,"column":64}},"85":{"start":{"line":154,"column":12},"end":{"line":161,"column":13}},"86":{"start":{"line":155,"column":16},"end":{"line":160,"column":17}},"87":{"start":{"line":157,"column":24},"end":{"line":157,"column":83}},"88":{"start":{"line":159,"column":24},"end":{"line":159,"column":82}},"89":{"start":{"line":162,"column":12},"end":{"line":162,"column":24}},"90":{"start":{"line":166,"column":19},"end":{"line":166,"column":37}},"91":{"start":{"line":167,"column":21},"end":{"line":167,"column":98}},"92":{"start":{"line":168,"column":8},"end":{"line":168,"column":31}},"93":{"start":{"line":169,"column":8},"end":{"line":169,"column":20}},"94":{"start":{"line":172,"column":25},"end":{"line":172,"column":65}},"95":{"start":{"line":173,"column":8},"end":{"line":173,"column":31}},"96":{"start":{"line":174,"column":24},"end":{"line":174,"column":43}},"97":{"start":{"line":175,"column":8},"end":{"line":176,"column":38}},"98":{"start":{"line":176,"column":12},"end":{"line":176,"column":38}},"99":{"start":{"line":179,"column":8},"end":{"line":184,"column":9}},"100":{"start":{"line":180,"column":29},"end":{"line":180,"column":45}},"101":{"start":{"line":181,"column":12},"end":{"line":182,"column":67}},"102":{"start":{"line":182,"column":16},"end":{"line":182,"column":67}},"103":{"start":{"line":183,"column":12},"end":{"line":183,"column":37}},"104":{"start":{"line":185,"column":8},"end":{"line":185,"column":46}},"105":{"start":{"line":188,"column":0},"end":{"line":188,"column":34}},"106":{"start":{"line":189,"column":0},"end":{"line":189,"column":28}}},"fnMap":{"0":{"name":"(anonymous_0)","decl":{"start":{"line":10,"column":4},"end":{"line":10,"column":5}},"loc":{"start":{"line":10,"column":35},"end":{"line":26,"column":5}},"line":10},"1":{"name":"(anonymous_1)","decl":{"start":{"line":21,"column":22},"end":{"line":21,"column":23}},"loc":{"start":{"line":21,"column":30},"end":{"line":23,"column":13}},"line":21},"2":{"name":"(anonymous_2)","decl":{"start":{"line":24,"column":23},"end":{"line":24,"column":24}},"loc":{"start":{"line":24,"column":32},"end":{"line":24,"column":35}},"line":24},"3":{"name":"(anonymous_3)","decl":{"start":{"line":27,"column":4},"end":{"line":27,"column":5}},"loc":{"start":{"line":27,"column":21},"end":{"line":32,"column":5}},"line":27},"4":{"name":"(anonymous_4)","decl":{"start":{"line":33,"column":4},"end":{"line":33,"column":5}},"loc":{"start":{"line":33,"column":18},"end":{"line":36,"column":5}},"line":33},"5":{"name":"(anonymous_5)","decl":{"start":{"line":41,"column":4},"end":{"line":41,"column":5}},"loc":{"start":{"line":41,"column":41},"end":{"line":61,"column":5}},"line":41},"6":{"name":"(anonymous_6)","decl":{"start":{"line":62,"column":4},"end":{"line":62,"column":5}},"loc":{"start":{"line":62,"column":48},"end":{"line":66,"column":5}},"line":62},"7":{"name":"(anonymous_7)","decl":{"start":{"line":67,"column":4},"end":{"line":67,"column":5}},"loc":{"start":{"line":67,"column":45},"end":{"line":98,"column":5}},"line":67},"8":{"name":"(anonymous_8)","decl":{"start":{"line":99,"column":4},"end":{"line":99,"column":5}},"loc":{"start":{"line":99,"column":30},"end":{"line":106,"column":5}},"line":99},"9":{"name":"(anonymous_9)","decl":{"start":{"line":107,"column":4},"end":{"line":107,"column":5}},"loc":{"start":{"line":107,"column":41},"end":{"line":109,"column":5}},"line":107},"10":{"name":"(anonymous_10)","decl":{"start":{"line":110,"column":4},"end":{"line":110,"column":5}},"loc":{"start":{"line":110,"column":38},"end":{"line":116,"column":5}},"line":110},"11":{"name":"(anonymous_11)","decl":{"start":{"line":117,"column":4},"end":{"line":117,"column":5}},"loc":{"start":{"line":117,"column":44},"end":{"line":124,"column":5}},"line":117},"12":{"name":"(anonymous_12)","decl":{"start":{"line":125,"column":4},"end":{"line":125,"column":5}},"loc":{"start":{"line":125,"column":40},"end":{"line":164,"column":5}},"line":125},"13":{"name":"(anonymous_13)","decl":{"start":{"line":165,"column":4},"end":{"line":165,"column":5}},"loc":{"start":{"line":165,"column":44},"end":{"line":170,"column":5}},"line":165},"14":{"name":"(anonymous_14)","decl":{"start":{"line":171,"column":4},"end":{"line":171,"column":5}},"loc":{"start":{"line":171,"column":22},"end":{"line":177,"column":5}},"line":171},"15":{"name":"(anonymous_15)","decl":{"start":{"line":178,"column":4},"end":{"line":178,"column":5}},"loc":{"start":{"line":178,"column":20},"end":{"line":186,"column":5}},"line":178}},"branchMap":{"0":{"loc":{"start":{"line":19,"column":8},"end":{"line":25,"column":9}},"type":"if","locations":[{"start":{"line":19,"column":8},"end":{"line":25,"column":9}},{"start":{},"end":{}}],"line":19},"1":{"loc":{"start":{"line":29,"column":8},"end":{"line":30,"column":47}},"type":"if","locations":[{"start":{"line":29,"column":8},"end":{"line":30,"column":47}},{"start":{},"end":{}}],"line":29},"2":{"loc":{"start":{"line":35,"column":15},"end":{"line":35,"column":77}},"type":"cond-expr","locations":[{"start":{"line":35,"column":48},"end":{"line":35,"column":58}},{"start":{"line":35,"column":61},"end":{"line":35,"column":77}}],"line":35},"3":{"loc":{"start":{"line":50,"column":12},"end":{"line":57,"column":13}},"type":"if","locations":[{"start":{"line":50,"column":12},"end":{"line":57,"column":13}},{"start":{},"end":{}}],"line":50},"4":{"loc":{"start":{"line":50,"column":16},"end":{"line":50,"column":50}},"type":"binary-expr","locations":[{"start":{"line":50,"column":16},"end":{"line":50,"column":21}},{"start":{"line":50,"column":25},"end":{"line":50,"column":50}}],"line":50},"5":{"loc":{"start":{"line":51,"column":16},"end":{"line":56,"column":17}},"type":"switch","locations":[{"start":{"line"
[...]
,"/home/runner/work/fs-zoo/fs-zoo/src/snapshot/async.ts": {"path":"/home/runner/work/fs-zoo/fs-zoo/src/snapshot/async.ts","statementMap":{"0":{"start":{"line":2,"column":0},"end":{"line":2,"column":62}},"1":{"start":{"line":3,"column":0},"end":{"line":3,"column":51}},"2":{"start":{"line":4,"column":19},"end":{"line":31,"column":1}},"3":{"start":{"line":5,"column":18},"end":{"line":5,"column":38}},"4":{"start":{"line":6,"column":4},"end":{"line":29,"column":5}},"5":{"start":{"line":7,"column":21},"end":{"line":7,"column":43}},"6":{"start":{"line":8,"column":24},"end":{"line":8,"column":26}},"7":{"start":{"line":9,"column":20},"end":{"line":9,"column":70}},"8":{"start":{"line":10,"column":8},"end":{"line":14,"column":9}},"9":{"start":{"line":11,"column":34},"end":{"line":11,"column":106}},"10":{"start":{"line":12,"column":12},"end":{"line":13,"column":52}},"11":{"start":{"line":13,"column":16},"end":{"line":13,"column":52}},"12":{"start":{"line":15,"column":8},"end":{"line":15,"column":62}},"13":{"start":{"line":17,"column":9},"end":{"line":29,"column":5}},"14":{"start":{"line":18,"column":21},"end":{"line":18,"column":44}},"15":{"start":{"line":19,"column":22},"end":{"line":19,"column":80}},"16":{"start":{"line":20,"column":8},"end":{"line":20,"column":58}},"17":{"start":{"line":22,"column":9},"end":{"line":29,"column":5}},"18":{"start":{"line":23,"column":8},"end":{"line":28,"column":10}},"19":{"start":{"line":30,"column":4},"end":{"line":30,"column":16}},"20":{"start":{"line":32,"column":0},"end":{"line":32,"column":32}},"21":{"start":{"line":33,"column":21},"end":{"line":57,"column":1}},"22":{"start":{"line":34,"column":4},"end":{"line":35,"column":15}},"23":{"start":{"line":35,"column":8},"end":{"line":35,"column":15}},"24":{"start":{"line":36,"column":4},"end":{"line":56,"column":5}},"25":{"start":{"line":38,"column":12},"end":{"line":39,"column":40}},"26":{"start":{"line":39,"column":16},"end":{"line":39,"column":40}},"27":{"start":{"line":40,"column":34},"end":{"line":40,"column":42}},"28":{"start":{"line":41,"column":12},"end":{"line":41,"column":54}},"29":{"start":{"line":42,"column":12},"end":{"line":43,"column":98}},"30":{"start":{"line":43,"column":16},"end":{"line":43,"column":98}},"31":{"start":{"line":44,"column":12},"end":{"line":44,"column":18}},"32":{"start":{"line":47,"column":31},"end":{"line":47,"column":39}},"33":{"start":{"line":48,"column":12},"end":{"line":48,"column":43}},"34":{"start":{"line":49,"column":12},"end":{"line":49,"column":18}},"35":{"start":{"line":52,"column":35},"end":{"line":52,"column":43}},"36":{"start":{"line":53,"column":12},"end":{"line":53,"column":43}},"37":{"start":{"line":54,"column":12},"end":{"line":54,"column":18}},"38":{"start":{"line":58,"column":0},"end":{"line":58,"column":36}}},"fnMap":{"0":{"name":"(anonymous_0)","decl":{"start":{"line":4,"column":19},"end":{"line":4,"column":20}},"loc":{"start":{"line":4,"column":66},"end":{"line":31,"column":1}},"line":4},"1":{"name":"(anonymous_1)","decl":{"start":{"line":33,"column":21},"end":{"line":33,"column":22}},"loc":{"start":{"line":33,"column":78},"end":{"line":57,"column":1}},"line":33}},"branchMap":{"0":{"loc":{"start":{"line":4,"column":32},"end":{"line":4,"column":42}},"type":"default-arg","locations":[{"start":{"line":4,"column":39},"end":{"line":4,"column":42}}],"line":4},"1":{"loc":{"start":{"line":4,"column":44},"end":{"line":4,"column":59}},"type":"default-arg","locations":[{"start":{"line":4,"column":56},"end":{"line":4,"column":59}}],"line":4},"2":{"loc":{"start":{"line":6,"column":4},"end":{"line":29,"column":5}},"type":"if","locations":[{"start":{"line":6,"column":4},"end":{"line":29,"column":5}},{"start":{"line":17,"column":9},"end":{"line":29,"column":5}}],"line":6},"3":{"loc":{"start":{"line":9,"column":20},"end":{"line":9,"column":70}},"type":"cond-expr","locations":[{"start":{"line":9,"column":47},"end":{"line":9,"column":51}},{"start":{"line":9,"column":54},"end":{"line":9,"column":70}}],"line":9},"4":{"loc":{"start":{"line":12,"column":12},"end":{"line":13,"column":52}},"type":"if","locations":[{"start":{"line":12,"column":12},"end":{"line":13,"column":52}},{"start":{},"end":{}}],"line":12},"5":{"loc":{"start":{"line":17,"column":9},"end":{"line":29,"column":5}},"type":"if","locations":[{"start":{"line":17,"column":9},"end":{"line":29,"column":5}},{"start":{"line":22,"column":9},"end":{"line":29,"column":5}}],"line":17},"6":{"loc":{"start":{"line":22,"column":9},"end":{"line":29,"column":5}},"type":"if","locations":[{"start":{"line":22,"column":9},"end":{"line":29,"column":5}},{"start":{},"end":{}}],"line":22},"7":{"loc":{"start":{"line":33,"column":44},"end":{"line":33,"column":54}},"type":"default-arg","locations":[{"start":{"line":33,"column":51},"end":{"line":33,"column":54}}],"line":33},"8":{"loc":{"start":{"line":33,"column":56},"end":{"line":33,"column":71}},"type":"default-arg","locations":[{"start":{"line":33,"column":68},"end":{"line":33,"column":71}}],"line":33},"9":{"loc":{"start":{"line":34,"column":4},"end":{"line":35,"column":15}},"type":"if","locations":[{"start":{"line":34,"column":4},"end":{"line":35,"column":15}},{"start":{},"end":{}}],"line":34},"10":{"loc":{"start":{"line":36,"column":4},"end":{"line":56,"column":5}},"type":"switch","locations":[{"start":{"line":37,"column":8},"end":{"line":45,"column":9}},{"start":{"line":46,"column":8},"end":{"line":50,"column":9}},{"start":{"line":51,"column":8},"end":{"line":55,"column":9}}],"line":36},"11":{"loc":{"start":{"line":38,"column":12},"end":{"line":39,"column":40}},"type":"if","locations":[{"start":{"line":38,"column":12},"end":{"line":39,"column":40}},{"start":{},"end":{}}],"line":38}},"s":{"0":3,"1":3,"2":3,"3":125,"4":125,"5":58,"6":58,"7":58,"8":58,"9":114,"10":114,"11":114,"12":58,"13":67,"14":58,"15":58,"16":58,"17":9,"18":9,"19":0,"20":3,"21":3,"22":45,"23":0,"24":45,"25":21,"26":21,"27":21,"28":21,"29":21,"30":42,"31":21,"32":21,"33":21,"34":21,"35":3,"36":3,"37":3,"38":3},"f":{"0":125,"1":45},"b":{"0":[0],"1":[11],"2":[58,67],"3":[1,57],"4":[114,0],"5":[58,9],"6":[9,0],"7":[0],"8":[3],"9":[0,45],"10":[21,21,3],"11":[21,0]},"_coverageSchema":"1a1c01bbd47fc00a2c39e90264f33305004495a9","hash":"30ad250ed93040be69765cf8cce6ef80248b2d78"}
,"/home/runner/work/fs-zoo/fs-zoo/src/snapshot/binary.ts": {"path":"/home/runner/work/fs-zoo/fs-zoo/src/snapshot/binary.ts","statementMap":{"0":{"start":{"line":2,"column":0},"end":{"line":2,"column":62}},"1":{"start":{"line":3,"column":0},"end":{"line":3,"column":127}},"2":{"start":{"line":4,"column":22},"end":{"line":4,"column":76}},"3":{"start":{"line":5,"column":22},"end":{"line":5,"column":76}},"4":{"start":{"line":6,"column":15},"end":{"line":6,"column":32}},"5":{"start":{"line":7,"column":16},"end":{"line":7,"column":34}},"6":{"start":{"line":8,"column":17},"end":{"line":8,"column":36}},"7":{"start":{"line":9,"column":16},"end":{"line":9,"column":62}},"8":{"start":{"line":10,"column":16},"end":{"line":10,"column":47}},"9":{"start":{"line":11,"column":29},"end":{"line":14,"column":1}},"10":{"start":{"line":12,"column":21},"end":{"line":12,"column":56}},"11":{"start":{"line":13,"column":4},"end":{"line":13,"column":36}},"12":{"start":{"line":15,"column":0},"end":{"line":15,"column":52}},"13":{"start":{"line":16,"column":31},"end":{"line":19,"column":1}},"14":{"start":{"line":17,"column":21},"end":{"line":17,"column":42}},"15":{"start":{"line":18,"column":4},"end":{"line":18,"column":52}},"16":{"start":{"line":20,"column":0},"end":{"line":20,"column":56}},"17":{"start":{"line":21,"column":25},"end":{"line":24,"column":1}},"18":{"start":{"line":22,"column":21},"end":{"line":22,"column":59}},"19":{"start":{"line":23,"column":4},"end":{"line":23,"column":36}},"20":{"start":{"line":25,"column":0},"end":{"line":25,"column":44}},"21":{"start":{"line":26,"column":27},"end":{"line":29,"column":1}},"22":{"start":{"line":27,"column":21},"end":{"line":27,"column":42}},"23":{"start":{"line":28,"column":4},"end":{"line":28,"column":55}},"24":{"start":{"line":30,"column":0},"end":{"line":30,"column":48}}},"fnMap":{"0":{"name":"(anonymous_0)","decl":{"start":{"line":11,"column":29},"end":{"line":11,"column":30}},"loc":{"start":{"line":11,"column":42},"end":{"line":14,"column":1}},"line":11},"1":{"name":"(anonymous_1)","decl":{"start":{"line":16,"column":31},"end":{"line":16,"column":32}},"loc":{"start":{"line":16,"column":51},"end":{"line":19,"column":1}},"line":16},"2":{"name":"(anonymous_2)","decl":{"start":{"line":21,"column":25},"end":{"line":21,"column":26}},"loc":{"start":{"line":21,"column":44},"end":{"line":24,"column":1}},"line":21},"3":{"name":"(anonymous_3)","decl":{"start":{"line":26,"column":27},"end":{"line":26,"column":28}},"loc":{"start":{"line":26,"column":53},"end":{"line":29,"column":1}},"line":26}},"branchMap":{},"s":{"0":1,"1":1,"2":1,"3":1,"4":1,"5":1,"6":1,"7":1,"8":1,"9":1,"10":3,"11":3,"12":1,"13":1,"14":1,"15":1,"16":1,"17":1,"18":3,"19":3,"20":1,"21":1,"22":1,"23":1,"24":1},"f":{"0":3,"1":1,"2":3,"3":1},"b":{},"_coverageSchema":"1a1c01bbd47fc00a2c39e90264f33305004495a9","hash":"00d498b255e16f4fb6706131dbef43c3eb74a07e"}
,"/home/runner/work/fs-zoo/fs-zoo/src/snapshot/json.ts": {"path":"/home/runner/work/fs-zoo/fs-zoo/src/snapshot/json.ts","statementMap":{"0":{"start":{"line":2,"column":0},"end":{"line":2,"column":62}},"1":{"start":{"line":3,"column":0},"end":{"line":3,"column":119}},"2":{"start":{"line":4,"column":22},"end":{"line":4,"column":76}},"3":{"start":{"line":5,"column":22},"end":{"line":5,"column":76}},"4":{"start":{"line":6,"column":15},"end":{"line":6,"column":32}},"5":{"start":{"line":7,"column":16},"end":{"line":7,"column":34}},"6":{"start":{"line":8,"column":17},"end":{"line":8,"column":36}},"7":{"start":{"line":9,"column":16},"end":{"line":9,"column":62}},"8":{"start":{"line":10,"column":16},"end":{"line":10,"column":47}},"9":{"start":{"line":11,"column":27},"end":{"line":14,"column":1}},"10":{"start":{"line":12,"column":21},"end":{"line":12,"column":56}},"11":{"start":{"line":13,"column":4},"end":{"line":13,"column":36}},"12":{"start":{"line":15,"column":0},"end":{"line":15,"column":48}},"13":{"start":{"line":16,"column":29},"end":{"line":19,"column":1}},"14":{"start":{"line":17,"column":21},"end":{"line":17,"column":40}},"15":{"start":{"line":18,"column":4},"end":{"line":18,"column":52}},"16":{"start":{"line":20,"column":0},"end":{"line":20,"column":52}},"17":{"start":{"line":21,"column":23},"end":{"line":24,"column":1}},"18":{"start":{"line":22,"column":21},"end":{"line":22,"column":59}},"19":{"start":{"line":23,"column":4},"end":{"line":23,"column":36}},"20":{"start":{"line":25,"column":0},"end":{"line":25,"column":40}},"21":{"start":{"line":26,"column":25},"end":{"line":29,"column":1}},"22":{"start":{"line":27,"column":21},"end":{"line":27,"column":40}},"23":{"start":{"line":28,"column":4},"end":{"line":28,"column":55}},"24":{"start":{"line":30,"column":0},"end":{"line":30,"column":44}}},"fnMap":{"0":{"name":"(anonymous_0)","decl":{"start":{"line":11,"column":27},"end":{"line":11,"column":28}},"loc":{"start":{"line":11,"column":40},"end":{"line":14,"column":1}},"line":11},"1":{"name":"(anonymous_1)","decl":{"start":{"line":16,"column":29},"end":{"line":16,"column":30}},"loc":{"start":{"line":16,"column":49},"end":{"line":19,"column":1}},"line":16},"2":{"name":"(anonymous_2)","decl":{"start":{"line":21,"column":23},"end":{"line":21,"column":24}},"loc":{"start":{"line":21,"column":42},"end":{"line":24,"column":1}},"line":21},"3":{"name":"(anonymous_3)","decl":{"start":{"line":26,"column":25},"end":{"line":26,"column":26}},"loc":{"start":{"line":26,"column":51},"end":{"line":29,"column":1}},"line":26}},"branchMap":{},"s":{"0":1,"1":1,"2":1,"3":1,"4":1,"5":1,"6":1,"7":1,"8":1,"9":1,"10":4,"11":4,"12":1,"13":1,"14":1,"15":1,"16":1,"17":1,"18":3,"19":3,"20":1,"21":1,"22":1,"23":1,"24":1},"f":{"0":4,"1":1,"2":3,"3":1},"b":{},"_coverageSchema":"1a1c01bbd47fc00a2c39e90264f33305004495a9","hash":"eaf82c9b14d0519554a9aae1bc6376eaf88c4ccf"}
,"/home/runner/work/fs-zoo/fs-zoo/src/snapshot/shared.ts": {"path":"/home/runner/work/fs-zoo/fs-zoo/src/snapshot/shared.ts","statementMap":{"0":{"start":{"line":2,"column":0},"end":{"line":2,"column":62}},"1":{"start":{"line":3,"column":0},"end":{"line":3,"column":24}},"2":{"start":{"line":4,"column":17},"end":{"line":4,"column":64}},"3":{"start":{"line":5,"column":0},"end":{"line":5,"column":48}}},"fnMap":{},"branchMap":{},"s":{"0":2,"1":2,"2":2,"3":2},"f":{},"b":{},"_coverageSchema":"1a1c01bbd47fc00a2c39e90264f33305004495a9","hash":"33022816e1fb50325bd529f936aef31d371692ca"}
,"/home/runner/work/fs-zoo/fs-zoo/src/snapshot/sync.ts": {"path":"/home/runner/work/fs-zoo/fs-zoo/src/snapshot/sync.ts","statementMap":{"0":{"start":{"line":2,"column":0},"end":{"line":2,"column":62}},"1":{"start":{"line":3,"column":0},"end":{"line":3,"column":59}},"2":{"start":{"line":4,"column":23},"end":{"line":31,"column":1}},"3":{"start":{"line":5,"column":18},"end":{"line":5,"column":36}},"4":{"start":{"line":6,"column":4},"end":{"line":29,"column":5}},"5":{"start":{"line":7,"column":21},"end":{"line":7,"column":41}},"6":{"start":{"line":8,"column":24},"end":{"line":8,"column":26}},"7":{"start":{"line":9,"column":20},"end":{"line":9,"column":70}},"8":{"start":{"line":10,"column":8},"end":{"line":14,"column":9}},"9":{"start":{"line":11,"column":34},"end":{"line":11,"column":104}},"10":{"start":{"line":12,"column":12},"end":{"line":13,"column":52}},"11":{"start":{"line":13,"column":16},"end":{"line":13,"column":52}},"12":{"start":{"line":15,"column":8},"end":{"line":15,"column":62}},"13":{"start":{"line":17,"column":9},"end":{"line":29,"column":5}},"14":{"start":{"line":18,"column":20},"end":{"line":18,"column":41}},"15":{"start":{"line":19,"column":22},"end":{"line":19,"column":80}},"16":{"start":{"line":20,"column":8},"end":{"line":20,"column":58}},"17":{"start":{"line":22,"column":9},"end":{"line":29,"column":5}},"18":{"start":{"line":23,"column":8},"end":{"line":28,"column":10}},"19":{"start":{"line":30,"column":4},"end":{"line":30,"column":16}},"20":{"start":{"line":32,"column":0},"end":{"line":32,"column":40}},"21":{"start":{"line":33,"column":25},"end":{"line":57,"column":1}},"22":{"start":{"line":34,"column":4},"end":{"line":35,"column":15}},"23":{"start":{"line":35,"column":8},"end":{"line":35,"column":15}},"24":{"start":{"line":36,"column":4},"end":{"line":56,"column":5}},"25":{"start":{"line":38,"column":12},"end":{"line":39,"column":40}},"26":{"start":{"line":39,"column":16},"end":{"line":39,"column":40}},"27":{"start":{"line":40,"column":34},"end":{"line":40,"column":42}},"28":{"start":{"line":41,"column":12},"end":{"line":41,"column":52}},"29":{"start":{"line":42,"column":12},"end":{"line":43,"column":96}},"30":{"start":{"line":43,"column":16},"end":{"line":43,"column":96}},"31":{"start":{"line":44,"column":12},"end":{"line":44,"column":18}},"32":{"start":{"line":47,"column":31},"end":{"line":47,"column":39}},"33":{"start":{"line":48,"column":12},"end":{"line":48,"column":41}},"34":{"start":{"line":49,"column":12},"end":{"line":49,"column":18}},"35":{"start":{"line":52,"column":35},"end":{"line":52,"column":43}},"36":{"start":{"line":53,"column":12},"end":{"line":53,"column":41}},"37":{"start":{"line":54,"column":12},"end":{"line":54,"column":18}},"38":{"start":{"line":58,"column":0},"end":{"line":58,"column":44}}},"fnMap":{"0":{"name":"(anonymous_0)","decl":{"start":{"line":4,"column":23},"end":{"line":4,"column":24}},"loc":{"start":{"line":4,"column":64},"end":{"line":31,"column":1}},"line":4},"1":{"name":"(anonymous_1)","decl":{"start":{"line":33,"column":25},"end":{"line":33,"column":26}},"loc":{"start":{"line":33,"column":76},"end":{"line":57,"column":1}},"line":33}},"branchMap":{"0":{"loc":{"start":{"line":4,"column":30},"end":{"line":4,"column":40}},"type":"default-arg","locations":[{"start":{"line":4,"column":37},"end":{"line":4,"column":40}}],"line":4},"1":{"loc":{"start":{"line":4,"column":42},"end":{"line":4,"column":57}},"type":"default-arg","locations":[{"start":{"line":4,"column":54},"end":{"line":4,"column":57}}],"line":4},"2":{"loc":{"start":{"line":6,"column":4},"end":{"line":29,"column":5}},"type":"if","locations":[{"start":{"line":6,"column":4},"end":{"line":29,"column":5}},{"start":{"line":17,"column":9},"end":{"line":29,"column":5}}],"line":6},"3":{"loc":{"start":{"line":9,"column":20},"end":{"line":9,"column":70}},"type":"cond-expr","locations":[{"start":{"line":9,"column":47},"end":{"line":9,"column":51}},{"start":{"line":9,"column":54},"end":{"line":9,"column":70}}],"line":9},"4":{"loc":{"start":{"line":12,"column":12},"end":{"line":13,"column":52}},"type":"if","locations":[{"start":{"line":12,"column":12},"end":{"line":13,"column":52}},{"start":{},"end":{}}],"line":12},"5":{"loc":{"start":{"line":17,"column":9},"end":{"line":29,"column":5}},"type":"if","locations":[{"start":{"line":17,"column":9},"end":{"line":29,"column":5}},{"start":{"line":22,"column":9},"end":{"line":29,"column":5}}],"line":17},"6":{"loc":{"start":{"line":22,"column":9},"end":{"line":29,"column":5}},"type":"if","locations":[{"start":{"line":22,"column":9},"end":{"line":29,"column":5}},{"start":{},"end":{}}],"line":22},"7":{"loc":{"start":{"line":33,"column":42},"end":{"line":33,"column":52}},"type":"default-arg","locations":[{"start":{"line":33,"column":49},"end":{"line":33,"column":52}}],"line":33},"8":{"loc":{"start":{"line":33,"column":54},"end":{"line":33,"column":69}},"type":"default-arg","locations":[{"start":{"line":33,"column":66},"end":{"line":33,"column":69}}],"line":33},"9":{"loc":{"start":{"line":34,"column":4},"end":{"line":35,"column":15}},"type":"if","locations":[{"start":{"line":34,"column":4},"end":{"line":35,"column":15}},{"start":{},"end":{}}],"line":34},"10":{"loc":{"start":{"line":36,"column":4},"end":{"line":56,"column":5}},"type":"switch","locations":[{"start":{"line":37,"column":8},"end":{"line":45,"column":9}},{"start":{"line":46,"column":8},"end":{"line":50,"column":9}},{"start":{"line":51,"column":8},"end":{"line":55,"column":9}}],"line":36},"11":{"loc":{"start":{"line":38,"column":12},"end":{"line":39,"column":40}},"type":"if","locations":[{"start":{"line":38,"column":12},"end":{"line":39,"column":40}},{"start":{},"end":{}}],"line":38}},"s":{"0":3,"1":3,"2":3,"3":140,"4":140,"5":65,"6":65,"7":65,"8":65,"9":128,"10":128,"11":128,"12":65,"13":75,"14":65,"15":65,"16":65,"17":10,"18":10,"19":0,"20":3,"21":3,"22":45,"23":0,"24":45,"25":21,"26":21,"27":21,"28":21,"29":21,"30":42,"31":21,"32":21,"33":21,"34":21,"35":3,"36":3,"37":3,"38":3},"f":{"0":140,"1":45},"b":{"0":[0],"1":[12],"2":[65,75],"3":[1,64],"4":[128,0],"5":[65,10],"6":[10,0],"7":[0],"8":[3],"9":[0,45],"10":[21,21,3],"11":[21,0]},"_coverageSchema":"1a1c01bbd47fc00a2c39e90264f33305004495a9","hash":"411bdba6b27644234e88c01eaea8102398d67cf5"}
}
