TN:
SF:src/__tests__/util.ts
FN:5,(anonymous_0)
FN:10,(anonymous_1)
FN:14,(anonymous_2)
FN:22,(anonymous_3)
FNF:4
FNH:0
FNDA:0,(anonymous_0)
FNDA:0,(anonymous_1)
FNDA:0,(anonymous_2)
FNDA:0,(anonymous_3)
DA:2,11
DA:3,11
DA:4,11
DA:5,11
DA:6,0
DA:7,0
DA:9,11
DA:10,11
DA:11,0
DA:13,11
DA:14,11
DA:15,0
DA:16,0
DA:17,0
DA:19,0
DA:21,11
DA:22,11
DA:23,11
DA:24,11
DA:29,11
LF:20
LH:13
BRDA:5,0,0,0
BRDA:16,1,0,0
BRDA:16,1,1,0
BRDA:29,2,0,11
BRDA:29,2,1,0
BRF:5
BRH:1
end_of_record
TN:
SF:src/crud/util.ts
FN:5,(anonymous_0)
FNF:1
FNH:1
FNDA:853,(anonymous_0)
DA:2,5
DA:3,5
DA:4,5
DA:5,5
DA:6,853
DA:7,853
DA:8,1181
DA:10,5
LF:8
LH:8
BRF:0
BRH:0
end_of_record
TN:
SF:src/crud-to-cas/CrudCas.ts
FN:6,(anonymous_0)
FN:8,(anonymous_1)
FNF:2
FNH:2
FNDA:6,(anonymous_0)
FNDA:30,(anonymous_1)
DA:2,1
DA:3,1
DA:4,1
DA:5,1
DA:6,6
DA:9,30
DA:10,30
DA:11,30
DA:14,1
LF:9
LH:9
BRF:0
BRH:0
end_of_record
TN:
SF:src/crud-to-cas/CrudCasBase.ts
FN:4,(anonymous_0)
FN:20,(anonymous_1)
FN:25,(anonymous_2)
FN:31,(anonymous_3)
FN:33,(anonymous_4)
FN:43,(anonymous_5)
FN:45,(anonymous_6)
FN:49,(anonymous_7)
FN:51,(anonymous_8)
FNF:9
FNH:9
FNDA:38,(anonymous_0)
FNDA:32,(anonymous_1)
FNDA:32,(anonymous_2)
FNDA:14,(anonymous_3)
FNDA:14,(anonymous_4)
FNDA:10,(anonymous_5)
FNDA:10,(anonymous_6)
FNDA:14,(anonymous_7)
FNDA:14,(anonymous_8)
DA:2,2
DA:3,2
DA:4,2
DA:5,38
DA:6,38
DA:9,16
DA:10,16
DA:13,13
DA:16,3
DA:21,32
DA:22,32
DA:23,32
DA:24,32
DA:25,32
DA:26,32
DA:27,32
DA:28,32
DA:29,32
DA:31,32
DA:32,14
DA:33,14
DA:34,14
DA:35,11
DA:36,8
DA:37,8
DA:38,3
DA:40,8
DA:43,32
DA:44,10
DA:45,10
DA:46,10
DA:49,32
DA:50,14
DA:51,14
DA:52,14
DA:57,2
LF:36
LH:36
BRDA:9,0,0,16
BRDA:9,0,1,0
BRDA:9,1,0,16
BRDA:9,1,1,16
BRDA:10,2,0,4
BRDA:10,2,1,13
BRDA:35,3,0,8
BRDA:35,3,1,3
BRDA:37,4,0,3
BRDA:37,4,1,5
BRF:10
BRH:9
end_of_record
TN:
SF:src/crud-to-cas/util.ts
FN:4,(anonymous_0)
FNF:1
FNH:1
FNDA:74,(anonymous_0)
DA:2,2
DA:3,2
DA:4,2
DA:5,74
DA:6,0
DA:7,74
DA:8,74
DA:9,74
DA:10,74
DA:12,2
LF:10
LH:9
BRDA:5,0,0,0
BRDA:5,0,1,74
BRF:2
BRH:1
end_of_record
TN:
SF:src/crud-to-cas/__tests__/testCasfs.ts
FN:7,(anonymous_0)
FN:13,(anonymous_1)
FN:17,(anonymous_2)
FN:18,(anonymous_3)
FN:19,(anonymous_4)
FN:27,(anonymous_5)
FN:28,(anonymous_6)
FN:35,(anonymous_7)
FN:43,(anonymous_8)
FN:53,(anonymous_9)
FN:63,(anonymous_10)
FN:64,(anonymous_11)
FN:71,(anonymous_12)
FN:80,(anonymous_13)
FN:81,(anonymous_14)
FN:91,(anonymous_15)
FN:99,(anonymous_16)
FNF:17
FNH:17
FNDA:36,(anonymous_0)
FNDA:39,(anonymous_1)
FNDA:3,(anonymous_2)
FNDA:3,(anonymous_3)
FNDA:3,(anonymous_4)
FNDA:3,(anonymous_5)
FNDA:3,(anonymous_6)
FNDA:3,(anonymous_7)
FNDA:3,(anonymous_8)
FNDA:3,(anonymous_9)
FNDA:3,(anonymous_10)
FNDA:3,(anonymous_11)
FNDA:3,(anonymous_12)
FNDA:3,(anonymous_13)
FNDA:3,(anonymous_14)
FNDA:3,(anonymous_15)
FNDA:3,(anonymous_16)
DA:2,1
DA:3,1
DA:4,1
DA:5,1
DA:6,1
DA:7,1
DA:8,36
DA:9,36
DA:10,36
DA:12,1
DA:13,1
DA:14,39
DA:15,39
DA:17,1
DA:18,3
DA:19,3
DA:20,3
DA:21,3
DA:22,3
DA:23,3
DA:24,3
DA:27,3
DA:28,3
DA:29,3
DA:30,3
DA:31,3
DA:32,3
DA:33,3
DA:35,3
DA:36,3
DA:37,3
DA:38,3
DA:39,3
DA:40,3
DA:41,3
DA:43,3
DA:44,3
DA:45,3
DA:46,3
DA:47,3
DA:48,3
DA:49,3
DA:50,3
DA:51,3
DA:53,3
DA:54,3
DA:55,3
DA:56,3
DA:57,3
DA:58,3
DA:59,3
DA:60,3
DA:63,3
DA:64,3
DA:65,3
DA:66,3
DA:67,3
DA:68,3
DA:69,3
DA:71,3
DA:72,3
DA:73,3
DA:74,3
DA:75,3
DA:76,3
DA:77,3
DA:80,3
DA:81,3
DA:82,3
DA:83,3
DA:84,3
DA:85,3
DA:86,3
DA:87,3
DA:88,3
DA:89,3
DA:91,3
DA:92,3
DA:93,3
DA:94,3
DA:95,3
DA:96,3
DA:97,3
DA:99,3
DA:100,3
DA:101,3
DA:102,3
DA:103,3
DA:107,1
LF:89
LH:89
BRF:0
BRH:0
end_of_record
TN:
SF:src/crud/__tests__/testCrudfs.ts
FN:7,(anonymous_0)
FN:11,(anonymous_1)
FN:12,(anonymous_2)
FN:13,(anonymous_3)
FN:19,(anonymous_4)
FN:25,(anonymous_5)
FN:32,(anonymous_6)
FN:39,(anonymous_7)
FN:47,(anonymous_8)
FN:54,(anonymous_9)
FN:65,(anonymous_10)
FN:73,(anonymous_11)
FN:81,(anonymous_12)
FN:89,(anonymous_13)
FN:100,(anonymous_14)
FN:110,(anonymous_15)
FN:121,(anonymous_16)
FN:122,(anonymous_17)
FN:128,(anonymous_18)
FN:134,(anonymous_19)
FN:140,(anonymous_20)
FN:147,(anonymous_21)
FN:154,(anonymous_22)
FN:155,(anonymous_23)
FN:163,(anonymous_24)
FN:164,(anonymous_25)
FN:170,(anonymous_26)
FN:176,(anonymous_27)
FN:177,(anonymous_28)
FN:183,(anonymous_29)
FN:188,(anonymous_30)
FN:189,(anonymous_31)
FN:196,(anonymous_32)
FN:202,(anonymous_33)
FN:212,(anonymous_34)
FN:213,(anonymous_35)
FN:219,(anonymous_36)
FN:225,(anonymous_37)
FN:236,(anonymous_38)
FN:244,(anonymous_39)
FN:251,(anonymous_40)
FN:259,(anonymous_41)
FN:260,(anonymous_42)
FN:266,(anonymous_43)
FN:278,(anonymous_44)
FN:287,(anonymous_45)
FN:294,(anonymous_46)
FN:305,(anonymous_47)
FN:306,(anonymous_48)
FN:318,(anonymous_49)
FN:327,(anonymous_50)
FN:331,(anonymous_51)
FN:335,(anonymous_52)
FN:340,(anonymous_53)
FN:351,(anonymous_54)
FN:352,(anonymous_55)
FN:358,(anonymous_56)
FN:365,(anonymous_57)
FN:369,(anonymous_58)
FN:373,(anonymous_59)
FN:378,(anonymous_60)
FNF:61
FNH:61
FNDA:496,(anonymous_0)
FNDA:8,(anonymous_1)
FNDA:8,(anonymous_2)
FNDA:8,(anonymous_3)
FNDA:8,(anonymous_4)
FNDA:8,(anonymous_5)
FNDA:8,(anonymous_6)
FNDA:8,(anonymous_7)
FNDA:8,(anonymous_8)
FNDA:8,(anonymous_9)
FNDA:8,(anonymous_10)
FNDA:8,(anonymous_11)
FNDA:8,(anonymous_12)
FNDA:8,(anonymous_13)
FNDA:8,(anonymous_14)
FNDA:8,(anonymous_15)
FNDA:8,(anonymous_16)
FNDA:8,(anonymous_17)
FNDA:8,(anonymous_18)
FNDA:8,(anonymous_19)
FNDA:8,(anonymous_20)
FNDA:8,(anonymous_21)
FNDA:8,(anonymous_22)
FNDA:8,(anonymous_23)
FNDA:8,(anonymous_24)
FNDA:8,(anonymous_25)
FNDA:8,(anonymous_26)
FNDA:8,(anonymous_27)
FNDA:8,(anonymous_28)
FNDA:8,(anonymous_29)
FNDA:8,(anonymous_30)
FNDA:8,(anonymous_31)
FNDA:8,(anonymous_32)
FNDA:8,(anonymous_33)
FNDA:8,(anonymous_34)
FNDA:8,(anonymous_35)
FNDA:8,(anonymous_36)
FNDA:8,(anonymous_37)
FNDA:8,(anonymous_38)
FNDA:8,(anonymous_39)
FNDA:8,(anonymous_40)
FNDA:8,(anonymous_41)
FNDA:8,(anonymous_42)
FNDA:8,(anonymous_43)
FNDA:8,(anonymous_44)
FNDA:8,(anonymous_45)
FNDA:8,(anonymous_46)
FNDA:8,(anonymous_47)
FNDA:8,(anonymous_48)
FNDA:8,(anonymous_49)
FNDA:8,(anonymous_50)
FNDA:24,(anonymous_51)
FNDA:16,(anonymous_52)
FNDA:8,(anonymous_53)
FNDA:8,(anonymous_54)
FNDA:8,(anonymous_55)
FNDA:8,(anonymous_56)
FNDA:8,(anonymous_57)
FNDA:24,(anonymous_58)
FNDA:16,(anonymous_59)
FNDA:8,(anonymous_60)
DA:2,3
DA:3,3
DA:4,3
DA:5,3
DA:6,3
DA:7,3
DA:8,496
DA:9,496
DA:11,3
DA:12,8
DA:13,8
DA:14,8
DA:15,8
DA:16,8
DA:17,8
DA:19,8
DA:20,8
DA:21,8
DA:22,8
DA:23,8
DA:25,8
DA:26,8
DA:27,8
DA:28,8
DA:32,8
DA:33,8
DA:34,8
DA:35,8
DA:39,8
DA:40,8
DA:41,8
DA:42,8
DA:43,8
DA:47,8
DA:48,8
DA:49,8
DA:50,8
DA:51,8
DA:52,8
DA:54,8
DA:55,8
DA:56,8
DA:57,8
DA:58,8
DA:59,8
DA:60,8
DA:61,8
DA:65,8
DA:66,8
DA:67,8
DA:68,8
DA:69,8
DA:73,8
DA:74,8
DA:75,8
DA:76,8
DA:77,8
DA:81,8
DA:82,8
DA:83,8
DA:84,8
DA:85,8
DA:89,8
DA:90,8
DA:91,8
DA:92,8
DA:93,8
DA:96,8
DA:97,8
DA:98,8
DA:100,8
DA:101,8
DA:102,8
DA:103,8
DA:104,8
DA:105,8
DA:106,8
DA:110,8
DA:111,8
DA:112,8
DA:113,8
DA:114,8
DA:117,8
DA:118,8
DA:121,8
DA:122,8
DA:123,8
DA:124,8
DA:125,8
DA:126,8
DA:128,8
DA:129,8
DA:130,8
DA:131,8
DA:132,8
DA:134,8
DA:135,8
DA:136,8
DA:137,8
DA:138,8
DA:140,8
DA:141,8
DA:142,8
DA:143,8
DA:144,8
DA:145,8
DA:147,8
DA:148,8
DA:149,8
DA:150,8
DA:151,8
DA:154,8
DA:155,8
DA:156,8
DA:157,8
DA:158,8
DA:159,8
DA:160,8
DA:163,8
DA:164,8
DA:165,8
DA:166,8
DA:167,8
DA:168,8
DA:170,8
DA:171,8
DA:172,8
DA:173,8
DA:174,8
DA:176,8
DA:177,8
DA:178,8
DA:179,8
DA:180,8
DA:181,8
DA:183,8
DA:184,8
DA:185,8
DA:188,8
DA:189,8
DA:190,8
DA:191,8
DA:192,8
DA:193,8
DA:194,8
DA:196,8
DA:197,8
DA:198,8
DA:199,8
DA:202,8
DA:203,8
DA:204,8
DA:205,8
DA:206,8
DA:207,8
DA:208,8
DA:209,8
DA:212,8
DA:213,8
DA:214,8
DA:215,8
DA:216,8
DA:217,8
DA:219,8
DA:220,8
DA:221,8
DA:222,8
DA:223,8
DA:225,8
DA:226,8
DA:227,8
DA:228,8
DA:229,8
DA:236,8
DA:237,8
DA:238,8
DA:239,8
DA:240,8
DA:244,8
DA:245,8
DA:246,8
DA:247,8
DA:248,8
DA:249,8
DA:251,8
DA:252,8
DA:253,8
DA:254,8
DA:255,8
DA:256,8
DA:259,8
DA:260,8
DA:261,8
DA:262,8
DA:263,8
DA:264,8
DA:266,8
DA:267,8
DA:268,8
DA:269,8
DA:270,8
DA:271,8
DA:272,8
DA:273,8
DA:274,8
DA:275,8
DA:276,8
DA:278,8
DA:279,8
DA:280,8
DA:281,8
DA:282,8
DA:283,8
DA:284,8
DA:285,8
DA:287,8
DA:288,8
DA:289,8
DA:290,8
DA:291,8
DA:292,8
DA:294,8
DA:295,8
DA:296,8
DA:297,8
DA:298,8
DA:299,8
DA:300,8
DA:301,8
DA:302,8
DA:305,8
DA:306,8
DA:307,8
DA:308,8
DA:309,8
DA:310,8
DA:311,0
DA:314,8
DA:315,8
DA:318,8
DA:319,8
DA:320,8
DA:321,8
DA:322,8
DA:323,8
DA:324,8
DA:325,24
DA:326,8
DA:327,8
DA:331,24
DA:335,16
DA:340,8
DA:341,8
DA:342,8
DA:343,8
DA:344,8
DA:345,8
DA:346,8
DA:347,8
DA:348,8
DA:351,8
DA:352,8
DA:353,8
DA:354,8
DA:355,8
DA:356,8
DA:358,8
DA:359,8
DA:360,8
DA:361,8
DA:362,8
DA:363,8
DA:364,8
DA:365,8
DA:369,24
DA:373,16
DA:378,8
DA:379,8
DA:380,8
DA:381,8
DA:382,8
DA:383,8
DA:384,8
DA:385,8
DA:389,3
LF:285
LH:284
BRF:0
BRH:0
end_of_record
TN:
SF:src/fsa-to-crud/FsaCrud.ts
FN:8,(anonymous_0)
FN:10,(anonymous_1)
FN:64,(anonymous_2)
FN:68,(anonymous_3)
FN:73,(anonymous_4)
FN:85,(anonymous_5)
FN:106,(anonymous_6)
FN:124,(anonymous_7)
FN:142,(anonymous_8)
FN:148,(anonymous_9)
FN:154,(anonymous_10)
FN:171,(anonymous_11)
FN:183,(anonymous_12)
FNF:13
FNH:12
FNDA:184,(anonymous_0)
FNDA:262,(anonymous_1)
FNDA:4,(anonymous_2)
FNDA:35,(anonymous_3)
FNDA:32,(anonymous_4)
FNDA:42,(anonymous_5)
FNDA:20,(anonymous_6)
FNDA:24,(anonymous_7)
FNDA:12,(anonymous_8)
FNDA:0,(anonymous_9)
FNDA:375,(anonymous_10)
FNDA:73,(anonymous_11)
FNDA:39,(anonymous_12)
DA:2,4
DA:3,4
DA:4,4
DA:5,4
DA:6,4
DA:9,184
DA:10,184
DA:11,262
DA:12,258
DA:13,254
DA:15,254
DA:17,8
DA:18,8
DA:19,4
DA:22,8
DA:23,4
DA:24,4
DA:26,4
DA:29,24
DA:30,24
DA:33,12
DA:34,12
DA:35,0
DA:37,12
DA:40,222
DA:43,238
DA:44,238
DA:45,238
DA:47,206
DA:48,206
DA:51,32
DA:52,16
DA:53,16
DA:55,32
DA:56,32
DA:59,0
DA:62,238
DA:64,184
DA:65,4
DA:66,4
DA:68,184
DA:69,35
DA:70,14
DA:71,14
DA:73,184
DA:74,32
DA:75,28
DA:76,24
DA:77,24
DA:78,6
DA:81,18
DA:82,9
DA:85,184
DA:86,42
DA:87,38
DA:88,22
DA:89,18
DA:90,7
DA:91,7
DA:99,16
DA:100,12
DA:106,184
DA:107,20
DA:108,16
DA:109,16
DA:110,8
DA:111,4
DA:114,4
DA:115,4
DA:116,12
DA:120,8
DA:121,4
DA:124,184
DA:125,24
DA:126,16
DA:127,8
DA:128,24
DA:129,16
DA:134,8
DA:135,8
DA:142,184
DA:143,12
DA:144,12
DA:145,12
DA:146,4
DA:148,184
DA:149,0
DA:150,0
DA:151,0
DA:155,375
DA:156,375
DA:157,375
DA:158,375
DA:159,529
DA:160,489
DA:161,489
DA:163,335
DA:166,40
DA:167,40
DA:168,0
DA:172,73
DA:173,53
DA:174,53
DA:175,31
DA:178,22
DA:179,22
DA:180,0
DA:184,39
DA:185,35
DA:186,31
DA:187,18
DA:190,4
LF:112
LH:105
BRDA:15,0,0,8
BRDA:15,0,1,24
BRDA:15,0,2,222
BRDA:22,1,0,4
BRDA:22,1,1,4
BRDA:33,2,0,12
BRDA:33,2,1,0
BRDA:45,3,0,206
BRDA:45,3,1,32
BRDA:45,3,2,0
BRDA:51,4,0,16
BRDA:51,4,1,16
BRDA:81,5,0,9
BRDA:81,5,1,9
BRDA:87,6,0,22
BRDA:87,6,1,16
BRDA:110,7,0,4
BRDA:110,7,1,4
BRDA:120,8,0,4
BRDA:120,8,1,4
BRDA:128,9,0,16
BRDA:128,9,1,8
BRDA:134,10,0,8
BRDA:134,10,1,0
BRDA:166,11,0,40
BRDA:166,11,1,0
BRDA:178,12,0,22
BRDA:178,12,1,0
BRF:28
BRH:23
end_of_record
TN:
SF:src/fsa-to-crud/index.ts
FN:5,(anonymous_0)
FNF:1
FNH:1
FNDA:129,(anonymous_0)
DA:2,1
DA:3,1
DA:4,1
DA:5,129
LF:4
LH:4
BRF:0
BRH:0
end_of_record
TN:
SF:src/fsa-to-crud/util.ts
FN:4,(anonymous_0)
FN:6,(anonymous_1)
FN:8,(anonymous_2)
FN:10,(anonymous_3)
FNF:4
FNH:4
FNDA:40,(anonymous_0)
FNDA:84,(anonymous_1)
FNDA:8,(anonymous_2)
FNDA:24,(anonymous_3)
DA:2,5
DA:3,5
DA:4,40
DA:5,5
DA:6,84
DA:7,5
DA:8,8
DA:9,5
DA:10,24
DA:11,5
LF:10
LH:10
BRF:0
BRH:0
end_of_record
TN:
SF:src/fsa-to-node/FsaNodeCore.ts
FN:10,(anonymous_0)
FN:21,(anonymous_1)
FN:24,(anonymous_2)
FN:27,(anonymous_3)
FN:33,(anonymous_4)
FN:41,(anonymous_5)
FN:62,(anonymous_6)
FN:67,(anonymous_7)
FN:99,(anonymous_8)
FN:107,(anonymous_9)
FN:110,(anonymous_10)
FN:117,(anonymous_11)
FN:125,(anonymous_12)
FN:165,(anonymous_13)
FN:171,(anonymous_14)
FN:178,(anonymous_15)
FNF:16
FNH:12
FNDA:341,(anonymous_0)
FNDA:0,(anonymous_1)
FNDA:0,(anonymous_2)
FNDA:0,(anonymous_3)
FNDA:847,(anonymous_4)
FNDA:5134,(anonymous_5)
FNDA:1669,(anonymous_6)
FNDA:2278,(anonymous_7)
FNDA:1205,(anonymous_8)
FNDA:365,(anonymous_9)
FNDA:373,(anonymous_10)
FNDA:5,(anonymous_11)
FNDA:917,(anonymous_12)
FNDA:847,(anonymous_13)
FNDA:359,(anonymous_14)
FNDA:0,(anonymous_15)
DA:2,2
DA:3,2
DA:4,2
DA:5,2
DA:6,2
DA:7,2
DA:8,2
DA:11,341
DA:12,341
DA:13,341
DA:18,341
DA:19,341
DA:20,0
DA:22,0
DA:28,0
DA:29,0
DA:30,0
DA:31,0
DA:34,847
DA:35,847
DA:42,5134
DA:43,5134
DA:44,5134
DA:45,5134
DA:46,5425
DA:50,6
DA:51,6
DA:53,2
DA:55,4
DA:58,0
DA:60,5128
DA:63,1669
DA:64,1669
DA:65,1322
DA:68,2278
DA:69,2276
DA:70,6
DA:71,2270
DA:72,2270
DA:73,402
DA:76,1868
DA:77,1868
DA:79,1179
DA:80,1179
DA:83,0
DA:84,0
DA:86,0
DA:88,0
DA:93,689
DA:96,0
DA:100,1205
DA:101,0
DA:102,1205
DA:103,1205
DA:104,4
DA:105,1201
DA:108,365
DA:111,373
DA:112,373
DA:113,0
DA:114,0
DA:115,0
DA:118,5
DA:119,0
DA:120,5
DA:121,5
DA:122,5
DA:123,5
DA:126,917
DA:127,917
DA:128,917
DA:129,395
DA:130,395
DA:131,59
DA:134,395
DA:135,395
DA:136,59
DA:137,59
DA:139,0
DA:141,0
DA:144,59
DA:148,858
DA:149,858
DA:150,858
DA:151,847
DA:154,11
DA:155,11
DA:157,0
DA:159,11
DA:162,0
DA:166,847
DA:167,847
DA:168,847
DA:169,847
DA:172,359
DA:173,358
DA:174,358
DA:175,358
DA:176,358
DA:179,0
DA:180,0
DA:181,0
DA:182,0
DA:183,0
DA:185,0
DA:188,2
DA:189,2
LF:107
LH:80
BRDA:19,0,0,0
BRDA:19,0,1,341
BRDA:29,1,0,0
BRDA:29,1,1,0
BRDA:35,2,0,235
BRDA:35,2,1,612
BRDA:50,3,0,6
BRDA:50,3,1,0
BRDA:50,4,0,6
BRDA:50,4,1,6
BRDA:51,5,0,2
BRDA:51,5,1,4
BRDA:69,6,0,6
BRDA:69,6,1,2270
BRDA:76,7,0,1868
BRDA:76,7,1,0
BRDA:76,8,0,1868
BRDA:76,8,1,1868
BRDA:77,9,0,1179
BRDA:77,9,1,689
BRDA:83,10,0,0
BRDA:83,10,1,0
BRDA:83,11,0,0
BRDA:83,11,1,0
BRDA:84,12,0,0
BRDA:84,12,1,0
BRDA:100,13,0,0
BRDA:100,13,1,1205
BRDA:103,14,0,4
BRDA:103,14,1,1201
BRDA:111,15,0,373
BRDA:111,15,1,0
BRDA:118,16,0,0
BRDA:118,16,1,5
BRDA:128,17,0,395
BRDA:128,17,1,522
BRDA:134,18,0,395
BRDA:134,18,1,395
BRDA:134,18,2,395
BRDA:134,18,3,395
BRDA:135,19,0,59
BRDA:135,19,1,336
BRDA:136,20,0,59
BRDA:136,20,1,0
BRDA:136,21,0,59
BRDA:136,21,1,59
BRDA:137,22,0,0
BRDA:137,22,1,0
BRDA:154,23,0,11
BRDA:154,23,1,0
BRDA:154,24,0,11
BRDA:154,24,1,11
BRDA:155,25,0,0
BRDA:155,25,1,11
BRDA:175,26,0,358
BRDA:175,26,1,0
BRDA:179,27,0,0
BRDA:179,27,1,0
BRDA:181,28,0,0
BRDA:181,28,1,0
BRF:60
BRH:36
end_of_record
TN:
SF:src/fsa-to-node/FsaNodeDirent.ts
FN:5,(anonymous_0)
FN:9,(anonymous_1)
FN:12,(anonymous_2)
FN:15,(anonymous_3)
FN:18,(anonymous_4)
FN:21,(anonymous_5)
FN:24,(anonymous_6)
FN:27,(anonymous_7)
FNF:8
FNH:3
FNDA:39,(anonymous_0)
FNDA:31,(anonymous_1)
FNDA:29,(anonymous_2)
FNDA:0,(anonymous_3)
FNDA:0,(anonymous_4)
FNDA:0,(anonymous_5)
FNDA:0,(anonymous_6)
FNDA:0,(anonymous_7)
DA:2,2
DA:3,2
DA:6,39
DA:7,39
DA:10,31
DA:13,29
DA:16,0
DA:19,0
DA:22,0
DA:25,0
DA:28,0
DA:31,2
LF:12
LH:7
BRF:0
BRH:0
end_of_record
TN:
SF:src/fsa-to-node/FsaNodeFs.ts
FN:19,(anonymous_0)
FN:22,(anonymous_1)
FN:25,(anonymous_2)
FN:31,(anonymous_3)
FN:36,(anonymous_4)
FN:47,(anonymous_5)
FN:47,(anonymous_6)
FN:49,(anonymous_7)
FN:51,(anonymous_8)
FN:51,(anonymous_9)
FN:53,(anonymous_10)
FN:57,(anonymous_11)
FN:62,(anonymous_12)
FN:70,(anonymous_13)
FN:70,(anonymous_14)
FN:72,(anonymous_15)
FN:75,(anonymous_16)
FN:97,(anonymous_17)
FN:98,(anonymous_18)
FN:100,(anonymous_19)
FN:102,(anonymous_20)
FN:107,(anonymous_21)
FN:107,(anonymous_22)
FN:109,(anonymous_23)
FN:121,(anonymous_24)
FN:132,(anonymous_25)
FN:132,(anonymous_26)
FN:134,(anonymous_27)
FN:146,(anonymous_28)
FN:167,(anonymous_29)
FN:167,(anonymous_30)
FN:169,(anonymous_31)
FN:185,(anonymous_32)
FN:193,(anonymous_33)
FN:193,(anonymous_34)
FN:199,(anonymous_35)
FN:203,(anonymous_36)
FN:204,(anonymous_37)
FN:204,(anonymous_38)
FN:220,(anonymous_39)
FN:227,(anonymous_40)
FN:231,(anonymous_41)
FN:234,(anonymous_42)
FN:234,(anonymous_43)
FN:237,(anonymous_44)
FN:239,(anonymous_45)
FN:242,(anonymous_46)
FN:242,(anonymous_47)
FN:248,(anonymous_48)
FN:253,(anonymous_49)
FN:263,(anonymous_50)
FN:263,(anonymous_51)
FN:265,(anonymous_52)
FN:269,(anonymous_53)
FN:271,(anonymous_54)
FN:283,(anonymous_55)
FN:316,(anonymous_56)
FN:316,(anonymous_57)
FN:318,(anonymous_58)
FN:322,(anonymous_59)
FN:322,(anonymous_60)
FN:332,(anonymous_61)
FN:332,(anonymous_62)
FN:334,(anonymous_63)
FN:341,(anonymous_64)
FN:341,(anonymous_65)
FN:349,(anonymous_66)
FN:367,(anonymous_67)
FN:367,(anonymous_68)
FN:369,(anonymous_69)
FN:376,(anonymous_70)
FN:379,(anonymous_71)
FN:382,(anonymous_72)
FN:386,(anonymous_73)
FN:387,(anonymous_74)
FN:387,(anonymous_75)
FN:388,(anonymous_76)
FN:388,(anonymous_77)
FN:390,(anonymous_78)
FN:393,(anonymous_79)
FN:397,(anonymous_80)
FN:399,(anonymous_81)
FN:406,(anonymous_82)
FN:409,(anonymous_83)
FN:412,(anonymous_84)
FN:420,(anonymous_85)
FN:421,(anonymous_86)
FN:421,(anonymous_87)
FN:434,(anonymous_88)
FN:441,(anonymous_89)
FN:448,(anonymous_90)
FN:455,(anonymous_91)
FN:455,(anonymous_92)
FN:456,(anonymous_93)
FN:457,(anonymous_94)
FN:457,(anonymous_95)
FN:475,(anonymous_96)
FN:481,(anonymous_97)
FN:482,(anonymous_98)
FN:482,(anonymous_99)
FN:504,(anonymous_100)
FN:507,(anonymous_101)
FN:510,(anonymous_102)
FN:513,(anonymous_103)
FN:516,(anonymous_104)
FN:519,(anonymous_105)
FN:522,(anonymous_106)
FN:536,(anonymous_107)
FN:537,(anonymous_108)
FN:537,(anonymous_109)
FN:539,(anonymous_110)
FN:540,(anonymous_111)
FN:540,(anonymous_112)
FN:545,(anonymous_113)
FN:583,(anonymous_114)
FN:593,(anonymous_115)
FN:597,(anonymous_116)
FN:603,(anonymous_117)
FN:612,(anonymous_118)
FN:621,(anonymous_119)
FN:630,(anonymous_120)
FN:633,(anonymous_121)
FN:637,(anonymous_122)
FN:646,(anonymous_123)
FN:652,(anonymous_124)
FN:658,(anonymous_125)
FN:663,(anonymous_126)
FN:668,(anonymous_127)
FN:674,(anonymous_128)
FN:682,(anonymous_129)
FN:688,(anonymous_130)
FN:694,(anonymous_131)
FN:698,(anonymous_132)
FN:702,(anonymous_133)
FN:722,(anonymous_134)
FN:729,(anonymous_135)
FN:738,(anonymous_136)
FN:744,(anonymous_137)
FN:753,(anonymous_138)
FN:793,(anonymous_139)
FN:803,(anonymous_140)
FN:804,(anonymous_141)
FN:809,(anonymous_142)
FN:809,(anonymous_143)
FNF:144
FNH:91
FNDA:0,(anonymous_0)
FNDA:0,(anonymous_1)
FNDA:0,(anonymous_2)
FNDA:341,(anonymous_3)
FNDA:535,(anonymous_4)
FNDA:467,(anonymous_5)
FNDA:68,(anonymous_6)
FNDA:350,(anonymous_7)
FNDA:350,(anonymous_8)
FNDA:0,(anonymous_9)
FNDA:2,(anonymous_10)
FNDA:0,(anonymous_11)
FNDA:2,(anonymous_12)
FNDA:2,(anonymous_13)
FNDA:0,(anonymous_14)
FNDA:131,(anonymous_15)
FNDA:131,(anonymous_16)
FNDA:130,(anonymous_17)
FNDA:1,(anonymous_18)
FNDA:449,(anonymous_19)
FNDA:449,(anonymous_20)
FNDA:449,(anonymous_21)
FNDA:0,(anonymous_22)
FNDA:1,(anonymous_23)
FNDA:1,(anonymous_24)
FNDA:1,(anonymous_25)
FNDA:0,(anonymous_26)
FNDA:244,(anonymous_27)
FNDA:244,(anonymous_28)
FNDA:242,(anonymous_29)
FNDA:2,(anonymous_30)
FNDA:81,(anonymous_31)
FNDA:81,(anonymous_32)
FNDA:81,(anonymous_33)
FNDA:0,(anonymous_34)
FNDA:69,(anonymous_35)
FNDA:69,(anonymous_36)
FNDA:63,(anonymous_37)
FNDA:6,(anonymous_38)
FNDA:1,(anonymous_39)
FNDA:2261,(anonymous_40)
FNDA:2261,(anonymous_41)
FNDA:1573,(anonymous_42)
FNDA:688,(anonymous_43)
FNDA:15,(anonymous_44)
FNDA:15,(anonymous_45)
FNDA:13,(anonymous_46)
FNDA:2,(anonymous_47)
FNDA:335,(anonymous_48)
FNDA:335,(anonymous_49)
FNDA:335,(anonymous_50)
FNDA:0,(anonymous_51)
FNDA:8,(anonymous_52)
FNDA:8,(anonymous_53)
FNDA:18,(anonymous_54)
FNDA:18,(anonymous_55)
FNDA:11,(anonymous_56)
FNDA:7,(anonymous_57)
FNDA:5,(anonymous_58)
FNDA:5,(anonymous_59)
FNDA:5,(anonymous_60)
FNDA:5,(anonymous_61)
FNDA:0,(anonymous_62)
FNDA:20,(anonymous_63)
FNDA:20,(anonymous_64)
FNDA:20,(anonymous_65)
FNDA:26,(anonymous_66)
FNDA:20,(anonymous_67)
FNDA:0,(anonymous_68)
FNDA:0,(anonymous_69)
FNDA:0,(anonymous_70)
FNDA:0,(anonymous_71)
FNDA:2,(anonymous_72)
FNDA:2,(anonymous_73)
FNDA:2,(anonymous_74)
FNDA:2,(anonymous_75)
FNDA:2,(anonymous_76)
FNDA:0,(anonymous_77)
FNDA:1,(anonymous_78)
FNDA:1,(anonymous_79)
FNDA:1,(anonymous_80)
FNDA:0,(anonymous_81)
FNDA:0,(anonymous_82)
FNDA:0,(anonymous_83)
FNDA:309,(anonymous_84)
FNDA:307,(anonymous_85)
FNDA:307,(anonymous_86)
FNDA:2,(anonymous_87)
FNDA:1,(anonymous_88)
FNDA:1,(anonymous_89)
FNDA:28,(anonymous_90)
FNDA:27,(anonymous_91)
FNDA:27,(anonymous_92)
FNDA:27,(anonymous_93)
FNDA:26,(anonymous_94)
FNDA:1,(anonymous_95)
FNDA:7,(anonymous_96)
FNDA:4,(anonymous_97)
FNDA:3,(anonymous_98)
FNDA:3,(anonymous_99)
FNDA:0,(anonymous_100)
FNDA:0,(anonymous_101)
FNDA:0,(anonymous_102)
FNDA:0,(anonymous_103)
FNDA:0,(anonymous_104)
FNDA:0,(anonymous_105)
FNDA:14,(anonymous_106)
FNDA:10,(anonymous_107)
FNDA:10,(anonymous_108)
FNDA:10,(anonymous_109)
FNDA:0,(anonymous_110)
FNDA:0,(anonymous_111)
FNDA:0,(anonymous_112)
FNDA:6,(anonymous_113)
FNDA:0,(anonymous_114)
FNDA:0,(anonymous_115)
FNDA:0,(anonymous_116)
FNDA:0,(anonymous_117)
FNDA:0,(anonymous_118)
FNDA:0,(anonymous_119)
FNDA:0,(anonymous_120)
FNDA:0,(anonymous_121)
FNDA:0,(anonymous_122)
FNDA:0,(anonymous_123)
FNDA:0,(anonymous_124)
FNDA:0,(anonymous_125)
FNDA:0,(anonymous_126)
FNDA:0,(anonymous_127)
FNDA:0,(anonymous_128)
FNDA:0,(anonymous_129)
FNDA:0,(anonymous_130)
FNDA:0,(anonymous_131)
FNDA:0,(anonymous_132)
FNDA:0,(anonymous_133)
FNDA:1,(anonymous_134)
FNDA:0,(anonymous_135)
FNDA:0,(anonymous_136)
FNDA:0,(anonymous_137)
FNDA:0,(anonymous_138)
FNDA:1586,(anonymous_139)
FNDA:2,(anonymous_140)
FNDA:2,(anonymous_141)
FNDA:2,(anonymous_142)
FNDA:0,(anonymous_143)
DA:2,2
DA:3,2
DA:4,2
DA:5,2
DA:6,2
DA:7,2
DA:8,2
DA:9,2
DA:10,2
DA:11,2
DA:12,2
DA:13,2
DA:14,2
DA:15,2
DA:16,2
DA:17,2
DA:18,2
DA:19,2
DA:20,0
DA:22,2
DA:23,0
DA:25,2
DA:33,341
DA:34,341
DA:36,341
DA:37,535
DA:38,535
DA:39,535
DA:40,6
DA:41,6
DA:43,535
DA:44,535
DA:45,535
DA:46,535
DA:47,535
DA:49,341
DA:50,350
DA:51,350
DA:53,341
DA:54,2
DA:56,2
DA:57,0
DA:58,0
DA:59,0
DA:62,2
DA:63,2
DA:64,2
DA:65,2
DA:66,2
DA:67,2
DA:68,2
DA:69,2
DA:70,2
DA:72,341
DA:73,131
DA:74,131
DA:75,131
DA:76,131
DA:77,131
DA:78,131
DA:79,131
DA:80,122
DA:81,122
DA:83,131
DA:84,130
DA:85,130
DA:86,130
DA:89,131
DA:90,131
DA:91,131
DA:92,9
DA:97,130
DA:98,1
DA:100,341
DA:101,449
DA:102,449
DA:103,449
DA:104,449
DA:105,449
DA:106,449
DA:107,449
DA:109,341
DA:110,1
DA:111,1
DA:113,1
DA:114,1
DA:117,0
DA:118,0
DA:120,1
DA:121,1
DA:122,1
DA:123,1
DA:124,1
DA:125,1
DA:126,2
DA:127,2
DA:128,2
DA:129,2
DA:131,1
DA:132,1
DA:134,341
DA:135,244
DA:136,244
DA:137,244
DA:138,1
DA:139,1
DA:141,244
DA:142,244
DA:143,244
DA:144,244
DA:145,244
DA:146,244
DA:147,244
DA:148,244
DA:149,244
DA:150,244
DA:151,244
DA:152,244
DA:154,242
DA:155,242
DA:156,242
DA:157,242
DA:160,244
DA:161,244
DA:162,244
DA:163,0
DA:167,242
DA:169,341
DA:170,81
DA:171,81
DA:174,81
DA:175,1
DA:176,1
DA:179,80
DA:180,80
DA:182,81
DA:183,81
DA:184,81
DA:185,81
DA:186,81
DA:187,81
DA:188,81
DA:189,81
DA:190,81
DA:191,81
DA:192,81
DA:193,81
DA:199,341
DA:200,69
DA:201,69
DA:202,69
DA:203,69
DA:204,63
DA:205,6
DA:206,6
DA:208,5
DA:209,5
DA:212,1
DA:213,1
DA:217,0
DA:220,341
DA:221,1
DA:222,1
DA:223,1
DA:224,1
DA:225,1
DA:227,341
DA:228,2261
DA:229,2261
DA:230,2261
DA:231,2261
DA:232,2261
DA:233,1573
DA:234,1573
DA:236,341
DA:237,341
DA:238,15
DA:239,15
DA:240,15
DA:241,13
DA:242,13
DA:248,341
DA:249,335
DA:250,335
DA:251,335
DA:252,335
DA:253,335
DA:254,335
DA:255,335
DA:256,335
DA:257,335
DA:258,335
DA:259,335
DA:260,335
DA:261,335
DA:262,335
DA:263,335
DA:265,341
DA:266,8
DA:267,8
DA:268,0
DA:269,8
DA:271,341
DA:272,18
DA:274,18
DA:275,18
DA:276,18
DA:279,0
DA:281,18
DA:282,18
DA:283,18
DA:284,18
DA:285,15
DA:286,15
DA:287,2
DA:288,13
DA:289,13
DA:291,6
DA:292,2
DA:293,2
DA:294,2
DA:295,1
DA:298,1
DA:301,5
DA:304,7
DA:305,2
DA:306,2
DA:307,2
DA:308,1
DA:310,6
DA:313,0
DA:316,11
DA:318,341
DA:319,5
DA:320,5
DA:321,5
DA:322,5
DA:323,5
DA:324,5
DA:325,5
DA:330,5
DA:332,5
DA:334,341
DA:335,20
DA:336,20
DA:337,20
DA:338,20
DA:339,0
DA:340,20
DA:341,20
DA:342,20
DA:343,13
DA:344,13
DA:345,39
DA:346,39
DA:348,13
DA:349,13
DA:350,26
DA:351,0
DA:352,26
DA:353,26
DA:354,0
DA:356,13
DA:359,7
DA:360,7
DA:361,21
DA:362,7
DA:363,7
DA:364,7
DA:367,20
DA:369,341
DA:370,0
DA:371,0
DA:372,0
DA:373,0
DA:376,341
DA:377,0
DA:379,341
DA:380,0
DA:382,341
DA:383,2
DA:384,2
DA:385,2
DA:386,2
DA:387,2
DA:388,2
DA:390,341
DA:391,1
DA:392,1
DA:393,1
DA:394,1
DA:395,0
DA:397,1
DA:398,1
DA:399,0
DA:401,1
DA:406,341
DA:407,0
DA:409,341
DA:410,0
DA:412,341
DA:413,309
DA:414,309
DA:416,309
DA:417,309
DA:419,309
DA:420,307
DA:421,307
DA:422,2
DA:423,2
DA:425,0
DA:426,0
DA:427,0
DA:431,2
DA:434,341
DA:435,1
DA:436,1
DA:437,0
DA:438,1
DA:439,0
DA:440,1
DA:441,1
DA:442,1
DA:443,0
DA:445,1
DA:448,341
DA:449,28
DA:450,28
DA:451,28
DA:452,28
DA:453,1
DA:454,27
DA:455,27
DA:456,27
DA:457,26
DA:458,1
DA:459,1
DA:461,0
DA:462,0
DA:463,0
DA:466,1
DA:467,1
DA:468,1
DA:472,0
DA:475,341
DA:476,7
DA:477,7
DA:478,7
DA:479,1
DA:480,6
DA:481,4
DA:482,3
DA:483,3
DA:484,1
DA:485,1
DA:487,2
DA:488,2
DA:490,0
DA:491,0
DA:492,0
DA:495,1
DA:496,1
DA:497,1
DA:501,1
DA:504,341
DA:505,0
DA:507,341
DA:508,0
DA:510,341
DA:511,0
DA:513,341
DA:514,0
DA:516,341
DA:517,0
DA:519,341
DA:520,0
DA:522,341
DA:523,14
DA:529,14
DA:530,14
DA:531,14
DA:532,14
DA:533,14
DA:534,14
DA:535,12
DA:536,11
DA:537,10
DA:539,11
DA:540,0
DA:543,12
DA:545,341
DA:546,6
DA:558,6
DA:559,6
DA:560,6
DA:561,6
DA:562,6
DA:563,6
DA:564,6
DA:566,341
DA:567,341
DA:568,341
DA:569,341
DA:570,341
DA:571,341
DA:577,341
DA:578,341
DA:579,341
DA:580,341
DA:581,341
DA:583,341
DA:584,0
DA:585,0
DA:586,0
DA:587,0
DA:588,0
DA:589,0
DA:590,0
DA:592,341
DA:593,341
DA:594,0
DA:595,0
DA:597,341
DA:598,0
DA:599,0
DA:600,0
DA:601,0
DA:603,341
DA:604,0
DA:605,0
DA:606,0
DA:607,0
DA:608,0
DA:609,0
DA:610,0
DA:612,341
DA:613,0
DA:614,0
DA:615,0
DA:616,0
DA:617,0
DA:618,0
DA:619,0
DA:621,341
DA:622,0
DA:623,0
DA:624,0
DA:625,0
DA:626,0
DA:627,0
DA:628,0
DA:630,341
DA:631,0
DA:632,0
DA:633,0
DA:634,0
DA:635,0
DA:637,341
DA:638,0
DA:639,0
DA:640,0
DA:643,0
DA:646,341
DA:647,0
DA:648,0
DA:649,0
DA:650,0
DA:652,341
DA:653,0
DA:654,0
DA:655,0
DA:656,0
DA:658,341
DA:659,0
DA:660,0
DA:661,0
DA:663,341
DA:664,0
DA:665,0
DA:666,0
DA:668,341
DA:669,0
DA:670,0
DA:671,0
DA:672,0
DA:674,341
DA:675,0
DA:676,0
DA:677,0
DA:678,0
DA:679,0
DA:680,0
DA:682,341
DA:683,0
DA:684,0
DA:685,0
DA:686,0
DA:688,341
DA:689,0
DA:690,0
DA:691,0
DA:692,0
DA:694,341
DA:695,0
DA:696,0
DA:698,341
DA:699,0
DA:700,0
DA:702,341
DA:703,0
DA:704,0
DA:705,0
DA:706,0
DA:707,0
DA:708,0
DA:709,0
DA:710,0
DA:711,0
DA:714,0
DA:715,0
DA:716,0
DA:717,0
DA:719,0
DA:722,341
DA:723,1
DA:724,1
DA:725,1
DA:726,1
DA:727,1
DA:729,341
DA:730,0
DA:731,0
DA:732,0
DA:733,0
DA:734,0
DA:735,0
DA:736,0
DA:738,341
DA:739,0
DA:740,0
DA:741,0
DA:742,0
DA:744,341
DA:745,0
DA:746,0
DA:747,0
DA:748,0
DA:749,0
DA:750,0
DA:751,0
DA:753,341
DA:754,0
DA:755,0
DA:756,0
DA:757,0
DA:758,0
DA:761,341
DA:762,341
DA:763,341
DA:764,341
DA:765,341
DA:766,341
DA:767,341
DA:768,341
DA:769,341
DA:770,341
DA:771,341
DA:772,341
DA:773,341
DA:774,341
DA:775,341
DA:776,341
DA:777,341
DA:779,341
DA:780,341
DA:781,341
DA:782,341
DA:783,341
DA:784,341
DA:785,341
DA:786,341
DA:787,341
DA:788,341
DA:789,341
DA:790,341
DA:791,341
DA:794,1586
DA:795,1586
DA:796,408
DA:797,408
DA:798,408
DA:800,1586
DA:801,1586
DA:804,2
DA:805,2
DA:806,2
DA:807,4
DA:809,2
DA:812,2
LF:599
LH:438
BRDA:39,0,0,6
BRDA:39,0,1,529
BRDA:43,1,0,535
BRDA:43,1,1,529
BRDA:56,2,0,0
BRDA:56,2,1,2
BRDA:58,3,0,0
BRDA:58,3,1,0
BRDA:76,4,0,9
BRDA:76,4,1,122
BRDA:79,5,0,122
BRDA:79,5,1,9
BRDA:90,6,0,131
BRDA:90,6,1,131
BRDA:91,7,0,9
BRDA:91,7,1,122
BRDA:107,8,0,3
BRDA:107,8,1,446
BRDA:113,9,0,1
BRDA:113,9,1,0
BRDA:137,10,0,1
BRDA:137,10,1,243
BRDA:147,11,0,0
BRDA:147,11,1,244
BRDA:150,12,0,244
BRDA:150,12,1,0
BRDA:161,13,0,244
BRDA:161,13,1,244
BRDA:162,14,0,0
BRDA:162,14,1,244
BRDA:174,15,0,1
BRDA:174,15,1,80
BRDA:205,16,0,6
BRDA:205,16,1,0
BRDA:205,17,0,6
BRDA:205,17,1,6
BRDA:206,18,0,5
BRDA:206,18,1,1
BRDA:223,19,0,1
BRDA:223,19,1,0
BRDA:228,20,0,0
BRDA:228,21,0,2261
BRDA:238,22,0,0
BRDA:238,23,0,15
BRDA:267,24,0,0
BRDA:267,24,1,8
BRDA:274,25,0,18
BRDA:274,25,1,0
BRDA:284,26,0,17
BRDA:284,26,1,1
BRDA:284,27,0,18
BRDA:284,27,1,11
BRDA:286,28,0,2
BRDA:286,28,1,13
BRDA:289,29,0,6
BRDA:289,29,1,7
BRDA:289,29,2,0
BRDA:291,30,0,2
BRDA:291,30,1,4
BRDA:304,31,0,2
BRDA:304,31,1,5
BRDA:307,32,0,1
BRDA:307,32,1,1
BRDA:338,33,0,0
BRDA:338,33,1,20
BRDA:342,34,0,13
BRDA:342,34,1,7
BRDA:348,35,0,13
BRDA:348,35,1,0
BRDA:348,36,0,13
BRDA:348,36,1,13
BRDA:350,37,0,0
BRDA:350,37,1,26
BRDA:352,38,0,26
BRDA:352,38,1,0
BRDA:362,39,0,7
BRDA:362,39,1,0
BRDA:362,40,0,7
BRDA:362,40,1,7
BRDA:383,41,0,2
BRDA:383,41,1,0
BRDA:384,42,0,2
BRDA:384,42,1,0
BRDA:391,43,0,1
BRDA:391,43,1,0
BRDA:392,44,0,1
BRDA:392,44,1,0
BRDA:394,45,0,0
BRDA:394,45,1,1
BRDA:398,46,0,0
BRDA:398,46,1,1
BRDA:414,47,0,203
BRDA:414,47,1,106
BRDA:419,48,0,309
BRDA:419,48,1,0
BRDA:422,49,0,2
BRDA:422,49,1,0
BRDA:422,50,0,2
BRDA:422,50,1,2
BRDA:423,51,0,0
BRDA:436,52,0,0
BRDA:436,52,1,1
BRDA:436,53,0,1
BRDA:436,53,1,1
BRDA:438,54,0,0
BRDA:438,54,1,1
BRDA:442,55,0,0
BRDA:442,55,1,1
BRDA:450,56,0,2
BRDA:450,56,1,26
BRDA:452,57,0,1
BRDA:452,57,1,27
BRDA:452,58,0,28
BRDA:452,58,1,1
BRDA:456,59,0,27
BRDA:456,59,1,0
BRDA:458,60,0,1
BRDA:458,60,1,0
BRDA:458,61,0,1
BRDA:458,61,1,1
BRDA:459,62,0,0
BRDA:459,62,1,1
BRDA:478,63,0,1
BRDA:478,63,1,6
BRDA:478,64,0,7
BRDA:478,64,1,1
BRDA:481,65,0,4
BRDA:481,65,1,3
BRDA:483,66,0,1
BRDA:483,66,1,2
BRDA:487,67,0,2
BRDA:487,67,1,0
BRDA:487,68,0,2
BRDA:487,68,1,2
BRDA:488,69,0,0
BRDA:488,69,1,1
BRDA:531,70,0,14
BRDA:531,70,1,0
BRDA:532,71,0,3
BRDA:532,71,1,11
BRDA:532,72,0,3
BRDA:532,72,1,0
BRDA:533,73,0,3
BRDA:533,73,1,11
BRDA:535,74,0,11
BRDA:535,74,1,1
BRDA:561,75,0,1
BRDA:561,75,1,5
BRDA:561,76,0,1
BRDA:561,76,1,0
BRDA:562,77,0,1
BRDA:562,77,1,5
BRDA:584,78,0,0
BRDA:584,79,0,0
BRDA:589,80,0,0
BRDA:589,80,1,0
BRDA:597,81,0,0
BRDA:623,82,0,0
BRDA:623,82,1,0
BRDA:623,83,0,0
BRDA:623,83,1,0
BRDA:676,84,0,0
BRDA:676,84,1,0
BRDA:676,85,0,0
BRDA:676,85,1,0
BRDA:689,86,0,0
BRDA:689,86,1,0
BRDA:692,87,0,0
BRDA:692,87,1,0
BRDA:707,88,0,0
BRDA:707,88,1,0
BRDA:725,89,0,1
BRDA:725,89,1,0
BRDA:742,90,0,0
BRDA:742,90,1,0
BRDA:744,91,0,0
BRDA:754,92,0,0
BRDA:754,92,1,0
BRDA:795,93,0,408
BRDA:795,93,1,1178
BRDA:800,94,0,0
BRDA:800,94,1,1586
BRF:182
BRH:117
end_of_record
TN:
SF:src/fsa-to-node/FsaNodeFsOpenFile.ts
FN:9,(anonymous_0)
FN:18,(anonymous_1)
FN:19,(anonymous_2)
FNF:3
FNH:3
FNDA:847,(anonymous_0)
FNDA:362,(anonymous_1)
FNDA:451,(anonymous_2)
DA:2,2
DA:3,2
DA:10,847
DA:11,847
DA:12,847
DA:13,847
DA:14,847
DA:15,847
DA:16,847
DA:20,451
DA:21,101
DA:22,451
DA:23,451
DA:28,451
DA:29,451
DA:30,451
DA:33,2
LF:17
LH:17
BRDA:20,0,0,101
BRDA:20,0,1,350
BRF:2
BRH:2
end_of_record
TN:
SF:src/fsa-to-node/FsaNodeReadStream.ts
FN:8,(anonymous_0)
FN:20,(anonymous_1)
FN:28,(anonymous_2)
FN:31,(anonymous_3)
FN:35,(anonymous_4)
FN:36,(anonymous_5)
FN:50,(anonymous_6)
FN:56,(anonymous_7)
FN:57,(anonymous_8)
FN:62,(anonymous_9)
FN:66,(anonymous_10)
FN:69,(anonymous_11)
FN:73,(anonymous_12)
FN:74,(anonymous_13)
FN:83,(anonymous_14)
FNF:15
FNH:10
FNDA:6,(anonymous_0)
FNDA:6,(anonymous_1)
FNDA:0,(anonymous_2)
FNDA:6,(anonymous_3)
FNDA:4,(anonymous_4)
FNDA:4,(anonymous_5)
FNDA:4,(anonymous_6)
FNDA:4,(anonymous_7)
FNDA:4,(anonymous_8)
FNDA:0,(anonymous_9)
FNDA:0,(anonymous_10)
FNDA:0,(anonymous_11)
FNDA:4,(anonymous_12)
FNDA:4,(anonymous_13)
FNDA:0,(anonymous_14)
DA:2,2
DA:3,2
DA:4,2
DA:5,2
DA:6,2
DA:9,6
DA:10,6
DA:11,6
DA:12,6
DA:13,6
DA:14,6
DA:15,6
DA:16,6
DA:17,6
DA:18,6
DA:19,6
DA:21,6
DA:22,0
DA:23,6
DA:24,6
DA:25,6
DA:26,6
DA:29,0
DA:32,6
DA:36,4
DA:37,4
DA:38,0
DA:39,4
DA:40,4
DA:41,4
DA:42,4
DA:43,4
DA:44,4
DA:45,3
DA:46,4
DA:47,4
DA:51,4
DA:52,0
DA:53,4
DA:54,4
DA:55,4
DA:57,4
DA:58,4
DA:60,4
DA:67,0
DA:70,0
DA:74,4
DA:75,4
DA:76,0
DA:77,4
DA:78,0
DA:79,4
DA:80,4
DA:81,4
DA:82,4
DA:84,0
DA:85,0
DA:89,2
LF:58
LH:48
BRDA:21,0,0,0
BRDA:21,0,1,6
BRDA:24,1,0,6
BRDA:24,1,1,0
BRDA:37,2,0,0
BRDA:37,2,1,4
BRDA:42,3,0,4
BRDA:42,3,1,3
BRDA:43,4,0,4
BRDA:43,4,1,0
BRDA:44,5,0,3
BRDA:44,5,1,1
BRDA:51,6,0,0
BRDA:51,6,1,4
BRDA:54,7,0,4
BRDA:54,7,1,0
BRDA:75,8,0,0
BRDA:75,8,1,4
BRDA:77,9,0,0
BRDA:77,9,1,4
BRF:20
BRH:12
end_of_record
TN:
SF:src/fsa-to-node/FsaNodeStats.ts
FN:8,(anonymous_0)
FN:30,(anonymous_1)
FN:33,(anonymous_2)
FN:36,(anonymous_3)
FN:39,(anonymous_4)
FN:42,(anonymous_5)
FN:45,(anonymous_6)
FN:48,(anonymous_7)
FNF:8
FNH:3
FNDA:1586,(anonymous_0)
FNDA:1099,(anonymous_1)
FNDA:370,(anonymous_2)
FNDA:0,(anonymous_3)
FNDA:0,(anonymous_4)
FNDA:0,(anonymous_5)
FNDA:0,(anonymous_6)
FNDA:0,(anonymous_7)
DA:2,2
DA:3,2
DA:4,2
DA:5,2
DA:6,2
DA:9,1586
DA:10,1586
DA:11,1586
DA:12,1586
DA:13,1586
DA:14,1586
DA:15,1586
DA:16,1586
DA:17,1586
DA:18,1586
DA:19,1586
DA:20,1586
DA:21,1586
DA:22,1586
DA:23,1586
DA:24,1586
DA:25,1586
DA:26,1586
DA:27,1586
DA:28,1586
DA:31,1099
DA:34,370
DA:37,0
DA:40,0
DA:43,0
DA:46,0
DA:49,0
DA:52,2
LF:33
LH:28
BRDA:5,0,0,2
BRDA:5,0,1,0
BRDA:10,1,0,0
BRDA:10,1,1,1586
BRF:4
BRH:2
end_of_record
TN:
SF:src/fsa-to-node/FsaNodeWriteStream.ts
FN:31,(anonymous_0)
FN:49,(anonymous_1)
FN:64,(anonymous_2)
FN:68,(anonymous_3)
FN:69,(anonymous_4)
FN:80,(anonymous_5)
FN:82,(anonymous_6)
FN:84,(anonymous_7)
FN:102,(anonymous_8)
FN:105,(anonymous_9)
FN:108,(anonymous_10)
FN:111,(anonymous_11)
FN:114,(anonymous_12)
FN:116,(anonymous_13)
FN:120,(anonymous_14)
FN:125,(anonymous_15)
FN:126,(anonymous_16)
FN:128,(anonymous_17)
FN:132,(anonymous_18)
FN:137,(anonymous_19)
FN:139,(anonymous_20)
FN:143,(anonymous_21)
FNF:22
FNH:14
FNDA:14,(anonymous_0)
FNDA:12,(anonymous_1)
FNDA:0,(anonymous_2)
FNDA:17,(anonymous_3)
FNDA:17,(anonymous_4)
FNDA:12,(anonymous_5)
FNDA:12,(anonymous_6)
FNDA:0,(anonymous_7)
FNDA:6,(anonymous_8)
FNDA:0,(anonymous_9)
FNDA:0,(anonymous_10)
FNDA:0,(anonymous_11)
FNDA:15,(anonymous_12)
FNDA:15,(anonymous_13)
FNDA:0,(anonymous_14)
FNDA:2,(anonymous_15)
FNDA:4,(anonymous_16)
FNDA:2,(anonymous_17)
FNDA:0,(anonymous_18)
FNDA:12,(anonymous_19)
FNDA:12,(anonymous_20)
FNDA:0,(anonymous_21)
DA:2,2
DA:3,2
DA:4,2
DA:5,2
DA:6,2
DA:7,2
DA:8,2
DA:32,14
DA:33,14
DA:34,14
DA:35,14
DA:36,14
DA:37,14
DA:38,14
DA:39,14
DA:40,6
DA:41,1
DA:43,5
DA:44,1
DA:47,12
DA:48,12
DA:49,12
DA:50,12
DA:51,12
DA:52,12
DA:53,9
DA:54,12
DA:55,12
DA:56,12
DA:57,12
DA:58,5
DA:59,5
DA:60,4
DA:62,12
DA:63,12
DA:65,0
DA:69,17
DA:70,17
DA:71,0
DA:73,17
DA:74,17
DA:75,19
DA:76,19
DA:81,12
DA:82,12
DA:83,12
DA:84,0
DA:85,0
DA:87,12
DA:88,12
DA:89,12
DA:90,12
DA:91,12
DA:92,12
DA:95,0
DA:96,0
DA:97,0
DA:103,6
DA:106,0
DA:109,0
DA:110,0
DA:111,0
DA:115,15
DA:117,15
DA:118,15
DA:121,0
DA:122,0
DA:126,4
DA:127,2
DA:129,2
DA:130,2
DA:133,0
DA:134,0
DA:138,12
DA:140,12
DA:141,12
DA:144,0
DA:145,0
DA:149,2
LF:79
LH:62
BRDA:39,0,0,6
BRDA:39,0,1,8
BRDA:40,1,0,1
BRDA:40,1,1,5
BRDA:43,2,0,1
BRDA:43,2,1,4
BRDA:52,3,0,9
BRDA:52,3,1,3
BRDA:54,4,0,12
BRDA:54,4,1,0
BRDA:55,5,0,5
BRDA:55,5,1,7
BRDA:57,6,0,5
BRDA:57,6,1,7
BRDA:58,7,0,5
BRDA:58,7,1,1
BRDA:59,8,0,4
BRDA:59,8,1,1
BRDA:70,9,0,0
BRDA:70,9,1,17
BRDA:83,10,0,0
BRDA:83,10,1,12
BRDA:83,11,0,12
BRDA:83,11,1,0
BRDA:91,12,0,12
BRDA:91,12,1,0
BRDA:96,13,0,0
BRDA:96,13,1,0
BRDA:109,14,0,0
BRDA:109,14,1,0
BRDA:117,15,0,15
BRDA:117,15,1,0
BRDA:121,16,0,0
BRDA:121,16,1,0
BRDA:129,17,0,2
BRDA:129,17,1,0
BRDA:133,18,0,0
BRDA:133,18,1,0
BRDA:140,19,0,12
BRDA:140,19,1,0
BRDA:144,20,0,0
BRDA:144,20,1,0
BRF:42
BRH:24
end_of_record
TN:
SF:src/fsa-to-node/index.ts
FN:5,(anonymous_0)
FN:7,(anonymous_1)
FNF:2
FNH:1
FNDA:258,(anonymous_0)
FNDA:0,(anonymous_1)
DA:2,1
DA:3,1
DA:4,1
DA:5,258
DA:6,1
DA:7,1
LF:6
LH:6
BRF:0
BRH:0
end_of_record
TN:
SF:src/fsa-to-node/json.ts
FN:5,(anonymous_0)
FN:6,(anonymous_1)
FNF:2
FNH:0
FNDA:0,(anonymous_0)
FNDA:0,(anonymous_1)
DA:2,1
DA:3,1
DA:4,1
DA:5,1
DA:6,1
LF:5
LH:5
BRF:0
BRH:0
end_of_record
TN:
SF:src/fsa-to-node/util.ts
FN:4,(anonymous_0)
FN:17,(anonymous_1)
FNF:2
FNH:2
FNDA:4480,(anonymous_0)
FNDA:2,(anonymous_1)
DA:2,3
DA:3,3
DA:4,3
DA:5,4480
DA:6,4468
DA:7,4480
DA:8,152
DA:9,4480
DA:10,4480
DA:11,1535
DA:12,2945
DA:13,2945
DA:14,2945
DA:16,3
DA:17,3
DA:18,2
DA:19,2
DA:20,2
DA:21,1
DA:24,1
DA:27,2
DA:28,2
DA:33,3
LF:23
LH:23
BRDA:5,0,0,4468
BRDA:5,0,1,12
BRDA:7,1,0,152
BRDA:7,1,1,4328
BRDA:10,2,0,1535
BRDA:10,2,1,2945
BRF:6
BRH:6
end_of_record
TN:
SF:src/fsa-to-node/worker/FsaNodeSyncAdapterWorker.ts
FN:9,(anonymous_0)
FN:15,(anonymous_1)
FN:41,(anonymous_2)
FN:45,(anonymous_3)
FNF:4
FNH:0
FNDA:0,(anonymous_0)
FNDA:0,(anonymous_1)
FNDA:0,(anonymous_2)
FNDA:0,(anonymous_3)
DA:2,1
DA:3,1
DA:4,1
DA:5,1
DA:6,1
DA:7,1
DA:10,0
DA:11,0
DA:12,0
DA:13,0
DA:14,0
DA:15,0
DA:16,0
DA:17,0
DA:18,0
DA:19,0
DA:20,0
DA:21,0
DA:23,0
DA:24,0
DA:25,0
DA:26,0
DA:27,0
DA:30,0
DA:31,0
DA:32,0
DA:33,0
DA:34,0
DA:35,0
DA:39,0
DA:42,0
DA:43,0
DA:46,0
DA:47,0
DA:48,0
DA:49,0
DA:50,0
DA:52,0
DA:54,0
DA:56,0
DA:61,1
LF:41
LH:7
BRDA:17,0,0,0
BRDA:17,0,1,0
BRDA:21,1,0,0
BRDA:21,1,1,0
BRDA:31,2,0,0
BRDA:31,2,1,0
BRDA:50,3,0,0
BRDA:50,3,1,0
BRDA:50,3,2,0
BRF:9
BRH:0
end_of_record
TN:
SF:src/fsa-to-node/worker/SyncMessenger.ts
FN:8,(anonymous_0)
FN:30,(anonymous_1)
FN:37,(anonymous_2)
FN:45,(anonymous_3)
FN:50,(anonymous_4)
FN:52,(anonymous_5)
FN:68,(anonymous_6)
FNF:7
FNH:0
FNDA:0,(anonymous_0)
FNDA:0,(anonymous_1)
FNDA:0,(anonymous_2)
FNDA:0,(anonymous_3)
FNDA:0,(anonymous_4)
FNDA:0,(anonymous_5)
FNDA:0,(anonymous_6)
DA:2,1
DA:3,1
DA:8,1
DA:9,0
DA:10,0
DA:11,0
DA:12,0
DA:13,0
DA:31,0
DA:32,0
DA:33,0
DA:34,0
DA:35,0
DA:38,0
DA:39,0
DA:40,0
DA:41,0
DA:42,0
DA:43,0
DA:44,0
DA:45,0
DA:46,0
DA:47,0
DA:48,0
DA:51,0
DA:52,0
DA:53,0
DA:54,0
DA:55,0
DA:56,0
DA:57,0
DA:58,0
DA:59,0
DA:60,0
DA:61,0
DA:62,0
DA:63,0
DA:64,0
DA:67,0
DA:71,1
LF:40
LH:4
BRDA:8,0,0,0
BRDA:12,1,0,0
BRDA:12,1,1,0
BRDA:56,2,0,0
BRDA:56,2,1,0
BRF:5
BRH:0
end_of_record
TN:
SF:src/internal/buffer.ts
FN:5,(anonymous_0)
FNF:1
FNH:1
FNDA:1513,(anonymous_0)
DA:2,11
DA:3,11
DA:4,11
DA:5,1513
LF:4
LH:4
BRF:0
BRH:0
end_of_record
TN:
SF:src/node-to-crud/NodeCrud.ts
FN:8,(anonymous_0)
FN:10,(anonymous_1)
FN:66,(anonymous_2)
FN:81,(anonymous_3)
FN:97,(anonymous_4)
FN:117,(anonymous_5)
FN:166,(anonymous_6)
FN:185,(anonymous_7)
FN:204,(anonymous_8)
FN:210,(anonymous_9)
FN:231,(anonymous_10)
FN:251,(anonymous_11)
FNF:12
FNH:11
FNDA:192,(anonymous_0)
FNDA:272,(anonymous_1)
FNDA:4,(anonymous_2)
FNDA:36,(anonymous_3)
FNDA:34,(anonymous_4)
FNDA:44,(anonymous_5)
FNDA:20,(anonymous_6)
FNDA:24,(anonymous_7)
FNDA:12,(anonymous_8)
FNDA:0,(anonymous_9)
FNDA:126,(anonymous_10)
FNDA:40,(anonymous_11)
DA:2,3
DA:3,3
DA:4,3
DA:5,3
DA:6,3
DA:9,192
DA:10,192
DA:11,272
DA:12,268
DA:13,264
DA:14,264
DA:15,264
DA:16,228
DA:17,264
DA:18,264
DA:19,264
DA:20,264
DA:21,264
DA:22,224
DA:23,264
DA:24,32
DA:25,8
DA:26,24
DA:27,24
DA:30,232
DA:32,264
DA:33,264
DA:36,16
DA:38,4
DA:39,4
DA:42,12
DA:43,12
DA:46,0
DA:48,248
DA:50,216
DA:51,216
DA:54,32
DA:55,16
DA:56,16
DA:58,32
DA:59,32
DA:62,0
DA:66,192
DA:67,4
DA:68,4
DA:69,4
DA:72,0
DA:73,0
DA:75,0
DA:78,0
DA:81,192
DA:82,36
DA:83,36
DA:84,14
DA:85,14
DA:88,22
DA:89,22
DA:91,8
DA:94,14
DA:97,192
DA:98,34
DA:99,30
DA:100,26
DA:101,26
DA:102,14
DA:103,14
DA:106,20
DA:107,10
DA:108,10
DA:109,10
DA:111,4
DA:114,6
DA:117,192
DA:118,44
DA:119,40
DA:120,24
DA:121,20
DA:122,14
DA:123,14
DA:124,8
DA:125,0
DA:126,8
DA:134,6
DA:135,6
DA:137,6
DA:140,0
DA:144,16
DA:145,12
DA:146,12
DA:147,12
DA:148,0
DA:149,12
DA:155,0
DA:156,0
DA:159,0
DA:162,0
DA:166,192
DA:167,20
DA:168,16
DA:169,16
DA:170,8
DA:171,8
DA:172,4
DA:173,4
DA:174,12
DA:177,4
DA:181,8
DA:182,4
DA:185,192
DA:186,24
DA:187,16
DA:188,8
DA:189,8
DA:190,24
DA:191,16
DA:196,8
DA:197,8
DA:204,192
DA:205,12
DA:206,12
DA:207,12
DA:208,4
DA:210,192
DA:211,0
DA:212,0
DA:213,0
DA:214,0
DA:215,0
DA:216,0
DA:217,0
DA:223,192
DA:224,192
DA:225,192
DA:226,192
DA:227,10
DA:228,192
DA:229,192
DA:232,126
DA:233,126
DA:234,126
DA:235,126
DA:236,82
DA:237,0
DA:238,82
DA:241,44
DA:242,44
DA:245,44
DA:248,0
DA:252,40
DA:253,36
DA:254,32
DA:255,26
DA:256,26
DA:257,26
DA:260,3
LF:155
LH:133
BRDA:13,0,0,228
BRDA:13,0,1,36
BRDA:15,1,0,228
BRDA:15,1,1,36
BRDA:21,2,0,224
BRDA:21,2,1,40
BRDA:23,3,0,32
BRDA:23,3,1,232
BRDA:24,4,0,8
BRDA:24,4,1,24
BRDA:26,5,0,24
BRDA:26,5,1,0
BRDA:36,6,0,4
BRDA:36,6,1,12
BRDA:38,7,0,4
BRDA:38,7,1,0
BRDA:38,8,0,4
BRDA:38,8,1,4
BRDA:38,8,2,4
BRDA:42,9,0,12
BRDA:42,9,1,0
BRDA:42,10,0,12
BRDA:42,10,1,12
BRDA:42,10,2,12
BRDA:48,11,0,216
BRDA:48,11,1,32
BRDA:48,11,2,0
BRDA:54,12,0,16
BRDA:54,12,1,16
BRDA:72,13,0,0
BRDA:72,13,1,0
BRDA:72,14,0,0
BRDA:72,14,1,0
BRDA:73,15,0,0
BRDA:88,16,0,22
BRDA:88,16,1,0
BRDA:88,17,0,22
BRDA:88,17,1,22
BRDA:89,18,0,8
BRDA:106,19,0,10
BRDA:106,19,1,10
BRDA:108,20,0,10
BRDA:108,20,1,0
BRDA:108,21,0,10
BRDA:108,21,1,10
BRDA:109,22,0,4
BRDA:119,23,0,24
BRDA:119,23,1,16
BRDA:124,24,0,0
BRDA:124,24,1,8
BRDA:134,25,0,6
BRDA:134,25,1,0
BRDA:134,26,0,6
BRDA:134,26,1,6
BRDA:135,27,0,6
BRDA:147,28,0,0
BRDA:147,28,1,12
BRDA:155,29,0,0
BRDA:155,29,1,0
BRDA:155,30,0,0
BRDA:155,30,1,0
BRDA:156,31,0,0
BRDA:156,31,1,0
BRDA:171,32,0,4
BRDA:171,32,1,4
BRDA:181,33,0,4
BRDA:181,33,1,4
BRDA:190,34,0,16
BRDA:190,34,1,8
BRDA:196,35,0,8
BRDA:196,35,1,0
BRDA:212,36,0,0
BRDA:212,36,1,0
BRDA:214,37,0,0
BRDA:214,37,1,0
BRDA:223,38,0,192
BRDA:223,38,1,192
BRDA:226,39,0,10
BRDA:226,39,1,182
BRDA:232,40,0,114
BRDA:232,40,1,12
BRDA:236,41,0,0
BRDA:236,41,1,82
BRDA:241,42,0,44
BRDA:241,42,1,0
BRDA:241,43,0,44
BRDA:241,43,1,44
BRDA:242,44,0,44
BRDA:242,44,1,44
BRF:89
BRH:62
end_of_record
TN:
SF:src/node-to-crud/index.ts
FN:5,(anonymous_0)
FNF:1
FNH:1
FNDA:129,(anonymous_0)
DA:2,1
DA:3,1
DA:4,1
DA:5,129
LF:4
LH:4
BRF:0
BRH:0
end_of_record
TN:
SF:src/node-to-fsa/NodeFileSystemDirectoryHandle.ts
FN:11,(anonymous_0)
FN:23,(anonymous_1)
FN:31,(anonymous_2)
FN:50,(anonymous_3)
FN:64,(anonymous_4)
FN:103,(anonymous_5)
FN:142,(anonymous_6)
FN:185,(anonymous_7)
FNF:8
FNH:8
FNDA:8091,(anonymous_0)
FNDA:17,(anonymous_1)
FNDA:29,(anonymous_2)
FNDA:4,(anonymous_3)
FNDA:7491,(anonymous_4)
FNDA:4727,(anonymous_5)
FNDA:486,(anonymous_6)
FNDA:5,(anonymous_7)
DA:2,10
DA:3,10
DA:4,10
DA:5,10
DA:6,10
DA:12,8091
DA:13,8091
DA:14,8091
DA:15,8091
DA:24,17
DA:25,17
DA:26,41
DA:32,29
DA:33,29
DA:34,29
DA:35,71
DA:36,71
DA:37,71
DA:38,71
DA:39,26
DA:40,45
DA:41,45
DA:51,4
DA:52,4
DA:65,7491
DA:66,7476
DA:67,7476
DA:68,7476
DA:69,6896
DA:70,3
DA:71,6893
DA:74,583
DA:75,3
DA:76,580
DA:77,580
DA:79,580
DA:80,535
DA:81,534
DA:82,534
DA:84,45
DA:88,0
DA:91,0
DA:104,4727
DA:105,4711
DA:106,4711
DA:107,4711
DA:108,2753
DA:109,1180
DA:110,1573
DA:113,3138
DA:114,1180
DA:115,1958
DA:116,1958
DA:118,1958
DA:119,883
DA:120,881
DA:121,881
DA:123,1075
DA:127,0
DA:130,0
DA:143,486
DA:144,483
DA:145,467
DA:146,467
DA:147,467
DA:148,467
DA:149,461
DA:150,407
DA:152,54
DA:153,54
DA:156,0
DA:159,10
DA:160,0
DA:161,10
DA:162,10
DA:164,6
DA:168,0
DA:170,4
DA:173,0
DA:186,5
DA:188,5
DA:189,5
DA:190,5
DA:191,1
DA:192,4
DA:193,4
DA:194,1
DA:195,3
DA:196,3
DA:197,0
DA:198,3
DA:200,0
DA:203,10
LF:93
LH:83
BRDA:11,0,0,0
BRDA:12,1,0,8091
BRDA:12,1,1,638
BRDA:15,2,0,554
BRDA:15,2,1,7537
BRDA:38,3,0,26
BRDA:38,3,1,45
BRDA:40,4,0,45
BRDA:40,4,1,0
BRDA:69,5,0,3
BRDA:69,5,1,6893
BRDA:74,6,0,3
BRDA:74,6,1,580
BRDA:76,7,0,580
BRDA:76,7,1,0
BRDA:76,8,0,580
BRDA:76,8,1,580
BRDA:77,9,0,580
BRDA:77,9,1,0
BRDA:77,9,2,0
BRDA:79,10,0,535
BRDA:79,10,1,45
BRDA:108,11,0,1180
BRDA:108,11,1,1573
BRDA:113,12,0,1180
BRDA:113,12,1,1958
BRDA:115,13,0,1958
BRDA:115,13,1,0
BRDA:115,14,0,1958
BRDA:115,14,1,1958
BRDA:116,15,0,1958
BRDA:116,15,1,0
BRDA:116,15,2,0
BRDA:118,16,0,883
BRDA:118,16,1,1075
BRDA:142,17,0,428
BRDA:142,18,0,428
BRDA:149,19,0,407
BRDA:149,19,1,54
BRDA:152,20,0,54
BRDA:152,20,1,0
BRDA:159,21,0,0
BRDA:159,21,1,10
BRDA:161,22,0,10
BRDA:161,22,1,0
BRDA:161,23,0,10
BRDA:161,23,1,10
BRDA:162,24,0,6
BRDA:162,24,1,0
BRDA:162,24,2,0
BRDA:162,24,3,4
BRDA:186,25,0,5
BRDA:186,25,1,0
BRDA:186,26,0,5
BRDA:186,26,1,3
BRDA:190,27,0,1
BRDA:190,27,1,4
BRDA:193,28,0,1
BRDA:193,28,1,3
BRDA:196,29,0,0
BRDA:196,29,1,3
BRF:61
BRH:46
end_of_record
TN:
SF:src/node-to-fsa/NodeFileSystemFileHandle.ts
FN:9,(anonymous_0)
FN:22,(anonymous_1)
FN:48,(anonymous_2)
FN:51,(anonymous_3)
FN:56,(anonymous_4)
FNF:5
FNH:5
FNDA:2499,(anonymous_0)
FNDA:1009,(anonymous_1)
FNDA:12,(anonymous_2)
FNDA:12,(anonymous_3)
FNDA:1383,(anonymous_4)
DA:2,10
DA:3,10
DA:4,10
DA:5,10
DA:6,10
DA:7,10
DA:10,2499
DA:11,2499
DA:12,2499
DA:13,2499
DA:14,2499
DA:23,1009
DA:24,1009
DA:25,1009
DA:26,1009
DA:28,1009
DA:29,1009
DA:30,1009
DA:33,0
DA:34,0
DA:35,0
DA:36,0
DA:39,0
DA:42,0
DA:49,12
DA:50,0
DA:51,12
DA:57,1383
DA:58,1381
DA:61,10
LF:30
LH:23
BRDA:9,0,0,0
BRDA:33,1,0,0
BRDA:33,1,1,0
BRDA:35,2,0,0
BRDA:35,2,1,0
BRDA:35,3,0,0
BRDA:35,3,1,0
BRDA:36,4,0,0
BRDA:36,4,1,0
BRDA:49,5,0,0
BRDA:49,5,1,12
BRDA:56,6,0,8
BRDA:56,7,0,0
BRF:13
BRH:2
end_of_record
TN:
SF:src/node-to-fsa/NodeFileSystemHandle.ts
FN:11,(anonymous_0)
FN:20,(anonymous_1)
FN:26,(anonymous_2)
FN:32,(anonymous_3)
FN:38,(anonymous_4)
FNF:5
FNH:2
FNDA:10590,(anonymous_0)
FNDA:7,(anonymous_1)
FNDA:0,(anonymous_2)
FNDA:0,(anonymous_3)
FNDA:0,(anonymous_4)
DA:2,10
DA:3,10
DA:12,10590
DA:13,10590
DA:21,7
DA:27,0
DA:33,0
DA:39,0
DA:42,10
LF:9
LH:6
BRDA:21,0,0,7
BRDA:21,0,1,5
BRDA:32,1,0,0
BRF:3
BRH:2
end_of_record
TN:
SF:src/node-to-fsa/NodeFileSystemSyncAccessHandle.ts
FN:10,(anonymous_0)
FN:19,(anonymous_1)
FN:26,(anonymous_2)
FN:33,(anonymous_3)
FN:39,(anonymous_4)
FN:62,(anonymous_5)
FN:74,(anonymous_6)
FNF:7
FNH:7
FNDA:12,(anonymous_0)
FNDA:3,(anonymous_1)
FNDA:1,(anonymous_2)
FNDA:2,(anonymous_3)
FNDA:4,(anonymous_4)
FNDA:1,(anonymous_5)
FNDA:4,(anonymous_6)
DA:2,10
DA:3,10
DA:4,10
DA:5,10
DA:11,12
DA:12,12
DA:13,12
DA:14,12
DA:20,3
DA:21,3
DA:27,1
DA:28,1
DA:34,2
DA:40,4
DA:41,4
DA:42,4
DA:43,3
DA:46,1
DA:47,0
DA:48,1
DA:49,1
DA:51,1
DA:55,0
DA:63,1
DA:64,1
DA:75,4
DA:76,4
DA:77,4
DA:78,4
DA:81,1
DA:82,0
DA:83,1
DA:84,1
DA:86,1
DA:90,0
DA:94,10
LF:36
LH:32
BRDA:39,0,0,3
BRDA:40,1,0,0
BRDA:40,1,1,4
BRDA:42,2,0,4
BRDA:42,2,1,3
BRDA:46,3,0,0
BRDA:46,3,1,1
BRDA:48,4,0,1
BRDA:48,4,1,0
BRDA:48,5,0,1
BRDA:48,5,1,1
BRDA:49,6,0,1
BRDA:74,7,0,3
BRDA:76,8,0,0
BRDA:76,8,1,4
BRDA:78,9,0,4
BRDA:78,9,1,3
BRDA:81,10,0,0
BRDA:81,10,1,1
BRDA:83,11,0,1
BRDA:83,11,1,0
BRDA:83,12,0,1
BRDA:83,12,1,1
BRDA:84,13,0,1
BRF:24
BRH:18
end_of_record
TN:
SF:src/node-to-fsa/NodeFileSystemWritableFileStream.ts
FN:14,(anonymous_0)
FN:52,(anonymous_1)
FN:55,(anonymous_2)
FN:57,(anonymous_3)
FN:62,(anonymous_4)
FN:71,(anonymous_5)
FN:79,(anonymous_6)
FN:97,(anonymous_7)
FN:104,(anonymous_8)
FN:113,(anonymous_9)
FN:122,(anonymous_10)
FNF:11
FNH:11
FNDA:1387,(anonymous_0)
FNDA:1381,(anonymous_1)
FNDA:1381,(anonymous_2)
FNDA:1381,(anonymous_3)
FNDA:1383,(anonymous_4)
FNDA:1380,(anonymous_5)
FNDA:1,(anonymous_6)
FNDA:496,(anonymous_7)
FNDA:6,(anonymous_8)
FNDA:1383,(anonymous_9)
FNDA:1388,(anonymous_10)
DA:2,11
DA:3,11
DA:4,11
DA:14,11
DA:16,1387
DA:17,1387
DA:18,1387
DA:21,338
DA:22,0
DA:24,1387
DA:25,338
DA:26,399
DA:27,399
DA:28,399
DA:29,338
DA:32,61
DA:33,0
DA:37,1387
DA:38,0
DA:39,1387
DA:40,406
DA:41,1387
DA:43,11
DA:53,1381
DA:54,1381
DA:56,1381
DA:57,1381
DA:58,1381
DA:59,1381
DA:60,1381
DA:63,1383
DA:64,1383
DA:65,1383
DA:66,0
DA:67,1383
DA:68,1383
DA:69,1383
DA:72,1380
DA:73,1380
DA:74,1380
DA:75,0
DA:76,1380
DA:77,1380
DA:80,1
DA:81,1
DA:82,1
DA:83,0
DA:84,1
DA:85,1
DA:88,1381
DA:89,1381
DA:90,1381
DA:98,496
DA:105,6
DA:106,6
DA:107,6
DA:108,0
DA:109,6
DA:110,6
DA:111,0
DA:114,1383
DA:115,1383
DA:116,1383
DA:119,1383
DA:123,1388
DA:124,0
DA:125,1388
DA:127,7
DA:130,1381
DA:131,1381
DA:135,417
DA:137,964
DA:138,467
DA:141,497
DA:142,497
DA:144,492
DA:145,489
DA:146,492
DA:149,3
DA:150,0
DA:151,3
DA:152,0
DA:153,3
DA:156,2
DA:157,0
DA:158,2
DA:160,0
DA:167,0
DA:171,11
LF:89
LH:75
BRDA:21,0,0,0
BRDA:21,0,1,338
BRDA:21,1,0,338
BRDA:21,1,1,338
BRDA:21,1,2,338
BRDA:24,2,0,338
BRDA:24,2,1,1049
BRDA:32,3,0,0
BRDA:32,3,1,61
BRDA:32,4,0,61
BRDA:32,4,1,61
BRDA:32,4,2,61
BRDA:37,5,0,0
BRDA:37,5,1,1387
BRDA:39,6,0,406
BRDA:39,6,1,981
BRDA:65,7,0,0
BRDA:65,7,1,1383
BRDA:67,8,0,9
BRDA:67,8,1,1374
BRDA:67,9,0,0
BRDA:67,9,1,1374
BRDA:74,10,0,0
BRDA:74,10,1,1380
BRDA:82,11,0,0
BRDA:82,11,1,1
BRDA:107,12,0,0
BRDA:107,12,1,6
BRDA:110,13,0,0
BRDA:110,13,1,6
BRDA:123,14,0,0
BRDA:123,14,1,1388
BRDA:125,15,0,7
BRDA:125,15,1,1381
BRDA:125,15,2,0
BRDA:131,16,0,417
BRDA:131,16,1,417
BRDA:131,16,2,417
BRDA:131,16,3,964
BRDA:137,17,0,467
BRDA:137,17,1,497
BRDA:142,18,0,492
BRDA:142,18,1,3
BRDA:142,18,2,2
BRDA:142,18,3,0
BRDA:144,19,0,489
BRDA:144,19,1,3
BRDA:149,20,0,0
BRDA:149,20,1,3
BRDA:151,21,0,0
BRDA:151,21,1,3
BRDA:156,22,0,0
BRDA:156,22,1,2
BRF:53
BRH:38
end_of_record
TN:
SF:src/node-to-fsa/index.ts
FN:10,(anonymous_0)
FNF:1
FNH:1
FNDA:84,(anonymous_0)
DA:2,6
DA:3,6
DA:4,6
DA:5,6
DA:6,6
DA:7,6
DA:8,6
DA:9,6
DA:10,6
DA:11,84
DA:13,6
LF:11
LH:11
BRF:0
BRH:0
end_of_record
TN:
SF:src/node-to-fsa/types.ts
FNF:0
FNH:0
DA:2,6
LF:1
LH:1
BRF:0
BRH:0
end_of_record
TN:
SF:src/node-to-fsa/util.ts
FN:7,(anonymous_0)
FN:16,(anonymous_1)
FN:24,(anonymous_2)
FN:30,(anonymous_3)
FN:35,(anonymous_4)
FN:37,(anonymous_5)
FN:39,(anonymous_6)
FNF:7
FNH:6
FNDA:10590,(anonymous_0)
FNDA:10604,(anonymous_1)
FNDA:14583,(anonymous_2)
FNDA:3296,(anonymous_3)
FNDA:1126,(anonymous_4)
FNDA:1183,(anonymous_5)
FNDA:0,(anonymous_6)
DA:2,12
DA:3,12
DA:7,12
DA:8,10590
DA:15,12
DA:16,12
DA:17,10604
DA:18,556
DA:19,10604
DA:20,10604
DA:22,12
DA:23,12
DA:24,12
DA:25,14583
DA:26,14583
DA:27,135
DA:29,12
DA:30,12
DA:31,3296
DA:32,8
DA:34,12
DA:35,1126
DA:36,12
DA:37,1183
DA:38,12
DA:39,12
DA:40,12
LF:27
LH:27
BRDA:7,0,0,0
BRDA:17,1,0,556
BRDA:17,1,1,10048
BRDA:20,2,0,558
BRDA:20,2,1,10046
BRDA:25,3,0,14583
BRDA:25,3,1,14549
BRDA:26,4,0,135
BRDA:26,4,1,14448
BRDA:31,5,0,8
BRDA:31,5,1,3288
BRF:11
BRH:10
end_of_record
TN:
SF:src/snapshot/async.ts
FN:4,(anonymous_0)
FN:33,(anonymous_1)
FNF:2
FNH:2
FNDA:125,(anonymous_0)
FNDA:45,(anonymous_1)
DA:2,3
DA:3,3
DA:4,3
DA:5,125
DA:6,125
DA:7,58
DA:8,58
DA:9,58
DA:10,58
DA:11,114
DA:12,114
DA:13,114
DA:15,58
DA:17,67
DA:18,58
DA:19,58
DA:20,58
DA:22,9
DA:23,9
DA:30,0
DA:32,3
DA:33,3
DA:34,45
DA:35,0
DA:36,45
DA:38,21
DA:39,21
DA:40,21
DA:41,21
DA:42,21
DA:43,42
DA:44,21
DA:47,21
DA:48,21
DA:49,21
DA:52,3
DA:53,3
DA:54,3
DA:58,3
LF:39
LH:37
BRDA:4,0,0,0
BRDA:4,1,0,11
BRDA:6,2,0,58
BRDA:6,2,1,67
BRDA:9,3,0,1
BRDA:9,3,1,57
BRDA:12,4,0,114
BRDA:12,4,1,0
BRDA:17,5,0,58
BRDA:17,5,1,9
BRDA:22,6,0,9
BRDA:22,6,1,0
BRDA:33,7,0,0
BRDA:33,8,0,3
BRDA:34,9,0,0
BRDA:34,9,1,45
BRDA:36,10,0,21
BRDA:36,10,1,21
BRDA:36,10,2,3
BRDA:38,11,0,21
BRDA:38,11,1,0
BRF:21
BRH:15
end_of_record
TN:
SF:src/snapshot/binary.ts
FN:11,(anonymous_0)
FN:16,(anonymous_1)
FN:21,(anonymous_2)
FN:26,(anonymous_3)
FNF:4
FNH:4
FNDA:3,(anonymous_0)
FNDA:1,(anonymous_1)
FNDA:3,(anonymous_2)
FNDA:1,(anonymous_3)
DA:2,1
DA:3,1
DA:4,1
DA:5,1
DA:6,1
DA:7,1
DA:8,1
DA:9,1
DA:10,1
DA:11,1
DA:12,3
DA:13,3
DA:15,1
DA:16,1
DA:17,1
DA:18,1
DA:20,1
DA:21,1
DA:22,3
DA:23,3
DA:25,1
DA:26,1
DA:27,1
DA:28,1
DA:30,1
LF:25
LH:25
BRF:0
BRH:0
end_of_record
TN:
SF:src/snapshot/json.ts
FN:11,(anonymous_0)
FN:16,(anonymous_1)
FN:21,(anonymous_2)
FN:26,(anonymous_3)
FNF:4
FNH:4
FNDA:4,(anonymous_0)
FNDA:1,(anonymous_1)
FNDA:3,(anonymous_2)
FNDA:1,(anonymous_3)
DA:2,1
DA:3,1
DA:4,1
DA:5,1
DA:6,1
DA:7,1
DA:8,1
DA:9,1
DA:10,1
DA:11,1
DA:12,4
DA:13,4
DA:15,1
DA:16,1
DA:17,1
DA:18,1
DA:20,1
DA:21,1
DA:22,3
DA:23,3
DA:25,1
DA:26,1
DA:27,1
DA:28,1
DA:30,1
LF:25
LH:25
BRF:0
BRH:0
end_of_record
TN:
SF:src/snapshot/shared.ts
FNF:0
FNH:0
DA:2,2
DA:3,2
DA:4,2
DA:5,2
LF:4
LH:4
BRF:0
BRH:0
end_of_record
TN:
SF:src/snapshot/sync.ts
FN:4,(anonymous_0)
FN:33,(anonymous_1)
FNF:2
FNH:2
FNDA:140,(anonymous_0)
FNDA:45,(anonymous_1)
DA:2,3
DA:3,3
DA:4,3
DA:5,140
DA:6,140
DA:7,65
DA:8,65
DA:9,65
DA:10,65
DA:11,128
DA:12,128
DA:13,128
DA:15,65
DA:17,75
DA:18,65
DA:19,65
DA:20,65
DA:22,10
DA:23,10
DA:30,0
DA:32,3
DA:33,3
DA:34,45
DA:35,0
DA:36,45
DA:38,21
DA:39,21
DA:40,21
DA:41,21
DA:42,21
DA:43,42
DA:44,21
DA:47,21
DA:48,21
DA:49,21
DA:52,3
DA:53,3
DA:54,3
DA:58,3
LF:39
LH:37
BRDA:4,0,0,0
BRDA:4,1,0,12
BRDA:6,2,0,65
BRDA:6,2,1,75
BRDA:9,3,0,1
BRDA:9,3,1,64
BRDA:12,4,0,128
BRDA:12,4,1,0
BRDA:17,5,0,65
BRDA:17,5,1,10
BRDA:22,6,0,10
BRDA:22,6,1,0
BRDA:33,7,0,0
BRDA:33,8,0,3
BRDA:34,9,0,0
BRDA:34,9,1,45
BRDA:36,10,0,21
BRDA:36,10,1,21
BRDA:36,10,2,3
BRDA:38,11,0,21
BRDA:38,11,1,0
BRF:21
BRH:15
end_of_record
