TN:
SF:src/__tests__/util.ts
FN:5,(anonymous_0)
FN:10,(anonymous_1)
FN:14,(anonymous_2)
FN:22,(anonymous_3)
FNF:4
FNH:0
FNDA:0,(anonymous_0)
FNDA:0,(anonymous_1)
FNDA:0,(anonymous_2)
FNDA:0,(anonymous_3)
DA:2,11
DA:3,11
DA:4,11
DA:5,11
DA:6,0
DA:7,0
DA:9,11
DA:10,11
DA:11,0
DA:13,11
DA:14,11
DA:15,0
DA:16,0
DA:17,0
DA:19,0
DA:21,11
DA:22,11
DA:23,11
DA:24,11
DA:29,11
LF:20
LH:13
BRDA:5,0,0,0
BRDA:16,1,0,0
BRDA:16,1,1,0
BRDA:29,2,0,11
BRDA:29,2,1,0
BRF:5
BRH:1
end_of_record
TN:
SF:src/crud/util.ts
FN:5,(anonymous_0)
FNF:1
FNH:1
FNDA:701,(anonymous_0)
DA:2,5
DA:3,5
DA:4,5
DA:5,5
DA:6,701
DA:7,701
DA:8,893
DA:10,5
LF:8
LH:8
BRF:0
BRH:0
end_of_record
TN:
SF:src/crud-to-cas/CrudCas.ts
FN:6,(anonymous_0)
FN:8,(anonymous_1)
FNF:2
FNH:2
FNDA:6,(anonymous_0)
FNDA:30,(anonymous_1)
DA:2,1
DA:3,1
DA:4,1
DA:5,1
DA:6,6
DA:9,30
DA:10,30
DA:11,30
DA:14,1
LF:9
LH:9
BRF:0
BRH:0
end_of_record
TN:
SF:src/crud-to-cas/CrudCasBase.ts
FN:4,(anonymous_0)
FN:20,(anonymous_1)
FN:25,(anonymous_2)
FN:31,(anonymous_3)
FN:33,(anonymous_4)
FN:43,(anonymous_5)
FN:45,(anonymous_6)
FN:49,(anonymous_7)
FN:51,(anonymous_8)
FNF:9
FNH:9
FNDA:38,(anonymous_0)
FNDA:32,(anonymous_1)
FNDA:32,(anonymous_2)
FNDA:14,(anonymous_3)
FNDA:14,(anonymous_4)
FNDA:10,(anonymous_5)
FNDA:10,(anonymous_6)
FNDA:14,(anonymous_7)
FNDA:14,(anonymous_8)
DA:2,2
DA:3,2
DA:4,2
DA:5,38
DA:6,38
DA:9,16
DA:10,16
DA:13,13
DA:16,3
DA:21,32
DA:22,32
DA:23,32
DA:24,32
DA:25,32
DA:26,32
DA:27,32
DA:28,32
DA:29,32
DA:31,32
DA:32,14
DA:33,14
DA:34,14
DA:35,11
DA:36,8
DA:37,8
DA:38,3
DA:40,8
DA:43,32
DA:44,10
DA:45,10
DA:46,10
DA:49,32
DA:50,14
DA:51,14
DA:52,14
DA:57,2
LF:36
LH:36
BRDA:9,0,0,16
BRDA:9,0,1,0
BRDA:9,1,0,16
BRDA:9,1,1,16
BRDA:10,2,0,4
BRDA:10,2,1,13
BRDA:35,3,0,8
BRDA:35,3,1,3
BRDA:37,4,0,3
BRDA:37,4,1,5
BRF:10
BRH:9
end_of_record
TN:
SF:src/crud-to-cas/util.ts
FN:4,(anonymous_0)
FNF:1
FNH:1
FNDA:74,(anonymous_0)
DA:2,2
DA:3,2
DA:4,2
DA:5,74
DA:6,0
DA:7,74
DA:8,74
DA:9,74
DA:10,74
DA:12,2
LF:10
LH:9
BRDA:5,0,0,0
BRDA:5,0,1,74
BRF:2
BRH:1
end_of_record
TN:
SF:src/crud-to-cas/__tests__/testCasfs.ts
FN:7,(anonymous_0)
FN:13,(anonymous_1)
FN:17,(anonymous_2)
FN:18,(anonymous_3)
FN:19,(anonymous_4)
FN:27,(anonymous_5)
FN:28,(anonymous_6)
FN:35,(anonymous_7)
FN:43,(anonymous_8)
FN:53,(anonymous_9)
FN:63,(anonymous_10)
FN:64,(anonymous_11)
FN:71,(anonymous_12)
FN:80,(anonymous_13)
FN:81,(anonymous_14)
FN:91,(anonymous_15)
FN:99,(anonymous_16)
FNF:17
FNH:17
FNDA:36,(anonymous_0)
FNDA:39,(anonymous_1)
FNDA:3,(anonymous_2)
FNDA:3,(anonymous_3)
FNDA:3,(anonymous_4)
FNDA:3,(anonymous_5)
FNDA:3,(anonymous_6)
FNDA:3,(anonymous_7)
FNDA:3,(anonymous_8)
FNDA:3,(anonymous_9)
FNDA:3,(anonymous_10)
FNDA:3,(anonymous_11)
FNDA:3,(anonymous_12)
FNDA:3,(anonymous_13)
FNDA:3,(anonymous_14)
FNDA:3,(anonymous_15)
FNDA:3,(anonymous_16)
DA:2,1
DA:3,1
DA:4,1
DA:5,1
DA:6,1
DA:7,1
DA:8,36
DA:9,36
DA:10,36
DA:12,1
DA:13,1
DA:14,39
DA:15,39
DA:17,1
DA:18,3
DA:19,3
DA:20,3
DA:21,3
DA:22,3
DA:23,3
DA:24,3
DA:27,3
DA:28,3
DA:29,3
DA:30,3
DA:31,3
DA:32,3
DA:33,3
DA:35,3
DA:36,3
DA:37,3
DA:38,3
DA:39,3
DA:40,3
DA:41,3
DA:43,3
DA:44,3
DA:45,3
DA:46,3
DA:47,3
DA:48,3
DA:49,3
DA:50,3
DA:51,3
DA:53,3
DA:54,3
DA:55,3
DA:56,3
DA:57,3
DA:58,3
DA:59,3
DA:60,3
DA:63,3
DA:64,3
DA:65,3
DA:66,3
DA:67,3
DA:68,3
DA:69,3
DA:71,3
DA:72,3
DA:73,3
DA:74,3
DA:75,3
DA:76,3
DA:77,3
DA:80,3
DA:81,3
DA:82,3
DA:83,3
DA:84,3
DA:85,3
DA:86,3
DA:87,3
DA:88,3
DA:89,3
DA:91,3
DA:92,3
DA:93,3
DA:94,3
DA:95,3
DA:96,3
DA:97,3
DA:99,3
DA:100,3
DA:101,3
DA:102,3
DA:103,3
DA:107,1
LF:89
LH:89
BRF:0
BRH:0
end_of_record
TN:
SF:src/crud/__tests__/testCrudfs.ts
FN:5,(anonymous_0)
FN:9,(anonymous_1)
FN:10,(anonymous_2)
FN:11,(anonymous_3)
FN:17,(anonymous_4)
FN:23,(anonymous_5)
FN:30,(anonymous_6)
FN:37,(anonymous_7)
FN:45,(anonymous_8)
FN:52,(anonymous_9)
FN:64,(anonymous_10)
FN:65,(anonymous_11)
FN:71,(anonymous_12)
FN:77,(anonymous_13)
FN:83,(anonymous_14)
FN:90,(anonymous_15)
FN:97,(anonymous_16)
FN:98,(anonymous_17)
FN:104,(anonymous_18)
FN:110,(anonymous_19)
FN:111,(anonymous_20)
FN:117,(anonymous_21)
FN:122,(anonymous_22)
FN:123,(anonymous_23)
FN:130,(anonymous_24)
FN:136,(anonymous_25)
FN:146,(anonymous_26)
FN:147,(anonymous_27)
FN:153,(anonymous_28)
FN:159,(anonymous_29)
FN:170,(anonymous_30)
FN:178,(anonymous_31)
FN:185,(anonymous_32)
FN:193,(anonymous_33)
FN:194,(anonymous_34)
FN:200,(anonymous_35)
FN:212,(anonymous_36)
FN:221,(anonymous_37)
FN:228,(anonymous_38)
FN:239,(anonymous_39)
FN:240,(anonymous_40)
FN:252,(anonymous_41)
FN:261,(anonymous_42)
FN:265,(anonymous_43)
FN:269,(anonymous_44)
FN:274,(anonymous_45)
FN:285,(anonymous_46)
FN:286,(anonymous_47)
FN:292,(anonymous_48)
FN:299,(anonymous_49)
FN:303,(anonymous_50)
FN:307,(anonymous_51)
FN:312,(anonymous_52)
FNF:53
FNH:53
FNDA:344,(anonymous_0)
FNDA:8,(anonymous_1)
FNDA:8,(anonymous_2)
FNDA:8,(anonymous_3)
FNDA:8,(anonymous_4)
FNDA:8,(anonymous_5)
FNDA:8,(anonymous_6)
FNDA:8,(anonymous_7)
FNDA:8,(anonymous_8)
FNDA:8,(anonymous_9)
FNDA:8,(anonymous_10)
FNDA:8,(anonymous_11)
FNDA:8,(anonymous_12)
FNDA:8,(anonymous_13)
FNDA:8,(anonymous_14)
FNDA:8,(anonymous_15)
FNDA:8,(anonymous_16)
FNDA:8,(anonymous_17)
FNDA:8,(anonymous_18)
FNDA:8,(anonymous_19)
FNDA:8,(anonymous_20)
FNDA:8,(anonymous_21)
FNDA:8,(anonymous_22)
FNDA:8,(anonymous_23)
FNDA:8,(anonymous_24)
FNDA:8,(anonymous_25)
FNDA:8,(anonymous_26)
FNDA:8,(anonymous_27)
FNDA:8,(anonymous_28)
FNDA:8,(anonymous_29)
FNDA:8,(anonymous_30)
FNDA:8,(anonymous_31)
FNDA:8,(anonymous_32)
FNDA:8,(anonymous_33)
FNDA:8,(anonymous_34)
FNDA:8,(anonymous_35)
FNDA:8,(anonymous_36)
FNDA:8,(anonymous_37)
FNDA:8,(anonymous_38)
FNDA:8,(anonymous_39)
FNDA:8,(anonymous_40)
FNDA:8,(anonymous_41)
FNDA:8,(anonymous_42)
FNDA:24,(anonymous_43)
FNDA:16,(anonymous_44)
FNDA:8,(anonymous_45)
FNDA:8,(anonymous_46)
FNDA:8,(anonymous_47)
FNDA:8,(anonymous_48)
FNDA:8,(anonymous_49)
FNDA:24,(anonymous_50)
FNDA:16,(anonymous_51)
FNDA:8,(anonymous_52)
DA:2,3
DA:3,3
DA:4,3
DA:5,3
DA:6,344
DA:7,344
DA:9,3
DA:10,8
DA:11,8
DA:12,8
DA:13,8
DA:14,8
DA:15,8
DA:17,8
DA:18,8
DA:19,8
DA:20,8
DA:21,8
DA:23,8
DA:24,8
DA:25,8
DA:26,8
DA:30,8
DA:31,8
DA:32,8
DA:33,8
DA:37,8
DA:38,8
DA:39,8
DA:40,8
DA:41,8
DA:45,8
DA:46,8
DA:47,8
DA:48,8
DA:49,8
DA:50,8
DA:52,8
DA:53,8
DA:54,8
DA:55,8
DA:56,8
DA:57,8
DA:58,8
DA:59,8
DA:64,8
DA:65,8
DA:66,8
DA:67,8
DA:68,8
DA:69,8
DA:71,8
DA:72,8
DA:73,8
DA:74,8
DA:75,8
DA:77,8
DA:78,8
DA:79,8
DA:80,8
DA:81,8
DA:83,8
DA:84,8
DA:85,8
DA:86,8
DA:87,8
DA:88,8
DA:90,8
DA:91,8
DA:92,8
DA:93,8
DA:94,8
DA:97,8
DA:98,8
DA:99,8
DA:100,8
DA:101,8
DA:102,8
DA:104,8
DA:105,8
DA:106,8
DA:107,8
DA:108,8
DA:110,8
DA:111,8
DA:112,8
DA:113,8
DA:114,8
DA:115,8
DA:117,8
DA:118,8
DA:119,8
DA:122,8
DA:123,8
DA:124,8
DA:125,8
DA:126,8
DA:127,8
DA:128,8
DA:130,8
DA:131,8
DA:132,8
DA:133,8
DA:136,8
DA:137,8
DA:138,8
DA:139,8
DA:140,8
DA:141,8
DA:142,8
DA:143,8
DA:146,8
DA:147,8
DA:148,8
DA:149,8
DA:150,8
DA:151,8
DA:153,8
DA:154,8
DA:155,8
DA:156,8
DA:157,8
DA:159,8
DA:160,8
DA:161,8
DA:162,8
DA:163,8
DA:170,8
DA:171,8
DA:172,8
DA:173,8
DA:174,8
DA:178,8
DA:179,8
DA:180,8
DA:181,8
DA:182,8
DA:183,8
DA:185,8
DA:186,8
DA:187,8
DA:188,8
DA:189,8
DA:190,8
DA:193,8
DA:194,8
DA:195,8
DA:196,8
DA:197,8
DA:198,8
DA:200,8
DA:201,8
DA:202,8
DA:203,8
DA:204,8
DA:205,8
DA:206,8
DA:207,8
DA:208,8
DA:209,8
DA:210,8
DA:212,8
DA:213,8
DA:214,8
DA:215,8
DA:216,8
DA:217,8
DA:218,8
DA:219,8
DA:221,8
DA:222,8
DA:223,8
DA:224,8
DA:225,8
DA:226,8
DA:228,8
DA:229,8
DA:230,8
DA:231,8
DA:232,8
DA:233,8
DA:234,8
DA:235,8
DA:236,8
DA:239,8
DA:240,8
DA:241,8
DA:242,8
DA:243,8
DA:244,8
DA:245,0
DA:248,8
DA:249,8
DA:252,8
DA:253,8
DA:254,8
DA:255,8
DA:256,8
DA:257,8
DA:258,8
DA:259,24
DA:260,8
DA:261,8
DA:265,24
DA:269,16
DA:274,8
DA:275,8
DA:276,8
DA:277,8
DA:278,8
DA:279,8
DA:280,8
DA:281,8
DA:282,8
DA:285,8
DA:286,8
DA:287,8
DA:288,8
DA:289,8
DA:290,8
DA:292,8
DA:293,8
DA:294,8
DA:295,8
DA:296,8
DA:297,8
DA:298,8
DA:299,8
DA:303,24
DA:307,16
DA:312,8
DA:313,8
DA:314,8
DA:315,8
DA:316,8
DA:317,8
DA:318,8
DA:319,8
DA:323,3
LF:239
LH:238
BRF:0
BRH:0
end_of_record
TN:
SF:src/fsa-to-crud/FsaCrud.ts
FN:8,(anonymous_0)
FN:10,(anonymous_1)
FN:47,(anonymous_2)
FN:55,(anonymous_3)
FN:67,(anonymous_4)
FN:88,(anonymous_5)
FN:106,(anonymous_6)
FN:124,(anonymous_7)
FN:130,(anonymous_8)
FN:136,(anonymous_9)
FN:153,(anonymous_10)
FNF:11
FNH:10
FNDA:156,(anonymous_0)
FNDA:190,(anonymous_1)
FNDA:35,(anonymous_2)
FNDA:32,(anonymous_3)
FNDA:42,(anonymous_4)
FNDA:20,(anonymous_5)
FNDA:24,(anonymous_6)
FNDA:12,(anonymous_7)
FNDA:0,(anonymous_8)
FNDA:299,(anonymous_9)
FNDA:69,(anonymous_10)
DA:2,4
DA:3,4
DA:4,4
DA:5,4
DA:6,4
DA:9,156
DA:10,156
DA:11,190
DA:12,186
DA:13,182
DA:15,182
DA:17,8
DA:18,8
DA:19,4
DA:22,8
DA:23,4
DA:24,4
DA:26,4
DA:29,8
DA:30,8
DA:33,4
DA:34,4
DA:35,0
DA:37,4
DA:40,166
DA:43,174
DA:44,174
DA:45,174
DA:47,156
DA:48,35
DA:49,31
DA:50,27
DA:51,14
DA:52,14
DA:53,14
DA:55,156
DA:56,32
DA:57,28
DA:58,24
DA:59,24
DA:60,6
DA:63,18
DA:64,9
DA:67,156
DA:68,42
DA:69,38
DA:70,22
DA:71,18
DA:72,7
DA:73,7
DA:81,16
DA:82,12
DA:88,156
DA:89,20
DA:90,16
DA:91,16
DA:92,8
DA:93,4
DA:96,4
DA:97,4
DA:98,12
DA:102,8
DA:103,4
DA:106,156
DA:107,24
DA:108,16
DA:109,8
DA:110,24
DA:111,16
DA:116,8
DA:117,8
DA:124,156
DA:125,12
DA:126,12
DA:127,12
DA:128,4
DA:130,156
DA:131,0
DA:132,0
DA:133,0
DA:137,299
DA:138,299
DA:139,299
DA:140,299
DA:141,385
DA:142,345
DA:143,345
DA:145,259
DA:148,40
DA:149,40
DA:150,0
DA:154,69
DA:155,49
DA:156,49
DA:157,27
DA:160,22
DA:161,22
DA:162,0
DA:166,4
LF:99
LH:93
BRDA:15,0,0,8
BRDA:15,0,1,8
BRDA:15,0,2,166
BRDA:22,1,0,4
BRDA:22,1,1,4
BRDA:33,2,0,4
BRDA:33,2,1,0
BRDA:63,3,0,9
BRDA:63,3,1,9
BRDA:69,4,0,22
BRDA:69,4,1,16
BRDA:92,5,0,4
BRDA:92,5,1,4
BRDA:102,6,0,4
BRDA:102,6,1,4
BRDA:110,7,0,16
BRDA:110,7,1,8
BRDA:116,8,0,8
BRDA:116,8,1,0
BRDA:148,9,0,40
BRDA:148,9,1,0
BRDA:160,10,0,22
BRDA:160,10,1,0
BRF:23
BRH:19
end_of_record
TN:
SF:src/fsa-to-crud/index.ts
FN:5,(anonymous_0)
FNF:1
FNH:1
FNDA:108,(anonymous_0)
DA:2,1
DA:3,1
DA:4,1
DA:5,108
LF:4
LH:4
BRF:0
BRH:0
end_of_record
TN:
SF:src/fsa-to-crud/util.ts
FN:4,(anonymous_0)
FN:6,(anonymous_1)
FN:8,(anonymous_2)
FN:10,(anonymous_3)
FNF:4
FNH:4
FNDA:40,(anonymous_0)
FNDA:84,(anonymous_1)
FNDA:8,(anonymous_2)
FNDA:8,(anonymous_3)
DA:2,5
DA:3,5
DA:4,40
DA:5,5
DA:6,84
DA:7,5
DA:8,8
DA:9,5
DA:10,8
DA:11,5
LF:10
LH:10
BRF:0
BRH:0
end_of_record
TN:
SF:src/fsa-to-node/FsaNodeCore.ts
FN:10,(anonymous_0)
FN:21,(anonymous_1)
FN:24,(anonymous_2)
FN:27,(anonymous_3)
FN:33,(anonymous_4)
FN:41,(anonymous_5)
FN:62,(anonymous_6)
FN:67,(anonymous_7)
FN:99,(anonymous_8)
FN:107,(anonymous_9)
FN:110,(anonymous_10)
FN:117,(anonymous_11)
FN:125,(anonymous_12)
FN:165,(anonymous_13)
FN:171,(anonymous_14)
FN:178,(anonymous_15)
FNF:16
FNH:12
FNDA:299,(anonymous_0)
FNDA:0,(anonymous_1)
FNDA:0,(anonymous_2)
FNDA:0,(anonymous_3)
FNDA:611,(anonymous_4)
FNDA:3564,(anonymous_5)
FNDA:1181,(anonymous_6)
FNDA:1532,(anonymous_7)
FNDA:859,(anonymous_8)
FNDA:263,(anonymous_9)
FNDA:345,(anonymous_10)
FNDA:5,(anonymous_11)
FNDA:661,(anonymous_12)
FNDA:611,(anonymous_13)
FNDA:257,(anonymous_14)
FNDA:0,(anonymous_15)
DA:2,2
DA:3,2
DA:4,2
DA:5,2
DA:6,2
DA:7,2
DA:8,2
DA:11,299
DA:12,299
DA:13,299
DA:18,299
DA:19,299
DA:20,0
DA:22,0
DA:28,0
DA:29,0
DA:30,0
DA:31,0
DA:34,611
DA:35,611
DA:42,3564
DA:43,3564
DA:44,3564
DA:45,3564
DA:46,3247
DA:50,6
DA:51,6
DA:53,2
DA:55,4
DA:58,0
DA:60,3558
DA:63,1181
DA:64,1181
DA:65,934
DA:68,1532
DA:69,1530
DA:70,6
DA:71,1524
DA:72,1524
DA:73,234
DA:76,1290
DA:77,1290
DA:79,746
DA:80,746
DA:83,0
DA:84,0
DA:86,0
DA:88,0
DA:93,544
DA:96,0
DA:100,859
DA:101,0
DA:102,859
DA:103,859
DA:104,4
DA:105,855
DA:108,263
DA:111,345
DA:112,345
DA:113,0
DA:114,0
DA:115,0
DA:118,5
DA:119,0
DA:120,5
DA:121,5
DA:122,5
DA:123,5
DA:126,661
DA:127,661
DA:128,661
DA:129,283
DA:130,283
DA:131,43
DA:134,283
DA:135,283
DA:136,43
DA:137,43
DA:139,0
DA:141,0
DA:144,43
DA:148,618
DA:149,618
DA:150,618
DA:151,611
DA:154,7
DA:155,7
DA:157,0
DA:159,7
DA:162,0
DA:166,611
DA:167,611
DA:168,611
DA:169,611
DA:172,257
DA:173,256
DA:174,256
DA:175,256
DA:176,256
DA:179,0
DA:180,0
DA:181,0
DA:182,0
DA:183,0
DA:185,0
DA:188,2
DA:189,2
LF:107
LH:80
BRDA:19,0,0,0
BRDA:19,0,1,299
BRDA:29,1,0,0
BRDA:29,1,1,0
BRDA:35,2,0,164
BRDA:35,2,1,447
BRDA:50,3,0,6
BRDA:50,3,1,0
BRDA:50,4,0,6
BRDA:50,4,1,6
BRDA:51,5,0,2
BRDA:51,5,1,4
BRDA:69,6,0,6
BRDA:69,6,1,1524
BRDA:76,7,0,1290
BRDA:76,7,1,0
BRDA:76,8,0,1290
BRDA:76,8,1,1290
BRDA:77,9,0,746
BRDA:77,9,1,544
BRDA:83,10,0,0
BRDA:83,10,1,0
BRDA:83,11,0,0
BRDA:83,11,1,0
BRDA:84,12,0,0
BRDA:84,12,1,0
BRDA:100,13,0,0
BRDA:100,13,1,859
BRDA:103,14,0,4
BRDA:103,14,1,855
BRDA:111,15,0,345
BRDA:111,15,1,0
BRDA:118,16,0,0
BRDA:118,16,1,5
BRDA:128,17,0,283
BRDA:128,17,1,378
BRDA:134,18,0,283
BRDA:134,18,1,283
BRDA:134,18,2,283
BRDA:134,18,3,283
BRDA:135,19,0,43
BRDA:135,19,1,240
BRDA:136,20,0,43
BRDA:136,20,1,0
BRDA:136,21,0,43
BRDA:136,21,1,43
BRDA:137,22,0,0
BRDA:137,22,1,0
BRDA:154,23,0,7
BRDA:154,23,1,0
BRDA:154,24,0,7
BRDA:154,24,1,7
BRDA:155,25,0,0
BRDA:155,25,1,7
BRDA:175,26,0,256
BRDA:175,26,1,0
BRDA:179,27,0,0
BRDA:179,27,1,0
BRDA:181,28,0,0
BRDA:181,28,1,0
BRF:60
BRH:36
end_of_record
TN:
SF:src/fsa-to-node/FsaNodeDirent.ts
FN:5,(anonymous_0)
FN:9,(anonymous_1)
FN:12,(anonymous_2)
FN:15,(anonymous_3)
FN:18,(anonymous_4)
FN:21,(anonymous_5)
FN:24,(anonymous_6)
FN:27,(anonymous_7)
FNF:8
FNH:3
FNDA:39,(anonymous_0)
FNDA:31,(anonymous_1)
FNDA:29,(anonymous_2)
FNDA:0,(anonymous_3)
FNDA:0,(anonymous_4)
FNDA:0,(anonymous_5)
FNDA:0,(anonymous_6)
FNDA:0,(anonymous_7)
DA:2,2
DA:3,2
DA:6,39
DA:7,39
DA:10,31
DA:13,29
DA:16,0
DA:19,0
DA:22,0
DA:25,0
DA:28,0
DA:31,2
LF:12
LH:7
BRF:0
BRH:0
end_of_record
TN:
SF:src/fsa-to-node/FsaNodeFs.ts
FN:19,(anonymous_0)
FN:22,(anonymous_1)
FN:25,(anonymous_2)
FN:31,(anonymous_3)
FN:36,(anonymous_4)
FN:47,(anonymous_5)
FN:47,(anonymous_6)
FN:49,(anonymous_7)
FN:51,(anonymous_8)
FN:51,(anonymous_9)
FN:53,(anonymous_10)
FN:57,(anonymous_11)
FN:62,(anonymous_12)
FN:70,(anonymous_13)
FN:70,(anonymous_14)
FN:72,(anonymous_15)
FN:75,(anonymous_16)
FN:97,(anonymous_17)
FN:98,(anonymous_18)
FN:100,(anonymous_19)
FN:102,(anonymous_20)
FN:107,(anonymous_21)
FN:107,(anonymous_22)
FN:109,(anonymous_23)
FN:121,(anonymous_24)
FN:132,(anonymous_25)
FN:132,(anonymous_26)
FN:134,(anonymous_27)
FN:146,(anonymous_28)
FN:167,(anonymous_29)
FN:167,(anonymous_30)
FN:169,(anonymous_31)
FN:185,(anonymous_32)
FN:193,(anonymous_33)
FN:193,(anonymous_34)
FN:199,(anonymous_35)
FN:203,(anonymous_36)
FN:204,(anonymous_37)
FN:204,(anonymous_38)
FN:220,(anonymous_39)
FN:227,(anonymous_40)
FN:231,(anonymous_41)
FN:234,(anonymous_42)
FN:234,(anonymous_43)
FN:237,(anonymous_44)
FN:239,(anonymous_45)
FN:242,(anonymous_46)
FN:242,(anonymous_47)
FN:248,(anonymous_48)
FN:253,(anonymous_49)
FN:263,(anonymous_50)
FN:263,(anonymous_51)
FN:265,(anonymous_52)
FN:269,(anonymous_53)
FN:271,(anonymous_54)
FN:283,(anonymous_55)
FN:316,(anonymous_56)
FN:316,(anonymous_57)
FN:318,(anonymous_58)
FN:322,(anonymous_59)
FN:322,(anonymous_60)
FN:332,(anonymous_61)
FN:332,(anonymous_62)
FN:334,(anonymous_63)
FN:341,(anonymous_64)
FN:341,(anonymous_65)
FN:349,(anonymous_66)
FN:367,(anonymous_67)
FN:367,(anonymous_68)
FN:369,(anonymous_69)
FN:376,(anonymous_70)
FN:379,(anonymous_71)
FN:382,(anonymous_72)
FN:386,(anonymous_73)
FN:387,(anonymous_74)
FN:387,(anonymous_75)
FN:388,(anonymous_76)
FN:388,(anonymous_77)
FN:390,(anonymous_78)
FN:393,(anonymous_79)
FN:397,(anonymous_80)
FN:399,(anonymous_81)
FN:406,(anonymous_82)
FN:409,(anonymous_83)
FN:412,(anonymous_84)
FN:420,(anonymous_85)
FN:421,(anonymous_86)
FN:421,(anonymous_87)
FN:434,(anonymous_88)
FN:441,(anonymous_89)
FN:448,(anonymous_90)
FN:455,(anonymous_91)
FN:455,(anonymous_92)
FN:456,(anonymous_93)
FN:457,(anonymous_94)
FN:457,(anonymous_95)
FN:475,(anonymous_96)
FN:481,(anonymous_97)
FN:482,(anonymous_98)
FN:482,(anonymous_99)
FN:504,(anonymous_100)
FN:507,(anonymous_101)
FN:510,(anonymous_102)
FN:513,(anonymous_103)
FN:516,(anonymous_104)
FN:519,(anonymous_105)
FN:522,(anonymous_106)
FN:536,(anonymous_107)
FN:537,(anonymous_108)
FN:537,(anonymous_109)
FN:539,(anonymous_110)
FN:540,(anonymous_111)
FN:540,(anonymous_112)
FN:545,(anonymous_113)
FN:583,(anonymous_114)
FN:593,(anonymous_115)
FN:597,(anonymous_116)
FN:603,(anonymous_117)
FN:612,(anonymous_118)
FN:621,(anonymous_119)
FN:630,(anonymous_120)
FN:633,(anonymous_121)
FN:637,(anonymous_122)
FN:646,(anonymous_123)
FN:652,(anonymous_124)
FN:658,(anonymous_125)
FN:663,(anonymous_126)
FN:668,(anonymous_127)
FN:674,(anonymous_128)
FN:682,(anonymous_129)
FN:688,(anonymous_130)
FN:694,(anonymous_131)
FN:698,(anonymous_132)
FN:702,(anonymous_133)
FN:722,(anonymous_134)
FN:729,(anonymous_135)
FN:738,(anonymous_136)
FN:744,(anonymous_137)
FN:753,(anonymous_138)
FN:793,(anonymous_139)
FN:803,(anonymous_140)
FN:804,(anonymous_141)
FN:809,(anonymous_142)
FN:809,(anonymous_143)
FNF:144
FNH:91
FNDA:0,(anonymous_0)
FNDA:0,(anonymous_1)
FNDA:0,(anonymous_2)
FNDA:299,(anonymous_3)
FNDA:293,(anonymous_4)
FNDA:253,(anonymous_5)
FNDA:40,(anonymous_6)
FNDA:254,(anonymous_7)
FNDA:254,(anonymous_8)
FNDA:0,(anonymous_9)
FNDA:2,(anonymous_10)
FNDA:0,(anonymous_11)
FNDA:2,(anonymous_12)
FNDA:2,(anonymous_13)
FNDA:0,(anonymous_14)
FNDA:75,(anonymous_15)
FNDA:75,(anonymous_16)
FNDA:70,(anonymous_17)
FNDA:5,(anonymous_18)
FNDA:241,(anonymous_19)
FNDA:241,(anonymous_20)
FNDA:241,(anonymous_21)
FNDA:0,(anonymous_22)
FNDA:1,(anonymous_23)
FNDA:1,(anonymous_24)
FNDA:1,(anonymous_25)
FNDA:0,(anonymous_26)
FNDA:280,(anonymous_27)
FNDA:280,(anonymous_28)
FNDA:274,(anonymous_29)
FNDA:6,(anonymous_30)
FNDA:41,(anonymous_31)
FNDA:41,(anonymous_32)
FNDA:41,(anonymous_33)
FNDA:0,(anonymous_34)
FNDA:53,(anonymous_35)
FNDA:53,(anonymous_36)
FNDA:47,(anonymous_37)
FNDA:6,(anonymous_38)
FNDA:1,(anonymous_39)
FNDA:1515,(anonymous_40)
FNDA:1515,(anonymous_41)
FNDA:972,(anonymous_42)
FNDA:543,(anonymous_43)
FNDA:7,(anonymous_44)
FNDA:7,(anonymous_45)
FNDA:5,(anonymous_46)
FNDA:2,(anonymous_47)
FNDA:239,(anonymous_48)
FNDA:239,(anonymous_49)
FNDA:239,(anonymous_50)
FNDA:0,(anonymous_51)
FNDA:8,(anonymous_52)
FNDA:8,(anonymous_53)
FNDA:18,(anonymous_54)
FNDA:18,(anonymous_55)
FNDA:11,(anonymous_56)
FNDA:7,(anonymous_57)
FNDA:5,(anonymous_58)
FNDA:5,(anonymous_59)
FNDA:5,(anonymous_60)
FNDA:5,(anonymous_61)
FNDA:0,(anonymous_62)
FNDA:20,(anonymous_63)
FNDA:20,(anonymous_64)
FNDA:20,(anonymous_65)
FNDA:26,(anonymous_66)
FNDA:20,(anonymous_67)
FNDA:0,(anonymous_68)
FNDA:0,(anonymous_69)
FNDA:0,(anonymous_70)
FNDA:0,(anonymous_71)
FNDA:2,(anonymous_72)
FNDA:2,(anonymous_73)
FNDA:2,(anonymous_74)
FNDA:2,(anonymous_75)
FNDA:2,(anonymous_76)
FNDA:0,(anonymous_77)
FNDA:1,(anonymous_78)
FNDA:1,(anonymous_79)
FNDA:1,(anonymous_80)
FNDA:0,(anonymous_81)
FNDA:0,(anonymous_82)
FNDA:0,(anonymous_83)
FNDA:221,(anonymous_84)
FNDA:219,(anonymous_85)
FNDA:219,(anonymous_86)
FNDA:2,(anonymous_87)
FNDA:1,(anonymous_88)
FNDA:1,(anonymous_89)
FNDA:28,(anonymous_90)
FNDA:27,(anonymous_91)
FNDA:27,(anonymous_92)
FNDA:27,(anonymous_93)
FNDA:26,(anonymous_94)
FNDA:1,(anonymous_95)
FNDA:7,(anonymous_96)
FNDA:4,(anonymous_97)
FNDA:3,(anonymous_98)
FNDA:3,(anonymous_99)
FNDA:0,(anonymous_100)
FNDA:0,(anonymous_101)
FNDA:0,(anonymous_102)
FNDA:0,(anonymous_103)
FNDA:0,(anonymous_104)
FNDA:0,(anonymous_105)
FNDA:14,(anonymous_106)
FNDA:10,(anonymous_107)
FNDA:10,(anonymous_108)
FNDA:10,(anonymous_109)
FNDA:0,(anonymous_110)
FNDA:0,(anonymous_111)
FNDA:0,(anonymous_112)
FNDA:6,(anonymous_113)
FNDA:0,(anonymous_114)
FNDA:0,(anonymous_115)
FNDA:0,(anonymous_116)
FNDA:0,(anonymous_117)
FNDA:0,(anonymous_118)
FNDA:0,(anonymous_119)
FNDA:0,(anonymous_120)
FNDA:0,(anonymous_121)
FNDA:0,(anonymous_122)
FNDA:0,(anonymous_123)
FNDA:0,(anonymous_124)
FNDA:0,(anonymous_125)
FNDA:0,(anonymous_126)
FNDA:0,(anonymous_127)
FNDA:0,(anonymous_128)
FNDA:0,(anonymous_129)
FNDA:0,(anonymous_130)
FNDA:0,(anonymous_131)
FNDA:0,(anonymous_132)
FNDA:0,(anonymous_133)
FNDA:1,(anonymous_134)
FNDA:0,(anonymous_135)
FNDA:0,(anonymous_136)
FNDA:0,(anonymous_137)
FNDA:0,(anonymous_138)
FNDA:977,(anonymous_139)
FNDA:2,(anonymous_140)
FNDA:2,(anonymous_141)
FNDA:2,(anonymous_142)
FNDA:0,(anonymous_143)
DA:2,2
DA:3,2
DA:4,2
DA:5,2
DA:6,2
DA:7,2
DA:8,2
DA:9,2
DA:10,2
DA:11,2
DA:12,2
DA:13,2
DA:14,2
DA:15,2
DA:16,2
DA:17,2
DA:18,2
DA:19,2
DA:20,0
DA:22,2
DA:23,0
DA:25,2
DA:33,299
DA:34,299
DA:36,299
DA:37,293
DA:38,293
DA:39,293
DA:40,6
DA:41,6
DA:43,293
DA:44,293
DA:45,293
DA:46,293
DA:47,293
DA:49,299
DA:50,254
DA:51,254
DA:53,299
DA:54,2
DA:56,2
DA:57,0
DA:58,0
DA:59,0
DA:62,2
DA:63,2
DA:64,2
DA:65,2
DA:66,2
DA:67,2
DA:68,2
DA:69,2
DA:70,2
DA:72,299
DA:73,75
DA:74,75
DA:75,75
DA:76,75
DA:77,75
DA:78,75
DA:79,75
DA:80,72
DA:81,72
DA:83,71
DA:84,70
DA:85,70
DA:86,70
DA:89,75
DA:90,75
DA:91,75
DA:92,3
DA:97,70
DA:98,5
DA:100,299
DA:101,241
DA:102,241
DA:103,241
DA:104,241
DA:105,241
DA:106,241
DA:107,241
DA:109,299
DA:110,1
DA:111,1
DA:113,1
DA:114,1
DA:117,0
DA:118,0
DA:120,1
DA:121,1
DA:122,1
DA:123,1
DA:124,1
DA:125,1
DA:126,2
DA:127,2
DA:128,2
DA:129,2
DA:131,1
DA:132,1
DA:134,299
DA:135,280
DA:136,280
DA:137,280
DA:138,1
DA:139,1
DA:141,280
DA:142,280
DA:143,280
DA:144,280
DA:145,280
DA:146,280
DA:147,280
DA:148,280
DA:149,280
DA:150,280
DA:151,280
DA:152,280
DA:154,274
DA:155,274
DA:156,274
DA:157,274
DA:160,280
DA:161,280
DA:162,280
DA:163,0
DA:167,274
DA:169,299
DA:170,41
DA:171,41
DA:174,41
DA:175,1
DA:176,1
DA:179,40
DA:180,40
DA:182,41
DA:183,41
DA:184,41
DA:185,41
DA:186,41
DA:187,41
DA:188,41
DA:189,41
DA:190,41
DA:191,41
DA:192,41
DA:193,41
DA:199,299
DA:200,53
DA:201,53
DA:202,53
DA:203,53
DA:204,47
DA:205,6
DA:206,6
DA:208,5
DA:209,5
DA:212,1
DA:213,1
DA:217,0
DA:220,299
DA:221,1
DA:222,1
DA:223,1
DA:224,1
DA:225,1
DA:227,299
DA:228,1515
DA:229,1515
DA:230,1515
DA:231,1515
DA:232,1515
DA:233,972
DA:234,972
DA:236,299
DA:237,299
DA:238,7
DA:239,7
DA:240,7
DA:241,5
DA:242,5
DA:248,299
DA:249,239
DA:250,239
DA:251,239
DA:252,239
DA:253,239
DA:254,239
DA:255,239
DA:256,239
DA:257,239
DA:258,239
DA:259,239
DA:260,239
DA:261,239
DA:262,239
DA:263,239
DA:265,299
DA:266,8
DA:267,8
DA:268,0
DA:269,8
DA:271,299
DA:272,18
DA:274,18
DA:275,18
DA:276,18
DA:279,0
DA:281,18
DA:282,18
DA:283,18
DA:284,18
DA:285,15
DA:286,15
DA:287,2
DA:288,13
DA:289,13
DA:291,6
DA:292,2
DA:293,2
DA:294,2
DA:295,1
DA:298,1
DA:301,5
DA:304,7
DA:305,2
DA:306,2
DA:307,2
DA:308,1
DA:310,6
DA:313,0
DA:316,11
DA:318,299
DA:319,5
DA:320,5
DA:321,5
DA:322,5
DA:323,5
DA:324,5
DA:325,5
DA:330,5
DA:332,5
DA:334,299
DA:335,20
DA:336,20
DA:337,20
DA:338,20
DA:339,0
DA:340,20
DA:341,20
DA:342,20
DA:343,13
DA:344,13
DA:345,39
DA:346,39
DA:348,13
DA:349,13
DA:350,26
DA:351,0
DA:352,26
DA:353,26
DA:354,0
DA:356,13
DA:359,7
DA:360,7
DA:361,21
DA:362,7
DA:363,7
DA:364,7
DA:367,20
DA:369,299
DA:370,0
DA:371,0
DA:372,0
DA:373,0
DA:376,299
DA:377,0
DA:379,299
DA:380,0
DA:382,299
DA:383,2
DA:384,2
DA:385,2
DA:386,2
DA:387,2
DA:388,2
DA:390,299
DA:391,1
DA:392,1
DA:393,1
DA:394,1
DA:395,0
DA:397,1
DA:398,1
DA:399,0
DA:401,1
DA:406,299
DA:407,0
DA:409,299
DA:410,0
DA:412,299
DA:413,221
DA:414,221
DA:416,221
DA:417,221
DA:419,221
DA:420,219
DA:421,219
DA:422,2
DA:423,2
DA:425,0
DA:426,0
DA:427,0
DA:431,2
DA:434,299
DA:435,1
DA:436,1
DA:437,0
DA:438,1
DA:439,0
DA:440,1
DA:441,1
DA:442,1
DA:443,0
DA:445,1
DA:448,299
DA:449,28
DA:450,28
DA:451,28
DA:452,28
DA:453,1
DA:454,27
DA:455,27
DA:456,27
DA:457,26
DA:458,1
DA:459,1
DA:461,0
DA:462,0
DA:463,0
DA:466,1
DA:467,1
DA:468,1
DA:472,0
DA:475,299
DA:476,7
DA:477,7
DA:478,7
DA:479,1
DA:480,6
DA:481,4
DA:482,3
DA:483,3
DA:484,1
DA:485,1
DA:487,2
DA:488,2
DA:490,0
DA:491,0
DA:492,0
DA:495,1
DA:496,1
DA:497,1
DA:501,1
DA:504,299
DA:505,0
DA:507,299
DA:508,0
DA:510,299
DA:511,0
DA:513,299
DA:514,0
DA:516,299
DA:517,0
DA:519,299
DA:520,0
DA:522,299
DA:523,14
DA:529,14
DA:530,14
DA:531,14
DA:532,14
DA:533,14
DA:534,14
DA:535,12
DA:536,11
DA:537,10
DA:539,11
DA:540,0
DA:543,12
DA:545,299
DA:546,6
DA:558,6
DA:559,6
DA:560,6
DA:561,6
DA:562,6
DA:563,6
DA:564,6
DA:566,299
DA:567,299
DA:568,299
DA:569,299
DA:570,299
DA:571,299
DA:577,299
DA:578,299
DA:579,299
DA:580,299
DA:581,299
DA:583,299
DA:584,0
DA:585,0
DA:586,0
DA:587,0
DA:588,0
DA:589,0
DA:590,0
DA:592,299
DA:593,299
DA:594,0
DA:595,0
DA:597,299
DA:598,0
DA:599,0
DA:600,0
DA:601,0
DA:603,299
DA:604,0
DA:605,0
DA:606,0
DA:607,0
DA:608,0
DA:609,0
DA:610,0
DA:612,299
DA:613,0
DA:614,0
DA:615,0
DA:616,0
DA:617,0
DA:618,0
DA:619,0
DA:621,299
DA:622,0
DA:623,0
DA:624,0
DA:625,0
DA:626,0
DA:627,0
DA:628,0
DA:630,299
DA:631,0
DA:632,0
DA:633,0
DA:634,0
DA:635,0
DA:637,299
DA:638,0
DA:639,0
DA:640,0
DA:643,0
DA:646,299
DA:647,0
DA:648,0
DA:649,0
DA:650,0
DA:652,299
DA:653,0
DA:654,0
DA:655,0
DA:656,0
DA:658,299
DA:659,0
DA:660,0
DA:661,0
DA:663,299
DA:664,0
DA:665,0
DA:666,0
DA:668,299
DA:669,0
DA:670,0
DA:671,0
DA:672,0
DA:674,299
DA:675,0
DA:676,0
DA:677,0
DA:678,0
DA:679,0
DA:680,0
DA:682,299
DA:683,0
DA:684,0
DA:685,0
DA:686,0
DA:688,299
DA:689,0
DA:690,0
DA:691,0
DA:692,0
DA:694,299
DA:695,0
DA:696,0
DA:698,299
DA:699,0
DA:700,0
DA:702,299
DA:703,0
DA:704,0
DA:705,0
DA:706,0
DA:707,0
DA:708,0
DA:709,0
DA:710,0
DA:711,0
DA:714,0
DA:715,0
DA:716,0
DA:717,0
DA:719,0
DA:722,299
DA:723,1
DA:724,1
DA:725,1
DA:726,1
DA:727,1
DA:729,299
DA:730,0
DA:731,0
DA:732,0
DA:733,0
DA:734,0
DA:735,0
DA:736,0
DA:738,299
DA:739,0
DA:740,0
DA:741,0
DA:742,0
DA:744,299
DA:745,0
DA:746,0
DA:747,0
DA:748,0
DA:749,0
DA:750,0
DA:751,0
DA:753,299
DA:754,0
DA:755,0
DA:756,0
DA:757,0
DA:758,0
DA:761,299
DA:762,299
DA:763,299
DA:764,299
DA:765,299
DA:766,299
DA:767,299
DA:768,299
DA:769,299
DA:770,299
DA:771,299
DA:772,299
DA:773,299
DA:774,299
DA:775,299
DA:776,299
DA:777,299
DA:779,299
DA:780,299
DA:781,299
DA:782,299
DA:783,299
DA:784,299
DA:785,299
DA:786,299
DA:787,299
DA:788,299
DA:789,299
DA:790,299
DA:791,299
DA:794,977
DA:795,977
DA:796,232
DA:797,232
DA:798,232
DA:800,977
DA:801,977
DA:804,2
DA:805,2
DA:806,2
DA:807,4
DA:809,2
DA:812,2
LF:599
LH:438
BRDA:39,0,0,6
BRDA:39,0,1,287
BRDA:43,1,0,293
BRDA:43,1,1,287
BRDA:56,2,0,0
BRDA:56,2,1,2
BRDA:58,3,0,0
BRDA:58,3,1,0
BRDA:76,4,0,3
BRDA:76,4,1,72
BRDA:79,5,0,72
BRDA:79,5,1,3
BRDA:90,6,0,75
BRDA:90,6,1,75
BRDA:91,7,0,3
BRDA:91,7,1,72
BRDA:107,8,0,3
BRDA:107,8,1,238
BRDA:113,9,0,1
BRDA:113,9,1,0
BRDA:137,10,0,1
BRDA:137,10,1,279
BRDA:147,11,0,0
BRDA:147,11,1,280
BRDA:150,12,0,280
BRDA:150,12,1,0
BRDA:161,13,0,280
BRDA:161,13,1,280
BRDA:162,14,0,0
BRDA:162,14,1,280
BRDA:174,15,0,1
BRDA:174,15,1,40
BRDA:205,16,0,6
BRDA:205,16,1,0
BRDA:205,17,0,6
BRDA:205,17,1,6
BRDA:206,18,0,5
BRDA:206,18,1,1
BRDA:223,19,0,1
BRDA:223,19,1,0
BRDA:228,20,0,0
BRDA:228,21,0,1515
BRDA:238,22,0,0
BRDA:238,23,0,7
BRDA:267,24,0,0
BRDA:267,24,1,8
BRDA:274,25,0,18
BRDA:274,25,1,0
BRDA:284,26,0,17
BRDA:284,26,1,1
BRDA:284,27,0,18
BRDA:284,27,1,11
BRDA:286,28,0,2
BRDA:286,28,1,13
BRDA:289,29,0,6
BRDA:289,29,1,7
BRDA:289,29,2,0
BRDA:291,30,0,2
BRDA:291,30,1,4
BRDA:304,31,0,2
BRDA:304,31,1,5
BRDA:307,32,0,1
BRDA:307,32,1,1
BRDA:338,33,0,0
BRDA:338,33,1,20
BRDA:342,34,0,13
BRDA:342,34,1,7
BRDA:348,35,0,13
BRDA:348,35,1,0
BRDA:348,36,0,13
BRDA:348,36,1,13
BRDA:350,37,0,0
BRDA:350,37,1,26
BRDA:352,38,0,26
BRDA:352,38,1,0
BRDA:362,39,0,7
BRDA:362,39,1,0
BRDA:362,40,0,7
BRDA:362,40,1,7
BRDA:383,41,0,2
BRDA:383,41,1,0
BRDA:384,42,0,2
BRDA:384,42,1,0
BRDA:391,43,0,1
BRDA:391,43,1,0
BRDA:392,44,0,1
BRDA:392,44,1,0
BRDA:394,45,0,0
BRDA:394,45,1,1
BRDA:398,46,0,0
BRDA:398,46,1,1
BRDA:414,47,0,151
BRDA:414,47,1,70
BRDA:419,48,0,221
BRDA:419,48,1,0
BRDA:422,49,0,2
BRDA:422,49,1,0
BRDA:422,50,0,2
BRDA:422,50,1,2
BRDA:423,51,0,0
BRDA:436,52,0,0
BRDA:436,52,1,1
BRDA:436,53,0,1
BRDA:436,53,1,1
BRDA:438,54,0,0
BRDA:438,54,1,1
BRDA:442,55,0,0
BRDA:442,55,1,1
BRDA:450,56,0,2
BRDA:450,56,1,26
BRDA:452,57,0,1
BRDA:452,57,1,27
BRDA:452,58,0,28
BRDA:452,58,1,1
BRDA:456,59,0,27
BRDA:456,59,1,0
BRDA:458,60,0,1
BRDA:458,60,1,0
BRDA:458,61,0,1
BRDA:458,61,1,1
BRDA:459,62,0,0
BRDA:459,62,1,1
BRDA:478,63,0,1
BRDA:478,63,1,6
BRDA:478,64,0,7
BRDA:478,64,1,1
BRDA:481,65,0,4
BRDA:481,65,1,3
BRDA:483,66,0,1
BRDA:483,66,1,2
BRDA:487,67,0,2
BRDA:487,67,1,0
BRDA:487,68,0,2
BRDA:487,68,1,2
BRDA:488,69,0,0
BRDA:488,69,1,1
BRDA:531,70,0,14
BRDA:531,70,1,0
BRDA:532,71,0,3
BRDA:532,71,1,11
BRDA:532,72,0,3
BRDA:532,72,1,0
BRDA:533,73,0,3
BRDA:533,73,1,11
BRDA:535,74,0,11
BRDA:535,74,1,1
BRDA:561,75,0,1
BRDA:561,75,1,5
BRDA:561,76,0,1
BRDA:561,76,1,0
BRDA:562,77,0,1
BRDA:562,77,1,5
BRDA:584,78,0,0
BRDA:584,79,0,0
BRDA:589,80,0,0
BRDA:589,80,1,0
BRDA:597,81,0,0
BRDA:623,82,0,0
BRDA:623,82,1,0
BRDA:623,83,0,0
BRDA:623,83,1,0
BRDA:676,84,0,0
BRDA:676,84,1,0
BRDA:676,85,0,0
BRDA:676,85,1,0
BRDA:689,86,0,0
BRDA:689,86,1,0
BRDA:692,87,0,0
BRDA:692,87,1,0
BRDA:707,88,0,0
BRDA:707,88,1,0
BRDA:725,89,0,1
BRDA:725,89,1,0
BRDA:742,90,0,0
BRDA:742,90,1,0
BRDA:744,91,0,0
BRDA:754,92,0,0
BRDA:754,92,1,0
BRDA:795,93,0,232
BRDA:795,93,1,745
BRDA:800,94,0,0
BRDA:800,94,1,977
BRF:182
BRH:117
end_of_record
TN:
SF:src/fsa-to-node/FsaNodeFsOpenFile.ts
FN:9,(anonymous_0)
FN:18,(anonymous_1)
FN:19,(anonymous_2)
FNF:3
FNH:3
FNDA:611,(anonymous_0)
FNDA:260,(anonymous_1)
FNDA:243,(anonymous_2)
DA:2,2
DA:3,2
DA:10,611
DA:11,611
DA:12,611
DA:13,611
DA:14,611
DA:15,611
DA:16,611
DA:20,243
DA:21,5
DA:22,243
DA:23,243
DA:28,243
DA:29,243
DA:30,243
DA:33,2
LF:17
LH:17
BRDA:20,0,0,5
BRDA:20,0,1,238
BRF:2
BRH:2
end_of_record
TN:
SF:src/fsa-to-node/FsaNodeReadStream.ts
FN:8,(anonymous_0)
FN:20,(anonymous_1)
FN:28,(anonymous_2)
FN:31,(anonymous_3)
FN:35,(anonymous_4)
FN:36,(anonymous_5)
FN:50,(anonymous_6)
FN:56,(anonymous_7)
FN:57,(anonymous_8)
FN:62,(anonymous_9)
FN:66,(anonymous_10)
FN:69,(anonymous_11)
FN:73,(anonymous_12)
FN:74,(anonymous_13)
FN:83,(anonymous_14)
FNF:15
FNH:10
FNDA:6,(anonymous_0)
FNDA:6,(anonymous_1)
FNDA:0,(anonymous_2)
FNDA:6,(anonymous_3)
FNDA:4,(anonymous_4)
FNDA:4,(anonymous_5)
FNDA:4,(anonymous_6)
FNDA:4,(anonymous_7)
FNDA:4,(anonymous_8)
FNDA:0,(anonymous_9)
FNDA:0,(anonymous_10)
FNDA:0,(anonymous_11)
FNDA:4,(anonymous_12)
FNDA:4,(anonymous_13)
FNDA:0,(anonymous_14)
DA:2,2
DA:3,2
DA:4,2
DA:5,2
DA:6,2
DA:9,6
DA:10,6
DA:11,6
DA:12,6
DA:13,6
DA:14,6
DA:15,6
DA:16,6
DA:17,6
DA:18,6
DA:19,6
DA:21,6
DA:22,0
DA:23,6
DA:24,6
DA:25,6
DA:26,6
DA:29,0
DA:32,6
DA:36,4
DA:37,4
DA:38,0
DA:39,4
DA:40,4
DA:41,4
DA:42,4
DA:43,4
DA:44,4
DA:45,3
DA:46,4
DA:47,4
DA:51,4
DA:52,0
DA:53,4
DA:54,4
DA:55,4
DA:57,4
DA:58,4
DA:60,4
DA:67,0
DA:70,0
DA:74,4
DA:75,4
DA:76,0
DA:77,4
DA:78,0
DA:79,4
DA:80,4
DA:81,4
DA:82,4
DA:84,0
DA:85,0
DA:89,2
LF:58
LH:48
BRDA:21,0,0,0
BRDA:21,0,1,6
BRDA:24,1,0,6
BRDA:24,1,1,0
BRDA:37,2,0,0
BRDA:37,2,1,4
BRDA:42,3,0,4
BRDA:42,3,1,3
BRDA:43,4,0,4
BRDA:43,4,1,0
BRDA:44,5,0,3
BRDA:44,5,1,1
BRDA:51,6,0,0
BRDA:51,6,1,4
BRDA:54,7,0,4
BRDA:54,7,1,0
BRDA:75,8,0,0
BRDA:75,8,1,4
BRDA:77,9,0,0
BRDA:77,9,1,4
BRF:20
BRH:12
end_of_record
TN:
SF:src/fsa-to-node/FsaNodeStats.ts
FN:8,(anonymous_0)
FN:30,(anonymous_1)
FN:33,(anonymous_2)
FN:36,(anonymous_3)
FN:39,(anonymous_4)
FN:42,(anonymous_5)
FN:45,(anonymous_6)
FN:48,(anonymous_7)
FNF:8
FNH:3
FNDA:977,(anonymous_0)
FNDA:690,(anonymous_1)
FNDA:236,(anonymous_2)
FNDA:0,(anonymous_3)
FNDA:0,(anonymous_4)
FNDA:0,(anonymous_5)
FNDA:0,(anonymous_6)
FNDA:0,(anonymous_7)
DA:2,2
DA:3,2
DA:4,2
DA:5,2
DA:6,2
DA:9,977
DA:10,977
DA:11,977
DA:12,977
DA:13,977
DA:14,977
DA:15,977
DA:16,977
DA:17,977
DA:18,977
DA:19,977
DA:20,977
DA:21,977
DA:22,977
DA:23,977
DA:24,977
DA:25,977
DA:26,977
DA:27,977
DA:28,977
DA:31,690
DA:34,236
DA:37,0
DA:40,0
DA:43,0
DA:46,0
DA:49,0
DA:52,2
LF:33
LH:28
BRDA:5,0,0,2
BRDA:5,0,1,0
BRDA:10,1,0,0
BRDA:10,1,1,977
BRF:4
BRH:2
end_of_record
TN:
SF:src/fsa-to-node/FsaNodeWriteStream.ts
FN:31,(anonymous_0)
FN:49,(anonymous_1)
FN:64,(anonymous_2)
FN:68,(anonymous_3)
FN:69,(anonymous_4)
FN:80,(anonymous_5)
FN:82,(anonymous_6)
FN:84,(anonymous_7)
FN:102,(anonymous_8)
FN:105,(anonymous_9)
FN:108,(anonymous_10)
FN:111,(anonymous_11)
FN:114,(anonymous_12)
FN:116,(anonymous_13)
FN:120,(anonymous_14)
FN:125,(anonymous_15)
FN:126,(anonymous_16)
FN:128,(anonymous_17)
FN:132,(anonymous_18)
FN:137,(anonymous_19)
FN:139,(anonymous_20)
FN:143,(anonymous_21)
FNF:22
FNH:14
FNDA:14,(anonymous_0)
FNDA:12,(anonymous_1)
FNDA:0,(anonymous_2)
FNDA:17,(anonymous_3)
FNDA:17,(anonymous_4)
FNDA:12,(anonymous_5)
FNDA:12,(anonymous_6)
FNDA:0,(anonymous_7)
FNDA:6,(anonymous_8)
FNDA:0,(anonymous_9)
FNDA:0,(anonymous_10)
FNDA:0,(anonymous_11)
FNDA:15,(anonymous_12)
FNDA:15,(anonymous_13)
FNDA:0,(anonymous_14)
FNDA:2,(anonymous_15)
FNDA:4,(anonymous_16)
FNDA:2,(anonymous_17)
FNDA:0,(anonymous_18)
FNDA:12,(anonymous_19)
FNDA:12,(anonymous_20)
FNDA:0,(anonymous_21)
DA:2,2
DA:3,2
DA:4,2
DA:5,2
DA:6,2
DA:7,2
DA:8,2
DA:32,14
DA:33,14
DA:34,14
DA:35,14
DA:36,14
DA:37,14
DA:38,14
DA:39,14
DA:40,6
DA:41,1
DA:43,5
DA:44,1
DA:47,12
DA:48,12
DA:49,12
DA:50,12
DA:51,12
DA:52,12
DA:53,9
DA:54,12
DA:55,12
DA:56,12
DA:57,12
DA:58,5
DA:59,5
DA:60,4
DA:62,12
DA:63,12
DA:65,0
DA:69,17
DA:70,17
DA:71,0
DA:73,17
DA:74,17
DA:75,19
DA:76,19
DA:81,12
DA:82,12
DA:83,12
DA:84,0
DA:85,0
DA:87,12
DA:88,12
DA:89,12
DA:90,12
DA:91,12
DA:92,12
DA:95,0
DA:96,0
DA:97,0
DA:103,6
DA:106,0
DA:109,0
DA:110,0
DA:111,0
DA:115,15
DA:117,15
DA:118,15
DA:121,0
DA:122,0
DA:126,4
DA:127,2
DA:129,2
DA:130,2
DA:133,0
DA:134,0
DA:138,12
DA:140,12
DA:141,12
DA:144,0
DA:145,0
DA:149,2
LF:79
LH:62
BRDA:39,0,0,6
BRDA:39,0,1,8
BRDA:40,1,0,1
BRDA:40,1,1,5
BRDA:43,2,0,1
BRDA:43,2,1,4
BRDA:52,3,0,9
BRDA:52,3,1,3
BRDA:54,4,0,12
BRDA:54,4,1,0
BRDA:55,5,0,5
BRDA:55,5,1,7
BRDA:57,6,0,5
BRDA:57,6,1,7
BRDA:58,7,0,5
BRDA:58,7,1,1
BRDA:59,8,0,4
BRDA:59,8,1,1
BRDA:70,9,0,0
BRDA:70,9,1,17
BRDA:83,10,0,0
BRDA:83,10,1,12
BRDA:83,11,0,12
BRDA:83,11,1,0
BRDA:91,12,0,12
BRDA:91,12,1,0
BRDA:96,13,0,0
BRDA:96,13,1,0
BRDA:109,14,0,0
BRDA:109,14,1,0
BRDA:117,15,0,15
BRDA:117,15,1,0
BRDA:121,16,0,0
BRDA:121,16,1,0
BRDA:129,17,0,2
BRDA:129,17,1,0
BRDA:133,18,0,0
BRDA:133,18,1,0
BRDA:140,19,0,12
BRDA:140,19,1,0
BRDA:144,20,0,0
BRDA:144,20,1,0
BRF:42
BRH:24
end_of_record
TN:
SF:src/fsa-to-node/index.ts
FN:5,(anonymous_0)
FN:7,(anonymous_1)
FNF:2
FNH:1
FNDA:216,(anonymous_0)
FNDA:0,(anonymous_1)
DA:2,1
DA:3,1
DA:4,1
DA:5,216
DA:6,1
DA:7,1
LF:6
LH:6
BRF:0
BRH:0
end_of_record
TN:
SF:src/fsa-to-node/json.ts
FNF:0
FNH:0
DA:2,1
DA:3,1
DA:4,1
DA:5,1
DA:6,1
DA:7,1
LF:6
LH:6
BRF:0
BRH:0
end_of_record
TN:
SF:src/fsa-to-node/util.ts
FN:4,(anonymous_0)
FN:17,(anonymous_1)
FNF:2
FNH:2
FNDA:3102,(anonymous_0)
FNDA:2,(anonymous_1)
DA:2,3
DA:3,3
DA:4,3
DA:5,3102
DA:6,3090
DA:7,3102
DA:8,114
DA:9,3102
DA:10,3102
DA:11,1232
DA:12,1870
DA:13,1870
DA:14,1870
DA:16,3
DA:17,3
DA:18,2
DA:19,2
DA:20,2
DA:21,1
DA:24,1
DA:27,2
DA:28,2
DA:33,3
LF:23
LH:23
BRDA:5,0,0,3090
BRDA:5,0,1,12
BRDA:7,1,0,114
BRDA:7,1,1,2988
BRDA:10,2,0,1232
BRDA:10,2,1,1870
BRF:6
BRH:6
end_of_record
TN:
SF:src/fsa-to-node/worker/FsaNodeSyncAdapterWorker.ts
FN:9,(anonymous_0)
FN:15,(anonymous_1)
FN:41,(anonymous_2)
FN:45,(anonymous_3)
FNF:4
FNH:0
FNDA:0,(anonymous_0)
FNDA:0,(anonymous_1)
FNDA:0,(anonymous_2)
FNDA:0,(anonymous_3)
DA:2,1
DA:3,1
DA:4,1
DA:5,1
DA:6,1
DA:7,1
DA:10,0
DA:11,0
DA:12,0
DA:13,0
DA:14,0
DA:15,0
DA:16,0
DA:17,0
DA:18,0
DA:19,0
DA:20,0
DA:21,0
DA:23,0
DA:24,0
DA:25,0
DA:26,0
DA:27,0
DA:30,0
DA:31,0
DA:32,0
DA:33,0
DA:34,0
DA:35,0
DA:39,0
DA:42,0
DA:43,0
DA:46,0
DA:47,0
DA:48,0
DA:49,0
DA:50,0
DA:52,0
DA:54,0
DA:56,0
DA:61,1
LF:41
LH:7
BRDA:17,0,0,0
BRDA:17,0,1,0
BRDA:21,1,0,0
BRDA:21,1,1,0
BRDA:31,2,0,0
BRDA:31,2,1,0
BRDA:50,3,0,0
BRDA:50,3,1,0
BRDA:50,3,2,0
BRF:9
BRH:0
end_of_record
TN:
SF:src/fsa-to-node/worker/SyncMessenger.ts
FN:8,(anonymous_0)
FN:30,(anonymous_1)
FN:37,(anonymous_2)
FN:45,(anonymous_3)
FN:50,(anonymous_4)
FN:52,(anonymous_5)
FN:68,(anonymous_6)
FNF:7
FNH:0
FNDA:0,(anonymous_0)
FNDA:0,(anonymous_1)
FNDA:0,(anonymous_2)
FNDA:0,(anonymous_3)
FNDA:0,(anonymous_4)
FNDA:0,(anonymous_5)
FNDA:0,(anonymous_6)
DA:2,1
DA:3,1
DA:8,1
DA:9,0
DA:10,0
DA:11,0
DA:12,0
DA:13,0
DA:31,0
DA:32,0
DA:33,0
DA:34,0
DA:35,0
DA:38,0
DA:39,0
DA:40,0
DA:41,0
DA:42,0
DA:43,0
DA:44,0
DA:45,0
DA:46,0
DA:47,0
DA:48,0
DA:51,0
DA:52,0
DA:53,0
DA:54,0
DA:55,0
DA:56,0
DA:57,0
DA:58,0
DA:59,0
DA:60,0
DA:61,0
DA:62,0
DA:63,0
DA:64,0
DA:67,0
DA:71,1
LF:40
LH:4
BRDA:8,0,0,0
BRDA:12,1,0,0
BRDA:12,1,1,0
BRDA:56,2,0,0
BRDA:56,2,1,0
BRF:5
BRH:0
end_of_record
TN:
SF:src/internal/buffer.ts
FN:5,(anonymous_0)
FNF:1
FNH:1
FNDA:1077,(anonymous_0)
DA:2,11
DA:3,11
DA:4,11
DA:5,1077
LF:4
LH:4
BRF:0
BRH:0
end_of_record
TN:
SF:src/node-to-crud/NodeCrud.ts
FN:8,(anonymous_0)
FN:10,(anonymous_1)
FN:46,(anonymous_2)
FN:66,(anonymous_3)
FN:86,(anonymous_4)
FN:135,(anonymous_5)
FN:154,(anonymous_6)
FN:173,(anonymous_7)
FN:179,(anonymous_8)
FN:200,(anonymous_9)
FNF:10
FNH:9
FNDA:164,(anonymous_0)
FNDA:200,(anonymous_1)
FNDA:36,(anonymous_2)
FNDA:34,(anonymous_3)
FNDA:44,(anonymous_4)
FNDA:20,(anonymous_5)
FNDA:24,(anonymous_6)
FNDA:12,(anonymous_7)
FNDA:0,(anonymous_8)
FNDA:122,(anonymous_9)
DA:2,3
DA:3,3
DA:4,3
DA:5,3
DA:6,3
DA:9,164
DA:10,164
DA:11,200
DA:12,196
DA:13,192
DA:14,192
DA:15,192
DA:16,156
DA:17,192
DA:18,192
DA:20,8
DA:21,8
DA:24,4
DA:25,4
DA:26,0
DA:28,4
DA:31,8
DA:32,8
DA:35,4
DA:36,4
DA:37,0
DA:39,4
DA:42,176
DA:46,164
DA:47,36
DA:48,32
DA:49,28
DA:50,22
DA:51,22
DA:52,22
DA:53,22
DA:54,14
DA:57,8
DA:58,8
DA:60,8
DA:63,0
DA:66,164
DA:67,34
DA:68,30
DA:69,26
DA:70,26
DA:71,14
DA:72,14
DA:75,20
DA:76,10
DA:77,10
DA:78,10
DA:80,4
DA:83,6
DA:86,164
DA:87,44
DA:88,40
DA:89,24
DA:90,20
DA:91,14
DA:92,14
DA:93,8
DA:94,0
DA:95,8
DA:103,6
DA:104,6
DA:106,6
DA:109,0
DA:113,16
DA:114,12
DA:115,12
DA:116,12
DA:117,0
DA:118,12
DA:124,0
DA:125,0
DA:128,0
DA:131,0
DA:135,164
DA:136,20
DA:137,16
DA:138,16
DA:139,8
DA:140,8
DA:141,4
DA:142,4
DA:143,12
DA:146,4
DA:150,8
DA:151,4
DA:154,164
DA:155,24
DA:156,16
DA:157,8
DA:158,8
DA:159,24
DA:160,16
DA:165,8
DA:166,8
DA:173,164
DA:174,12
DA:175,12
DA:176,12
DA:177,4
DA:179,164
DA:180,0
DA:181,0
DA:182,0
DA:183,0
DA:184,0
DA:185,0
DA:186,0
DA:192,164
DA:193,164
DA:194,164
DA:195,164
DA:196,10
DA:197,164
DA:198,164
DA:201,122
DA:202,122
DA:203,122
DA:204,122
DA:205,78
DA:206,0
DA:207,78
DA:210,44
DA:211,44
DA:214,44
DA:217,0
DA:221,3
LF:131
LH:112
BRDA:13,0,0,156
BRDA:13,0,1,36
BRDA:15,1,0,156
BRDA:15,1,1,36
BRDA:18,2,0,8
BRDA:18,2,1,8
BRDA:18,2,2,176
BRDA:24,3,0,4
BRDA:24,3,1,0
BRDA:24,4,0,4
BRDA:24,4,1,4
BRDA:24,4,2,4
BRDA:35,5,0,4
BRDA:35,5,1,0
BRDA:35,6,0,4
BRDA:35,6,1,4
BRDA:35,6,2,4
BRDA:57,7,0,8
BRDA:57,7,1,0
BRDA:57,8,0,8
BRDA:57,8,1,8
BRDA:58,9,0,8
BRDA:75,10,0,10
BRDA:75,10,1,10
BRDA:77,11,0,10
BRDA:77,11,1,0
BRDA:77,12,0,10
BRDA:77,12,1,10
BRDA:78,13,0,4
BRDA:88,14,0,24
BRDA:88,14,1,16
BRDA:93,15,0,0
BRDA:93,15,1,8
BRDA:103,16,0,6
BRDA:103,16,1,0
BRDA:103,17,0,6
BRDA:103,17,1,6
BRDA:104,18,0,6
BRDA:116,19,0,0
BRDA:116,19,1,12
BRDA:124,20,0,0
BRDA:124,20,1,0
BRDA:124,21,0,0
BRDA:124,21,1,0
BRDA:125,22,0,0
BRDA:125,22,1,0
BRDA:140,23,0,4
BRDA:140,23,1,4
BRDA:150,24,0,4
BRDA:150,24,1,4
BRDA:159,25,0,16
BRDA:159,25,1,8
BRDA:165,26,0,8
BRDA:165,26,1,0
BRDA:181,27,0,0
BRDA:181,27,1,0
BRDA:183,28,0,0
BRDA:183,28,1,0
BRDA:192,29,0,164
BRDA:192,29,1,164
BRDA:195,30,0,10
BRDA:195,30,1,154
BRDA:201,31,0,110
BRDA:201,31,1,12
BRDA:205,32,0,0
BRDA:205,32,1,78
BRDA:210,33,0,44
BRDA:210,33,1,0
BRDA:210,34,0,44
BRDA:210,34,1,44
BRDA:211,35,0,44
BRDA:211,35,1,44
BRF:72
BRH:52
end_of_record
TN:
SF:src/node-to-crud/index.ts
FN:5,(anonymous_0)
FNF:1
FNH:1
FNDA:108,(anonymous_0)
DA:2,1
DA:3,1
DA:4,1
DA:5,108
LF:4
LH:4
BRF:0
BRH:0
end_of_record
TN:
SF:src/node-to-fsa/NodeFileSystemDirectoryHandle.ts
FN:11,(anonymous_0)
FN:23,(anonymous_1)
FN:31,(anonymous_2)
FN:50,(anonymous_3)
FN:64,(anonymous_4)
FN:103,(anonymous_5)
FN:142,(anonymous_6)
FN:185,(anonymous_7)
FNF:8
FNH:8
FNDA:5178,(anonymous_0)
FNDA:17,(anonymous_1)
FNDA:29,(anonymous_2)
FNDA:4,(anonymous_3)
FNDA:4648,(anonymous_4)
FNDA:3281,(anonymous_5)
FNDA:374,(anonymous_6)
FNDA:5,(anonymous_7)
DA:2,10
DA:3,10
DA:4,10
DA:5,10
DA:6,10
DA:12,5178
DA:13,5178
DA:14,5178
DA:15,5178
DA:24,17
DA:25,17
DA:26,41
DA:32,29
DA:33,29
DA:34,29
DA:35,71
DA:36,71
DA:37,71
DA:38,71
DA:39,26
DA:40,45
DA:41,45
DA:51,4
DA:52,4
DA:65,4648
DA:66,4633
DA:67,4633
DA:68,4633
DA:69,4183
DA:70,3
DA:71,4180
DA:74,453
DA:75,3
DA:76,450
DA:77,450
DA:79,450
DA:80,405
DA:81,404
DA:82,404
DA:84,45
DA:88,0
DA:91,0
DA:104,3281
DA:105,3265
DA:106,3265
DA:107,3265
DA:108,1752
DA:109,747
DA:110,1005
DA:113,2260
DA:114,747
DA:115,1513
DA:116,1513
DA:118,1513
DA:119,691
DA:120,689
DA:121,689
DA:123,822
DA:127,0
DA:130,0
DA:143,374
DA:144,371
DA:145,355
DA:146,355
DA:147,355
DA:148,355
DA:149,349
DA:150,295
DA:152,54
DA:153,54
DA:156,0
DA:159,10
DA:160,0
DA:161,10
DA:162,10
DA:164,6
DA:168,0
DA:170,4
DA:173,0
DA:186,5
DA:188,5
DA:189,5
DA:190,5
DA:191,1
DA:192,4
DA:193,4
DA:194,1
DA:195,3
DA:196,3
DA:197,0
DA:198,3
DA:200,0
DA:203,10
LF:93
LH:83
BRDA:11,0,0,0
BRDA:12,1,0,5178
BRDA:12,1,1,568
BRDA:15,2,0,484
BRDA:15,2,1,4694
BRDA:38,3,0,26
BRDA:38,3,1,45
BRDA:40,4,0,45
BRDA:40,4,1,0
BRDA:69,5,0,3
BRDA:69,5,1,4180
BRDA:74,6,0,3
BRDA:74,6,1,450
BRDA:76,7,0,450
BRDA:76,7,1,0
BRDA:76,8,0,450
BRDA:76,8,1,450
BRDA:77,9,0,450
BRDA:77,9,1,0
BRDA:77,9,2,0
BRDA:79,10,0,405
BRDA:79,10,1,45
BRDA:108,11,0,747
BRDA:108,11,1,1005
BRDA:113,12,0,747
BRDA:113,12,1,1513
BRDA:115,13,0,1513
BRDA:115,13,1,0
BRDA:115,14,0,1513
BRDA:115,14,1,1513
BRDA:116,15,0,1513
BRDA:116,15,1,0
BRDA:116,15,2,0
BRDA:118,16,0,691
BRDA:118,16,1,822
BRDA:142,17,0,316
BRDA:142,18,0,316
BRDA:149,19,0,295
BRDA:149,19,1,54
BRDA:152,20,0,54
BRDA:152,20,1,0
BRDA:159,21,0,0
BRDA:159,21,1,10
BRDA:161,22,0,10
BRDA:161,22,1,0
BRDA:161,23,0,10
BRDA:161,23,1,10
BRDA:162,24,0,6
BRDA:162,24,1,0
BRDA:162,24,2,0
BRDA:162,24,3,4
BRDA:186,25,0,5
BRDA:186,25,1,0
BRDA:186,26,0,5
BRDA:186,26,1,3
BRDA:190,27,0,1
BRDA:190,27,1,4
BRDA:193,28,0,1
BRDA:193,28,1,3
BRDA:196,29,0,0
BRDA:196,29,1,3
BRF:61
BRH:46
end_of_record
TN:
SF:src/node-to-fsa/NodeFileSystemFileHandle.ts
FN:9,(anonymous_0)
FN:22,(anonymous_1)
FN:48,(anonymous_2)
FN:51,(anonymous_3)
FN:56,(anonymous_4)
FNF:5
FNH:5
FNDA:1739,(anonymous_0)
FNDA:617,(anonymous_1)
FNDA:12,(anonymous_2)
FNDA:12,(anonymous_3)
FNDA:1007,(anonymous_4)
DA:2,10
DA:3,10
DA:4,10
DA:5,10
DA:6,10
DA:7,10
DA:10,1739
DA:11,1739
DA:12,1739
DA:13,1739
DA:14,1739
DA:23,617
DA:24,617
DA:25,617
DA:26,617
DA:28,617
DA:29,617
DA:30,617
DA:33,0
DA:34,0
DA:35,0
DA:36,0
DA:39,0
DA:42,0
DA:49,12
DA:50,0
DA:51,12
DA:57,1007
DA:58,1005
DA:61,10
LF:30
LH:23
BRDA:9,0,0,0
BRDA:33,1,0,0
BRDA:33,1,1,0
BRDA:35,2,0,0
BRDA:35,2,1,0
BRDA:35,3,0,0
BRDA:35,3,1,0
BRDA:36,4,0,0
BRDA:36,4,1,0
BRDA:49,5,0,0
BRDA:49,5,1,12
BRDA:56,6,0,182
BRDA:56,7,0,0
BRF:13
BRH:2
end_of_record
TN:
SF:src/node-to-fsa/NodeFileSystemHandle.ts
FN:11,(anonymous_0)
FN:20,(anonymous_1)
FN:26,(anonymous_2)
FN:32,(anonymous_3)
FN:38,(anonymous_4)
FNF:5
FNH:2
FNDA:6917,(anonymous_0)
FNDA:7,(anonymous_1)
FNDA:0,(anonymous_2)
FNDA:0,(anonymous_3)
FNDA:0,(anonymous_4)
DA:2,10
DA:3,10
DA:12,6917
DA:13,6917
DA:21,7
DA:27,0
DA:33,0
DA:39,0
DA:42,10
LF:9
LH:6
BRDA:21,0,0,7
BRDA:21,0,1,5
BRDA:32,1,0,0
BRF:3
BRH:2
end_of_record
TN:
SF:src/node-to-fsa/NodeFileSystemSyncAccessHandle.ts
FN:10,(anonymous_0)
FN:19,(anonymous_1)
FN:26,(anonymous_2)
FN:33,(anonymous_3)
FN:39,(anonymous_4)
FN:62,(anonymous_5)
FN:74,(anonymous_6)
FNF:7
FNH:7
FNDA:12,(anonymous_0)
FNDA:3,(anonymous_1)
FNDA:1,(anonymous_2)
FNDA:2,(anonymous_3)
FNDA:4,(anonymous_4)
FNDA:1,(anonymous_5)
FNDA:4,(anonymous_6)
DA:2,10
DA:3,10
DA:4,10
DA:5,10
DA:11,12
DA:12,12
DA:13,12
DA:14,12
DA:20,3
DA:21,3
DA:27,1
DA:28,1
DA:34,2
DA:40,4
DA:41,4
DA:42,4
DA:43,3
DA:46,1
DA:47,0
DA:48,1
DA:49,1
DA:51,1
DA:55,0
DA:63,1
DA:64,1
DA:75,4
DA:76,4
DA:77,4
DA:78,4
DA:81,1
DA:82,0
DA:83,1
DA:84,1
DA:86,1
DA:90,0
DA:94,10
LF:36
LH:32
BRDA:39,0,0,3
BRDA:40,1,0,0
BRDA:40,1,1,4
BRDA:42,2,0,4
BRDA:42,2,1,3
BRDA:46,3,0,0
BRDA:46,3,1,1
BRDA:48,4,0,1
BRDA:48,4,1,0
BRDA:48,5,0,1
BRDA:48,5,1,1
BRDA:49,6,0,1
BRDA:74,7,0,3
BRDA:76,8,0,0
BRDA:76,8,1,4
BRDA:78,9,0,4
BRDA:78,9,1,3
BRDA:81,10,0,0
BRDA:81,10,1,1
BRDA:83,11,0,1
BRDA:83,11,1,0
BRDA:83,12,0,1
BRDA:83,12,1,1
BRDA:84,13,0,1
BRF:24
BRH:18
end_of_record
TN:
SF:src/node-to-fsa/NodeFileSystemWritableFileStream.ts
FN:14,(anonymous_0)
FN:52,(anonymous_1)
FN:55,(anonymous_2)
FN:57,(anonymous_3)
FN:62,(anonymous_4)
FN:71,(anonymous_5)
FN:79,(anonymous_6)
FN:97,(anonymous_7)
FN:104,(anonymous_8)
FN:113,(anonymous_9)
FN:122,(anonymous_10)
FNF:11
FNH:11
FNDA:1011,(anonymous_0)
FNDA:1005,(anonymous_1)
FNDA:1005,(anonymous_2)
FNDA:1005,(anonymous_3)
FNDA:1007,(anonymous_4)
FNDA:1004,(anonymous_5)
FNDA:1,(anonymous_6)
FNDA:256,(anonymous_7)
FNDA:6,(anonymous_8)
FNDA:1007,(anonymous_9)
FNDA:1012,(anonymous_10)
DA:2,11
DA:3,11
DA:4,11
DA:14,11
DA:16,1011
DA:17,1011
DA:18,1011
DA:21,242
DA:22,0
DA:24,1011
DA:25,242
DA:26,287
DA:27,287
DA:28,287
DA:29,242
DA:32,45
DA:33,0
DA:37,1011
DA:38,0
DA:39,1011
DA:40,262
DA:41,1011
DA:43,11
DA:53,1005
DA:54,1005
DA:56,1005
DA:57,1005
DA:58,1005
DA:59,1005
DA:60,1005
DA:63,1007
DA:64,1007
DA:65,1007
DA:66,0
DA:67,1007
DA:68,1007
DA:69,1007
DA:72,1004
DA:73,1004
DA:74,1004
DA:75,0
DA:76,1004
DA:77,1004
DA:80,1
DA:81,1
DA:82,1
DA:83,0
DA:84,1
DA:85,1
DA:88,1005
DA:89,1005
DA:90,1005
DA:98,256
DA:105,6
DA:106,6
DA:107,6
DA:108,0
DA:109,6
DA:110,6
DA:111,0
DA:114,1007
DA:115,1007
DA:116,1007
DA:119,1007
DA:123,1012
DA:124,0
DA:125,1012
DA:127,7
DA:130,1005
DA:131,1005
DA:135,281
DA:137,724
DA:138,467
DA:141,257
DA:142,257
DA:144,252
DA:145,249
DA:146,252
DA:149,3
DA:150,0
DA:151,3
DA:152,0
DA:153,3
DA:156,2
DA:157,0
DA:158,2
DA:160,0
DA:167,0
DA:171,11
LF:89
LH:75
BRDA:21,0,0,0
BRDA:21,0,1,242
BRDA:21,1,0,242
BRDA:21,1,1,242
BRDA:21,1,2,242
BRDA:24,2,0,242
BRDA:24,2,1,769
BRDA:32,3,0,0
BRDA:32,3,1,45
BRDA:32,4,0,45
BRDA:32,4,1,45
BRDA:32,4,2,45
BRDA:37,5,0,0
BRDA:37,5,1,1011
BRDA:39,6,0,262
BRDA:39,6,1,749
BRDA:65,7,0,0
BRDA:65,7,1,1007
BRDA:67,8,0,9
BRDA:67,8,1,998
BRDA:67,9,0,0
BRDA:67,9,1,998
BRDA:74,10,0,0
BRDA:74,10,1,1004
BRDA:82,11,0,0
BRDA:82,11,1,1
BRDA:107,12,0,0
BRDA:107,12,1,6
BRDA:110,13,0,0
BRDA:110,13,1,6
BRDA:123,14,0,0
BRDA:123,14,1,1012
BRDA:125,15,0,7
BRDA:125,15,1,1005
BRDA:125,15,2,0
BRDA:131,16,0,281
BRDA:131,16,1,281
BRDA:131,16,2,281
BRDA:131,16,3,724
BRDA:137,17,0,467
BRDA:137,17,1,257
BRDA:142,18,0,252
BRDA:142,18,1,3
BRDA:142,18,2,2
BRDA:142,18,3,0
BRDA:144,19,0,249
BRDA:144,19,1,3
BRDA:149,20,0,0
BRDA:149,20,1,3
BRDA:151,21,0,0
BRDA:151,21,1,3
BRDA:156,22,0,0
BRDA:156,22,1,2
BRF:53
BRH:38
end_of_record
TN:
SF:src/node-to-fsa/index.ts
FN:10,(anonymous_0)
FNF:1
FNH:1
FNDA:84,(anonymous_0)
DA:2,6
DA:3,6
DA:4,6
DA:5,6
DA:6,6
DA:7,6
DA:8,6
DA:9,6
DA:10,6
DA:11,84
DA:13,6
LF:11
LH:11
BRF:0
BRH:0
end_of_record
TN:
SF:src/node-to-fsa/types.ts
FNF:0
FNH:0
DA:2,6
LF:1
LH:1
BRF:0
BRH:0
end_of_record
TN:
SF:src/node-to-fsa/util.ts
FN:7,(anonymous_0)
FN:16,(anonymous_1)
FN:24,(anonymous_2)
FN:30,(anonymous_3)
FN:35,(anonymous_4)
FN:37,(anonymous_5)
FN:39,(anonymous_6)
FNF:7
FNH:6
FNDA:6917,(anonymous_0)
FNDA:6931,(anonymous_1)
FNDA:9742,(anonymous_2)
FNDA:2486,(anonymous_3)
FNDA:873,(anonymous_4)
FNDA:750,(anonymous_5)
FNDA:0,(anonymous_6)
DA:2,12
DA:3,12
DA:7,12
DA:8,6917
DA:15,12
DA:16,12
DA:17,6931
DA:18,486
DA:19,6931
DA:20,6931
DA:22,12
DA:23,12
DA:24,12
DA:25,9742
DA:26,9742
DA:27,135
DA:29,12
DA:30,12
DA:31,2486
DA:32,8
DA:34,12
DA:35,873
DA:36,12
DA:37,750
DA:38,12
DA:39,12
DA:40,12
LF:27
LH:27
BRDA:7,0,0,0
BRDA:17,1,0,486
BRDA:17,1,1,6445
BRDA:20,2,0,488
BRDA:20,2,1,6443
BRDA:25,3,0,9742
BRDA:25,3,1,9708
BRDA:26,4,0,135
BRDA:26,4,1,9607
BRDA:31,5,0,8
BRDA:31,5,1,2478
BRF:11
BRH:10
end_of_record
TN:
SF:src/snapshot/async.ts
FN:4,(anonymous_0)
FN:33,(anonymous_1)
FNF:2
FNH:2
FNDA:125,(anonymous_0)
FNDA:45,(anonymous_1)
DA:2,3
DA:3,3
DA:4,3
DA:5,125
DA:6,125
DA:7,58
DA:8,58
DA:9,58
DA:10,58
DA:11,114
DA:12,114
DA:13,114
DA:15,58
DA:17,67
DA:18,58
DA:19,58
DA:20,58
DA:22,9
DA:23,9
DA:30,0
DA:32,3
DA:33,3
DA:34,45
DA:35,0
DA:36,45
DA:38,21
DA:39,21
DA:40,21
DA:41,21
DA:42,21
DA:43,42
DA:44,21
DA:47,21
DA:48,21
DA:49,21
DA:52,3
DA:53,3
DA:54,3
DA:58,3
LF:39
LH:37
BRDA:4,0,0,0
BRDA:4,1,0,11
BRDA:6,2,0,58
BRDA:6,2,1,67
BRDA:9,3,0,1
BRDA:9,3,1,57
BRDA:12,4,0,114
BRDA:12,4,1,0
BRDA:17,5,0,58
BRDA:17,5,1,9
BRDA:22,6,0,9
BRDA:22,6,1,0
BRDA:33,7,0,0
BRDA:33,8,0,3
BRDA:34,9,0,0
BRDA:34,9,1,45
BRDA:36,10,0,21
BRDA:36,10,1,21
BRDA:36,10,2,3
BRDA:38,11,0,21
BRDA:38,11,1,0
BRF:21
BRH:15
end_of_record
TN:
SF:src/snapshot/binary.ts
FN:11,(anonymous_0)
FN:16,(anonymous_1)
FN:21,(anonymous_2)
FN:26,(anonymous_3)
FNF:4
FNH:4
FNDA:3,(anonymous_0)
FNDA:1,(anonymous_1)
FNDA:3,(anonymous_2)
FNDA:1,(anonymous_3)
DA:2,1
DA:3,1
DA:4,1
DA:5,1
DA:6,1
DA:7,1
DA:8,1
DA:9,1
DA:10,1
DA:11,1
DA:12,3
DA:13,3
DA:15,1
DA:16,1
DA:17,1
DA:18,1
DA:20,1
DA:21,1
DA:22,3
DA:23,3
DA:25,1
DA:26,1
DA:27,1
DA:28,1
DA:30,1
LF:25
LH:25
BRF:0
BRH:0
end_of_record
TN:
SF:src/snapshot/json.ts
FN:11,(anonymous_0)
FN:16,(anonymous_1)
FN:21,(anonymous_2)
FN:26,(anonymous_3)
FNF:4
FNH:4
FNDA:4,(anonymous_0)
FNDA:1,(anonymous_1)
FNDA:3,(anonymous_2)
FNDA:1,(anonymous_3)
DA:2,1
DA:3,1
DA:4,1
DA:5,1
DA:6,1
DA:7,1
DA:8,1
DA:9,1
DA:10,1
DA:11,1
DA:12,4
DA:13,4
DA:15,1
DA:16,1
DA:17,1
DA:18,1
DA:20,1
DA:21,1
DA:22,3
DA:23,3
DA:25,1
DA:26,1
DA:27,1
DA:28,1
DA:30,1
LF:25
LH:25
BRF:0
BRH:0
end_of_record
TN:
SF:src/snapshot/shared.ts
FNF:0
FNH:0
DA:2,2
DA:3,2
DA:4,2
DA:5,2
LF:4
LH:4
BRF:0
BRH:0
end_of_record
TN:
SF:src/snapshot/sync.ts
FN:4,(anonymous_0)
FN:33,(anonymous_1)
FNF:2
FNH:2
FNDA:140,(anonymous_0)
FNDA:45,(anonymous_1)
DA:2,3
DA:3,3
DA:4,3
DA:5,140
DA:6,140
DA:7,65
DA:8,65
DA:9,65
DA:10,65
DA:11,128
DA:12,128
DA:13,128
DA:15,65
DA:17,75
DA:18,65
DA:19,65
DA:20,65
DA:22,10
DA:23,10
DA:30,0
DA:32,3
DA:33,3
DA:34,45
DA:35,0
DA:36,45
DA:38,21
DA:39,21
DA:40,21
DA:41,21
DA:42,21
DA:43,42
DA:44,21
DA:47,21
DA:48,21
DA:49,21
DA:52,3
DA:53,3
DA:54,3
DA:58,3
LF:39
LH:37
BRDA:4,0,0,0
BRDA:4,1,0,12
BRDA:6,2,0,65
BRDA:6,2,1,75
BRDA:9,3,0,1
BRDA:9,3,1,64
BRDA:12,4,0,128
BRDA:12,4,1,0
BRDA:17,5,0,65
BRDA:17,5,1,10
BRDA:22,6,0,10
BRDA:22,6,1,0
BRDA:33,7,0,0
BRDA:33,8,0,3
BRDA:34,9,0,0
BRDA:34,9,1,45
BRDA:36,10,0,21
BRDA:36,10,1,21
BRDA:36,10,2,3
BRDA:38,11,0,21
BRDA:38,11,1,0
BRF:21
BRH:15
end_of_record
